{"D:\\Github Repositories\\SE Project\\Bazaar\\Frontend\\app\\_layout.tsx": {"path":"D:\\Github Repositories\\SE Project\\Bazaar\\Frontend\\app\\_layout.tsx","statementMap":{"0":{"start":{"line":6,"column":4},"end":{"line":18,"column":6}}},"fnMap":{"0":{"name":"RootLayout","decl":{"start":{"line":5,"column":24},"end":{"line":5,"column":34}},"loc":{"start":{"line":5,"column":37},"end":{"line":19,"column":1}},"line":5}},"branchMap":{},"s":{"0":0},"f":{"0":0},"b":{}}
,"D:\\Github Repositories\\SE Project\\Bazaar\\Frontend\\app\\addresses.tsx": {"path":"D:\\Github Repositories\\SE Project\\Bazaar\\Frontend\\app\\addresses.tsx","statementMap":{"0":{"start":{"line":53,"column":17},"end":{"line":53,"column":36}},"1":{"start":{"line":54,"column":17},"end":{"line":54,"column":28}},"2":{"start":{"line":56,"column":22},"end":{"line":56,"column":45}},"3":{"start":{"line":58,"column":36},"end":{"line":58,"column":59}},"4":{"start":{"line":59,"column":50},"end":{"line":59,"column":79}},"5":{"start":{"line":60,"column":32},"end":{"line":60,"column":46}},"6":{"start":{"line":61,"column":42},"end":{"line":61,"column":57}},"7":{"start":{"line":62,"column":38},"end":{"line":62,"column":53}},"8":{"start":{"line":63,"column":40},"end":{"line":63,"column":56}},"9":{"start":{"line":65,"column":18},"end":{"line":65,"column":68}},"10":{"start":{"line":68,"column":34},"end":{"line":79,"column":4}},"11":{"start":{"line":82,"column":2},"end":{"line":88,"column":19}},"12":{"start":{"line":83,"column":4},"end":{"line":87,"column":5}},"13":{"start":{"line":84,"column":6},"end":{"line":84,"column":22}},"14":{"start":{"line":86,"column":6},"end":{"line":86,"column":23}},"15":{"start":{"line":91,"column":2},"end":{"line":106,"column":3}},"16":{"start":{"line":92,"column":4},"end":{"line":105,"column":5}},"17":{"start":{"line":96,"column":43},"end":{"line":96,"column":56}},"18":{"start":{"line":108,"column":26},"end":{"line":108,"column":37}},"19":{"start":{"line":111,"column":25},"end":{"line":132,"column":3}},"20":{"start":{"line":112,"column":4},"end":{"line":115,"column":5}},"21":{"start":{"line":113,"column":6},"end":{"line":113,"column":23}},"22":{"start":{"line":114,"column":6},"end":{"line":114,"column":12}},"23":{"start":{"line":117,"column":4},"end":{"line":131,"column":5}},"24":{"start":{"line":118,"column":6},"end":{"line":118,"column":22}},"25":{"start":{"line":119,"column":6},"end":{"line":119,"column":28}},"26":{"start":{"line":120,"column":23},"end":{"line":124,"column":8}},"27":{"start":{"line":125,"column":6},"end":{"line":125,"column":33}},"28":{"start":{"line":127,"column":6},"end":{"line":127,"column":55}},"29":{"start":{"line":128,"column":6},"end":{"line":128,"column":54}},"30":{"start":{"line":130,"column":6},"end":{"line":130,"column":23}},"31":{"start":{"line":135,"column":28},"end":{"line":140,"column":3}},"32":{"start":{"line":136,"column":4},"end":{"line":139,"column":6}},"33":{"start":{"line":143,"column":34},"end":{"line":149,"column":3}},"34":{"start":{"line":144,"column":4},"end":{"line":144,"column":24}},"35":{"start":{"line":145,"column":4},"end":{"line":148,"column":6}},"36":{"start":{"line":152,"column":23},"end":{"line":223,"column":3}},"37":{"start":{"line":153,"column":4},"end":{"line":156,"column":5}},"38":{"start":{"line":154,"column":6},"end":{"line":154,"column":72}},"39":{"start":{"line":155,"column":6},"end":{"line":155,"column":13}},"40":{"start":{"line":159,"column":54},"end":{"line":167,"column":5}},"41":{"start":{"line":169,"column":26},"end":{"line":169,"column":76}},"42":{"start":{"line":169,"column":59},"end":{"line":169,"column":75}},"43":{"start":{"line":171,"column":4},"end":{"line":174,"column":5}},"44":{"start":{"line":172,"column":6},"end":{"line":172,"column":79}},"45":{"start":{"line":173,"column":6},"end":{"line":173,"column":13}},"46":{"start":{"line":176,"column":4},"end":{"line":176,"column":31}},"47":{"start":{"line":178,"column":4},"end":{"line":222,"column":5}},"48":{"start":{"line":179,"column":6},"end":{"line":179,"column":26}},"49":{"start":{"line":181,"column":23},"end":{"line":181,"column":47}},"50":{"start":{"line":183,"column":6},"end":{"line":199,"column":7}},"51":{"start":{"line":185,"column":8},"end":{"line":190,"column":11}},"52":{"start":{"line":193,"column":8},"end":{"line":198,"column":11}},"53":{"start":{"line":202,"column":6},"end":{"line":213,"column":9}},"54":{"start":{"line":214,"column":6},"end":{"line":214,"column":32}},"55":{"start":{"line":215,"column":6},"end":{"line":215,"column":29}},"56":{"start":{"line":216,"column":6},"end":{"line":216,"column":23}},"57":{"start":{"line":218,"column":6},"end":{"line":218,"column":52}},"58":{"start":{"line":219,"column":6},"end":{"line":219,"column":53}},"59":{"start":{"line":221,"column":6},"end":{"line":221,"column":27}},"60":{"start":{"line":225,"column":28},"end":{"line":270,"column":3}},"61":{"start":{"line":226,"column":4},"end":{"line":230,"column":5}},"62":{"start":{"line":227,"column":6},"end":{"line":227,"column":75}},"63":{"start":{"line":228,"column":6},"end":{"line":228,"column":28}},"64":{"start":{"line":229,"column":6},"end":{"line":229,"column":13}},"65":{"start":{"line":232,"column":4},"end":{"line":232,"column":21}},"66":{"start":{"line":233,"column":4},"end":{"line":269,"column":5}},"67":{"start":{"line":235,"column":23},"end":{"line":239,"column":8}},"68":{"start":{"line":241,"column":22},"end":{"line":241,"column":35}},"69":{"start":{"line":244,"column":6},"end":{"line":255,"column":9}},"70":{"start":{"line":258,"column":6},"end":{"line":258,"column":35}},"71":{"start":{"line":261,"column":6},"end":{"line":261,"column":28}},"72":{"start":{"line":263,"column":6},"end":{"line":263,"column":37}},"73":{"start":{"line":265,"column":6},"end":{"line":265,"column":60}},"74":{"start":{"line":266,"column":6},"end":{"line":266,"column":81}},"75":{"start":{"line":268,"column":6},"end":{"line":268,"column":24}},"76":{"start":{"line":272,"column":30},"end":{"line":317,"column":3}},"77":{"start":{"line":273,"column":4},"end":{"line":277,"column":5}},"78":{"start":{"line":274,"column":6},"end":{"line":274,"column":77}},"79":{"start":{"line":275,"column":6},"end":{"line":275,"column":28}},"80":{"start":{"line":276,"column":6},"end":{"line":276,"column":13}},"81":{"start":{"line":280,"column":4},"end":{"line":316,"column":6}},"82":{"start":{"line":291,"column":12},"end":{"line":311,"column":13}},"83":{"start":{"line":292,"column":14},"end":{"line":292,"column":31}},"84":{"start":{"line":293,"column":31},"end":{"line":297,"column":16}},"85":{"start":{"line":299,"column":14},"end":{"line":305,"column":15}},"86":{"start":{"line":301,"column":16},"end":{"line":301,"column":39}},"87":{"start":{"line":302,"column":16},"end":{"line":302,"column":71}},"88":{"start":{"line":304,"column":16},"end":{"line":304,"column":62}},"89":{"start":{"line":307,"column":14},"end":{"line":307,"column":60}},"90":{"start":{"line":308,"column":14},"end":{"line":308,"column":82}},"91":{"start":{"line":310,"column":14},"end":{"line":310,"column":32}},"92":{"start":{"line":319,"column":2},"end":{"line":525,"column":3}},"93":{"start":{"line":326,"column":41},"end":{"line":326,"column":54}},"94":{"start":{"line":345,"column":72},"end":{"line":345,"column":93}},"95":{"start":{"line":356,"column":72},"end":{"line":356,"column":93}},"96":{"start":{"line":363,"column":16},"end":{"line":368,"column":18}},"97":{"start":{"line":371,"column":72},"end":{"line":371,"column":93}},"98":{"start":{"line":384,"column":30},"end":{"line":384,"column":52}},"99":{"start":{"line":390,"column":47},"end":{"line":390,"column":69}},"100":{"start":{"line":401,"column":20},"end":{"line":406,"column":22}},"101":{"start":{"line":402,"column":53},"end":{"line":402,"column":84}},"102":{"start":{"line":403,"column":53},"end":{"line":403,"column":84}},"103":{"start":{"line":404,"column":54},"end":{"line":404,"column":86}},"104":{"start":{"line":429,"column":42},"end":{"line":429,"column":73}},"105":{"start":{"line":441,"column":42},"end":{"line":441,"column":80}},"106":{"start":{"line":452,"column":42},"end":{"line":452,"column":81}},"107":{"start":{"line":463,"column":42},"end":{"line":463,"column":73}},"108":{"start":{"line":474,"column":42},"end":{"line":474,"column":74}},"109":{"start":{"line":486,"column":42},"end":{"line":486,"column":79}},"110":{"start":{"line":497,"column":42},"end":{"line":497,"column":76}},"111":{"start":{"line":505,"column":35},"end":{"line":505,"column":86}},"112":{"start":{"line":539,"column":2},"end":{"line":576,"column":3}},"113":{"start":{"line":561,"column":25},"end":{"line":561,"column":44}},"114":{"start":{"line":569,"column":25},"end":{"line":569,"column":46}},"115":{"start":{"line":579,"column":15},"end":{"line":812,"column":2}}},"fnMap":{"0":{"name":"AddressScreen","decl":{"start":{"line":52,"column":24},"end":{"line":52,"column":37}},"loc":{"start":{"line":52,"column":40},"end":{"line":526,"column":1}},"line":52},"1":{"name":"(anonymous_1)","decl":{"start":{"line":82,"column":12},"end":{"line":82,"column":13}},"loc":{"start":{"line":82,"column":18},"end":{"line":88,"column":3}},"line":82},"2":{"name":"(anonymous_2)","decl":{"start":{"line":96,"column":37},"end":{"line":96,"column":38}},"loc":{"start":{"line":96,"column":43},"end":{"line":96,"column":56}},"line":96},"3":{"name":"(anonymous_3)","decl":{"start":{"line":111,"column":25},"end":{"line":111,"column":26}},"loc":{"start":{"line":111,"column":37},"end":{"line":132,"column":3}},"line":111},"4":{"name":"(anonymous_4)","decl":{"start":{"line":135,"column":28},"end":{"line":135,"column":29}},"loc":{"start":{"line":135,"column":87},"end":{"line":140,"column":3}},"line":135},"5":{"name":"(anonymous_5)","decl":{"start":{"line":143,"column":34},"end":{"line":143,"column":35}},"loc":{"start":{"line":143,"column":52},"end":{"line":149,"column":3}},"line":143},"6":{"name":"(anonymous_6)","decl":{"start":{"line":152,"column":23},"end":{"line":152,"column":24}},"loc":{"start":{"line":152,"column":35},"end":{"line":223,"column":3}},"line":152},"7":{"name":"(anonymous_7)","decl":{"start":{"line":169,"column":48},"end":{"line":169,"column":49}},"loc":{"start":{"line":169,"column":59},"end":{"line":169,"column":75}},"line":169},"8":{"name":"(anonymous_8)","decl":{"start":{"line":225,"column":28},"end":{"line":225,"column":29}},"loc":{"start":{"line":225,"column":57},"end":{"line":270,"column":3}},"line":225},"9":{"name":"(anonymous_9)","decl":{"start":{"line":272,"column":30},"end":{"line":272,"column":31}},"loc":{"start":{"line":272,"column":59},"end":{"line":317,"column":3}},"line":272},"10":{"name":"(anonymous_10)","decl":{"start":{"line":290,"column":19},"end":{"line":290,"column":20}},"loc":{"start":{"line":290,"column":31},"end":{"line":312,"column":11}},"line":290},"11":{"name":"(anonymous_11)","decl":{"start":{"line":326,"column":35},"end":{"line":326,"column":36}},"loc":{"start":{"line":326,"column":41},"end":{"line":326,"column":54}},"line":326},"12":{"name":"(anonymous_12)","decl":{"start":{"line":345,"column":66},"end":{"line":345,"column":67}},"loc":{"start":{"line":345,"column":72},"end":{"line":345,"column":93}},"line":345},"13":{"name":"(anonymous_13)","decl":{"start":{"line":356,"column":66},"end":{"line":356,"column":67}},"loc":{"start":{"line":356,"column":72},"end":{"line":356,"column":93}},"line":356},"14":{"name":"(anonymous_14)","decl":{"start":{"line":362,"column":29},"end":{"line":362,"column":30}},"loc":{"start":{"line":363,"column":16},"end":{"line":368,"column":18}},"line":363},"15":{"name":"(anonymous_15)","decl":{"start":{"line":371,"column":66},"end":{"line":371,"column":67}},"loc":{"start":{"line":371,"column":72},"end":{"line":371,"column":93}},"line":371},"16":{"name":"(anonymous_16)","decl":{"start":{"line":384,"column":24},"end":{"line":384,"column":25}},"loc":{"start":{"line":384,"column":30},"end":{"line":384,"column":52}},"line":384},"17":{"name":"(anonymous_17)","decl":{"start":{"line":390,"column":41},"end":{"line":390,"column":42}},"loc":{"start":{"line":390,"column":47},"end":{"line":390,"column":69}},"line":390},"18":{"name":"(anonymous_18)","decl":{"start":{"line":400,"column":27},"end":{"line":400,"column":28}},"loc":{"start":{"line":400,"column":33},"end":{"line":407,"column":19}},"line":400},"19":{"name":"(anonymous_19)","decl":{"start":{"line":402,"column":47},"end":{"line":402,"column":48}},"loc":{"start":{"line":402,"column":53},"end":{"line":402,"column":84}},"line":402},"20":{"name":"(anonymous_20)","decl":{"start":{"line":403,"column":47},"end":{"line":403,"column":48}},"loc":{"start":{"line":403,"column":53},"end":{"line":403,"column":84}},"line":403},"21":{"name":"(anonymous_21)","decl":{"start":{"line":404,"column":48},"end":{"line":404,"column":49}},"loc":{"start":{"line":404,"column":54},"end":{"line":404,"column":86}},"line":404},"22":{"name":"(anonymous_22)","decl":{"start":{"line":429,"column":32},"end":{"line":429,"column":33}},"loc":{"start":{"line":429,"column":42},"end":{"line":429,"column":73}},"line":429},"23":{"name":"(anonymous_23)","decl":{"start":{"line":441,"column":32},"end":{"line":441,"column":33}},"loc":{"start":{"line":441,"column":42},"end":{"line":441,"column":80}},"line":441},"24":{"name":"(anonymous_24)","decl":{"start":{"line":452,"column":32},"end":{"line":452,"column":33}},"loc":{"start":{"line":452,"column":42},"end":{"line":452,"column":81}},"line":452},"25":{"name":"(anonymous_25)","decl":{"start":{"line":463,"column":32},"end":{"line":463,"column":33}},"loc":{"start":{"line":463,"column":42},"end":{"line":463,"column":73}},"line":463},"26":{"name":"(anonymous_26)","decl":{"start":{"line":474,"column":32},"end":{"line":474,"column":33}},"loc":{"start":{"line":474,"column":42},"end":{"line":474,"column":74}},"line":474},"27":{"name":"(anonymous_27)","decl":{"start":{"line":486,"column":32},"end":{"line":486,"column":33}},"loc":{"start":{"line":486,"column":42},"end":{"line":486,"column":79}},"line":486},"28":{"name":"(anonymous_28)","decl":{"start":{"line":497,"column":32},"end":{"line":497,"column":33}},"loc":{"start":{"line":497,"column":42},"end":{"line":497,"column":76}},"line":497},"29":{"name":"(anonymous_29)","decl":{"start":{"line":505,"column":29},"end":{"line":505,"column":30}},"loc":{"start":{"line":505,"column":35},"end":{"line":505,"column":86}},"line":505},"30":{"name":"AddressCard","decl":{"start":{"line":530,"column":9},"end":{"line":530,"column":20}},"loc":{"start":{"line":538,"column":3},"end":{"line":577,"column":1}},"line":538},"31":{"name":"(anonymous_31)","decl":{"start":{"line":561,"column":19},"end":{"line":561,"column":20}},"loc":{"start":{"line":561,"column":25},"end":{"line":561,"column":44}},"line":561},"32":{"name":"(anonymous_32)","decl":{"start":{"line":569,"column":19},"end":{"line":569,"column":20}},"loc":{"start":{"line":569,"column":25},"end":{"line":569,"column":46}},"line":569}},"branchMap":{"0":{"loc":{"start":{"line":83,"column":4},"end":{"line":87,"column":5}},"type":"if","locations":[{"start":{"line":83,"column":4},"end":{"line":87,"column":5}},{"start":{"line":85,"column":11},"end":{"line":87,"column":5}}],"line":83},"1":{"loc":{"start":{"line":83,"column":8},"end":{"line":83,"column":60}},"type":"binary-expr","locations":[{"start":{"line":83,"column":8},"end":{"line":83,"column":19}},{"start":{"line":83,"column":23},"end":{"line":83,"column":39}},{"start":{"line":83,"column":43},"end":{"line":83,"column":60}}],"line":83},"2":{"loc":{"start":{"line":91,"column":2},"end":{"line":106,"column":3}},"type":"if","locations":[{"start":{"line":91,"column":2},"end":{"line":106,"column":3}},{"start":{},"end":{}}],"line":91},"3":{"loc":{"start":{"line":112,"column":4},"end":{"line":115,"column":5}},"type":"if","locations":[{"start":{"line":112,"column":4},"end":{"line":115,"column":5}},{"start":{},"end":{}}],"line":112},"4":{"loc":{"start":{"line":153,"column":4},"end":{"line":156,"column":5}},"type":"if","locations":[{"start":{"line":153,"column":4},"end":{"line":156,"column":5}},{"start":{},"end":{}}],"line":153},"5":{"loc":{"start":{"line":153,"column":8},"end":{"line":153,"column":23}},"type":"binary-expr","locations":[{"start":{"line":153,"column":8},"end":{"line":153,"column":14}},{"start":{"line":153,"column":18},"end":{"line":153,"column":23}}],"line":153},"6":{"loc":{"start":{"line":171,"column":4},"end":{"line":174,"column":5}},"type":"if","locations":[{"start":{"line":171,"column":4},"end":{"line":174,"column":5}},{"start":{},"end":{}}],"line":171},"7":{"loc":{"start":{"line":183,"column":6},"end":{"line":199,"column":7}},"type":"if","locations":[{"start":{"line":183,"column":6},"end":{"line":199,"column":7}},{"start":{"line":191,"column":13},"end":{"line":199,"column":7}}],"line":183},"8":{"loc":{"start":{"line":226,"column":4},"end":{"line":230,"column":5}},"type":"if","locations":[{"start":{"line":226,"column":4},"end":{"line":230,"column":5}},{"start":{},"end":{}}],"line":226},"9":{"loc":{"start":{"line":226,"column":8},"end":{"line":226,"column":23}},"type":"binary-expr","locations":[{"start":{"line":226,"column":8},"end":{"line":226,"column":13}},{"start":{"line":226,"column":17},"end":{"line":226,"column":23}}],"line":226},"10":{"loc":{"start":{"line":273,"column":4},"end":{"line":277,"column":5}},"type":"if","locations":[{"start":{"line":273,"column":4},"end":{"line":277,"column":5}},{"start":{},"end":{}}],"line":273},"11":{"loc":{"start":{"line":273,"column":8},"end":{"line":273,"column":23}},"type":"binary-expr","locations":[{"start":{"line":273,"column":8},"end":{"line":273,"column":13}},{"start":{"line":273,"column":17},"end":{"line":273,"column":23}}],"line":273},"12":{"loc":{"start":{"line":299,"column":14},"end":{"line":305,"column":15}},"type":"if","locations":[{"start":{"line":299,"column":14},"end":{"line":305,"column":15}},{"start":{"line":303,"column":21},"end":{"line":305,"column":15}}],"line":299},"13":{"loc":{"start":{"line":299,"column":18},"end":{"line":299,"column":68}},"type":"binary-expr","locations":[{"start":{"line":299,"column":18},"end":{"line":299,"column":41}},{"start":{"line":299,"column":45},"end":{"line":299,"column":68}}],"line":299},"14":{"loc":{"start":{"line":332,"column":7},"end":{"line":377,"column":7}},"type":"cond-expr","locations":[{"start":{"line":333,"column":8},"end":{"line":335,"column":15}},{"start":{"line":337,"column":8},"end":{"line":376,"column":11}}],"line":332},"15":{"loc":{"start":{"line":338,"column":11},"end":{"line":375,"column":11}},"type":"cond-expr","locations":[{"start":{"line":339,"column":12},"end":{"line":348,"column":19}},{"start":{"line":349,"column":14},"end":{"line":375,"column":11}}],"line":338},"16":{"loc":{"start":{"line":349,"column":14},"end":{"line":375,"column":11}},"type":"cond-expr","locations":[{"start":{"line":350,"column":12},"end":{"line":359,"column":19}},{"start":{"line":361,"column":12},"end":{"line":374,"column":25}}],"line":349},"17":{"loc":{"start":{"line":410,"column":21},"end":{"line":416,"column":37}},"type":"cond-expr","locations":[{"start":{"line":411,"column":24},"end":{"line":411,"column":30}},{"start":{"line":412,"column":24},"end":{"line":416,"column":37}}],"line":410},"18":{"loc":{"start":{"line":412,"column":24},"end":{"line":416,"column":37}},"type":"cond-expr","locations":[{"start":{"line":413,"column":26},"end":{"line":413,"column":32}},{"start":{"line":414,"column":26},"end":{"line":416,"column":37}}],"line":412},"19":{"loc":{"start":{"line":414,"column":26},"end":{"line":416,"column":37}},"type":"cond-expr","locations":[{"start":{"line":415,"column":28},"end":{"line":415,"column":35}},{"start":{"line":416,"column":28},"end":{"line":416,"column":37}}],"line":414},"20":{"loc":{"start":{"line":504,"column":45},"end":{"line":504,"column":89}},"type":"binary-expr","locations":[{"start":{"line":504,"column":45},"end":{"line":504,"column":63}},{"start":{"line":504,"column":67},"end":{"line":504,"column":89}}],"line":504},"21":{"loc":{"start":{"line":507,"column":21},"end":{"line":507,"column":98}},"type":"binary-expr","locations":[{"start":{"line":507,"column":21},"end":{"line":507,"column":39}},{"start":{"line":507,"column":43},"end":{"line":507,"column":98}}],"line":507},"22":{"loc":{"start":{"line":514,"column":17},"end":{"line":518,"column":17}},"type":"cond-expr","locations":[{"start":{"line":515,"column":18},"end":{"line":515,"column":68}},{"start":{"line":517,"column":18},"end":{"line":517,"column":73}}],"line":514},"23":{"loc":{"start":{"line":545,"column":9},"end":{"line":549,"column":9}},"type":"binary-expr","locations":[{"start":{"line":545,"column":9},"end":{"line":545,"column":26}},{"start":{"line":546,"column":10},"end":{"line":548,"column":17}}],"line":545}},"s":{"0":0,"1":0,"2":0,"3":0,"4":0,"5":0,"6":0,"7":0,"8":0,"9":0,"10":0,"11":0,"12":0,"13":0,"14":0,"15":0,"16":0,"17":0,"18":0,"19":0,"20":0,"21":0,"22":0,"23":0,"24":0,"25":0,"26":0,"27":0,"28":0,"29":0,"30":0,"31":0,"32":0,"33":0,"34":0,"35":0,"36":0,"37":0,"38":0,"39":0,"40":0,"41":0,"42":0,"43":0,"44":0,"45":0,"46":0,"47":0,"48":0,"49":0,"50":0,"51":0,"52":0,"53":0,"54":0,"55":0,"56":0,"57":0,"58":0,"59":0,"60":0,"61":0,"62":0,"63":0,"64":0,"65":0,"66":0,"67":0,"68":0,"69":0,"70":0,"71":0,"72":0,"73":0,"74":0,"75":0,"76":0,"77":0,"78":0,"79":0,"80":0,"81":0,"82":0,"83":0,"84":0,"85":0,"86":0,"87":0,"88":0,"89":0,"90":0,"91":0,"92":0,"93":0,"94":0,"95":0,"96":0,"97":0,"98":0,"99":0,"100":0,"101":0,"102":0,"103":0,"104":0,"105":0,"106":0,"107":0,"108":0,"109":0,"110":0,"111":0,"112":0,"113":0,"114":0,"115":0},"f":{"0":0,"1":0,"2":0,"3":0,"4":0,"5":0,"6":0,"7":0,"8":0,"9":0,"10":0,"11":0,"12":0,"13":0,"14":0,"15":0,"16":0,"17":0,"18":0,"19":0,"20":0,"21":0,"22":0,"23":0,"24":0,"25":0,"26":0,"27":0,"28":0,"29":0,"30":0,"31":0,"32":0},"b":{"0":[0,0],"1":[0,0,0],"2":[0,0],"3":[0,0],"4":[0,0],"5":[0,0],"6":[0,0],"7":[0,0],"8":[0,0],"9":[0,0],"10":[0,0],"11":[0,0],"12":[0,0],"13":[0,0],"14":[0,0],"15":[0,0],"16":[0,0],"17":[0,0],"18":[0,0],"19":[0,0],"20":[0,0],"21":[0,0],"22":[0,0],"23":[0,0]}}
,"D:\\Github Repositories\\SE Project\\Bazaar\\Frontend\\app\\category-products.tsx": {"path":"D:\\Github Repositories\\SE Project\\Bazaar\\Frontend\\app\\category-products.tsx","statementMap":{"0":{"start":{"line":45,"column":20},"end":{"line":54,"column":1}},"1":{"start":{"line":57,"column":21},"end":{"line":57,"column":91}},"2":{"start":{"line":60,"column":23},"end":{"line":62,"column":1}},"3":{"start":{"line":61,"column":2},"end":{"line":61,"column":63}},"4":{"start":{"line":64,"column":31},"end":{"line":481,"column":1}},"5":{"start":{"line":65,"column":17},"end":{"line":65,"column":36}},"6":{"start":{"line":66,"column":17},"end":{"line":66,"column":28}},"7":{"start":{"line":67,"column":23},"end":{"line":67,"column":45}},"8":{"start":{"line":68,"column":22},"end":{"line":68,"column":52}},"9":{"start":{"line":69,"column":19},"end":{"line":69,"column":42}},"10":{"start":{"line":72,"column":34},"end":{"line":72,"column":57}},"11":{"start":{"line":73,"column":32},"end":{"line":73,"column":46}},"12":{"start":{"line":74,"column":28},"end":{"line":74,"column":57}},"13":{"start":{"line":75,"column":46},"end":{"line":75,"column":61}},"14":{"start":{"line":76,"column":48},"end":{"line":76,"column":78}},"15":{"start":{"line":77,"column":34},"end":{"line":77,"column":47}},"16":{"start":{"line":78,"column":52},"end":{"line":78,"column":63}},"17":{"start":{"line":79,"column":42},"end":{"line":79,"column":62}},"18":{"start":{"line":80,"column":44},"end":{"line":80,"column":64}},"19":{"start":{"line":84,"column":2},"end":{"line":115,"column":28}},"20":{"start":{"line":85,"column":26},"end":{"line":112,"column":5}},"21":{"start":{"line":86,"column":6},"end":{"line":111,"column":7}},"22":{"start":{"line":87,"column":8},"end":{"line":87,"column":25}},"23":{"start":{"line":88,"column":20},"end":{"line":88,"column":55}},"24":{"start":{"line":90,"column":25},"end":{"line":90,"column":59}},"25":{"start":{"line":93,"column":31},"end":{"line":97,"column":25}},"26":{"start":{"line":95,"column":12},"end":{"line":95,"column":57}},"27":{"start":{"line":100,"column":8},"end":{"line":100,"column":103}},"28":{"start":{"line":100,"column":73},"end":{"line":100,"column":101}},"29":{"start":{"line":102,"column":8},"end":{"line":102,"column":38}},"30":{"start":{"line":105,"column":8},"end":{"line":107,"column":10}},"31":{"start":{"line":108,"column":8},"end":{"line":108,"column":55}},"32":{"start":{"line":110,"column":8},"end":{"line":110,"column":26}},"33":{"start":{"line":114,"column":4},"end":{"line":114,"column":20}},"34":{"start":{"line":118,"column":29},"end":{"line":131,"column":3}},"35":{"start":{"line":119,"column":4},"end":{"line":119,"column":31}},"36":{"start":{"line":120,"column":4},"end":{"line":120,"column":27}},"37":{"start":{"line":122,"column":4},"end":{"line":128,"column":5}},"38":{"start":{"line":123,"column":30},"end":{"line":123,"column":49}},"39":{"start":{"line":124,"column":20},"end":{"line":124,"column":97}},"40":{"start":{"line":125,"column":6},"end":{"line":125,"column":31}},"41":{"start":{"line":127,"column":6},"end":{"line":127,"column":43}},"42":{"start":{"line":129,"column":4},"end":{"line":129,"column":37}},"43":{"start":{"line":130,"column":4},"end":{"line":130,"column":27}},"44":{"start":{"line":134,"column":20},"end":{"line":138,"column":3}},"45":{"start":{"line":135,"column":4},"end":{"line":137,"column":5}},"46":{"start":{"line":136,"column":6},"end":{"line":136,"column":49}},"47":{"start":{"line":140,"column":20},"end":{"line":144,"column":3}},"48":{"start":{"line":141,"column":4},"end":{"line":143,"column":5}},"49":{"start":{"line":142,"column":6},"end":{"line":142,"column":49}},"50":{"start":{"line":147,"column":20},"end":{"line":173,"column":3}},"51":{"start":{"line":148,"column":4},"end":{"line":172,"column":5}},"52":{"start":{"line":149,"column":6},"end":{"line":152,"column":7}},"53":{"start":{"line":150,"column":8},"end":{"line":150,"column":76}},"54":{"start":{"line":151,"column":8},"end":{"line":151,"column":14}},"55":{"start":{"line":155,"column":6},"end":{"line":167,"column":8}},"56":{"start":{"line":169,"column":6},"end":{"line":169,"column":30}},"57":{"start":{"line":170,"column":6},"end":{"line":170,"column":30}},"58":{"start":{"line":171,"column":6},"end":{"line":171,"column":22}},"59":{"start":{"line":176,"column":26},"end":{"line":184,"column":3}},"60":{"start":{"line":177,"column":4},"end":{"line":183,"column":5}},"61":{"start":{"line":178,"column":6},"end":{"line":181,"column":7}},"62":{"start":{"line":179,"column":8},"end":{"line":179,"column":76}},"63":{"start":{"line":180,"column":8},"end":{"line":180,"column":14}},"64":{"start":{"line":182,"column":6},"end":{"line":182,"column":116}},"65":{"start":{"line":187,"column":28},"end":{"line":208,"column":3}},"66":{"start":{"line":188,"column":18},"end":{"line":188,"column":20}},"67":{"start":{"line":189,"column":22},"end":{"line":189,"column":40}},"68":{"start":{"line":190,"column":24},"end":{"line":190,"column":41}},"69":{"start":{"line":192,"column":4},"end":{"line":200,"column":5}},"70":{"start":{"line":192,"column":17},"end":{"line":192,"column":18}},"71":{"start":{"line":193,"column":6},"end":{"line":199,"column":7}},"72":{"start":{"line":194,"column":8},"end":{"line":194,"column":124}},"73":{"start":{"line":195,"column":13},"end":{"line":199,"column":7}},"74":{"start":{"line":196,"column":8},"end":{"line":196,"column":139}},"75":{"start":{"line":198,"column":8},"end":{"line":198,"column":148}},"76":{"start":{"line":202,"column":4},"end":{"line":207,"column":5}},"77":{"start":{"line":210,"column":2},"end":{"line":217,"column":3}},"78":{"start":{"line":211,"column":4},"end":{"line":216,"column":5}},"79":{"start":{"line":219,"column":2},"end":{"line":231,"column":3}},"80":{"start":{"line":220,"column":4},"end":{"line":230,"column":5}},"81":{"start":{"line":226,"column":68},"end":{"line":226,"column":81}},"82":{"start":{"line":233,"column":2},"end":{"line":480,"column":3}},"83":{"start":{"line":237,"column":41},"end":{"line":237,"column":54}},"84":{"start":{"line":261,"column":34},"end":{"line":261,"column":42}},"85":{"start":{"line":265,"column":12},"end":{"line":279,"column":31}},"86":{"start":{"line":265,"column":72},"end":{"line":265,"column":96}},"87":{"start":{"line":289,"column":30},"end":{"line":289,"column":54}},"88":{"start":{"line":298,"column":47},"end":{"line":298,"column":71}},"89":{"start":{"line":357,"column":22},"end":{"line":363,"column":41}},"90":{"start":{"line":359,"column":39},"end":{"line":359,"column":66}},"91":{"start":{"line":397,"column":24},"end":{"line":405,"column":43}},"92":{"start":{"line":400,"column":41},"end":{"line":400,"column":62}},"93":{"start":{"line":413,"column":24},"end":{"line":429,"column":43}},"94":{"start":{"line":420,"column":41},"end":{"line":420,"column":64}},"95":{"start":{"line":445,"column":41},"end":{"line":445,"column":68}},"96":{"start":{"line":447,"column":20},"end":{"line":447,"column":73}},"97":{"start":{"line":483,"column":15},"end":{"line":784,"column":2}}},"fnMap":{"0":{"name":"(anonymous_0)","decl":{"start":{"line":60,"column":23},"end":{"line":60,"column":24}},"loc":{"start":{"line":60,"column":72},"end":{"line":62,"column":1}},"line":60},"1":{"name":"(anonymous_1)","decl":{"start":{"line":64,"column":31},"end":{"line":64,"column":32}},"loc":{"start":{"line":64,"column":37},"end":{"line":481,"column":1}},"line":64},"2":{"name":"(anonymous_2)","decl":{"start":{"line":84,"column":12},"end":{"line":84,"column":13}},"loc":{"start":{"line":84,"column":18},"end":{"line":115,"column":3}},"line":84},"3":{"name":"(anonymous_3)","decl":{"start":{"line":85,"column":26},"end":{"line":85,"column":27}},"loc":{"start":{"line":85,"column":38},"end":{"line":112,"column":5}},"line":85},"4":{"name":"(anonymous_4)","decl":{"start":{"line":94,"column":33},"end":{"line":94,"column":34}},"loc":{"start":{"line":95,"column":12},"end":{"line":95,"column":57}},"line":95},"5":{"name":"(anonymous_5)","decl":{"start":{"line":100,"column":51},"end":{"line":100,"column":52}},"loc":{"start":{"line":100,"column":73},"end":{"line":100,"column":101}},"line":100},"6":{"name":"(anonymous_6)","decl":{"start":{"line":118,"column":29},"end":{"line":118,"column":30}},"loc":{"start":{"line":118,"column":51},"end":{"line":131,"column":3}},"line":118},"7":{"name":"(anonymous_7)","decl":{"start":{"line":134,"column":20},"end":{"line":134,"column":21}},"loc":{"start":{"line":134,"column":26},"end":{"line":138,"column":3}},"line":134},"8":{"name":"(anonymous_8)","decl":{"start":{"line":140,"column":20},"end":{"line":140,"column":21}},"loc":{"start":{"line":140,"column":26},"end":{"line":144,"column":3}},"line":140},"9":{"name":"(anonymous_9)","decl":{"start":{"line":147,"column":20},"end":{"line":147,"column":21}},"loc":{"start":{"line":147,"column":26},"end":{"line":173,"column":3}},"line":147},"10":{"name":"(anonymous_10)","decl":{"start":{"line":176,"column":26},"end":{"line":176,"column":27}},"loc":{"start":{"line":176,"column":32},"end":{"line":184,"column":3}},"line":176},"11":{"name":"(anonymous_11)","decl":{"start":{"line":187,"column":28},"end":{"line":187,"column":29}},"loc":{"start":{"line":187,"column":48},"end":{"line":208,"column":3}},"line":187},"12":{"name":"(anonymous_12)","decl":{"start":{"line":226,"column":62},"end":{"line":226,"column":63}},"loc":{"start":{"line":226,"column":68},"end":{"line":226,"column":81}},"line":226},"13":{"name":"(anonymous_13)","decl":{"start":{"line":237,"column":35},"end":{"line":237,"column":36}},"loc":{"start":{"line":237,"column":41},"end":{"line":237,"column":54}},"line":237},"14":{"name":"(anonymous_14)","decl":{"start":{"line":261,"column":24},"end":{"line":261,"column":25}},"loc":{"start":{"line":261,"column":34},"end":{"line":261,"column":42}},"line":261},"15":{"name":"(anonymous_15)","decl":{"start":{"line":264,"column":22},"end":{"line":264,"column":23}},"loc":{"start":{"line":265,"column":12},"end":{"line":279,"column":31}},"line":265},"16":{"name":"(anonymous_16)","decl":{"start":{"line":265,"column":66},"end":{"line":265,"column":67}},"loc":{"start":{"line":265,"column":72},"end":{"line":265,"column":96}},"line":265},"17":{"name":"(anonymous_17)","decl":{"start":{"line":289,"column":24},"end":{"line":289,"column":25}},"loc":{"start":{"line":289,"column":30},"end":{"line":289,"column":54}},"line":289},"18":{"name":"(anonymous_18)","decl":{"start":{"line":298,"column":41},"end":{"line":298,"column":42}},"loc":{"start":{"line":298,"column":47},"end":{"line":298,"column":71}},"line":298},"19":{"name":"(anonymous_19)","decl":{"start":{"line":356,"column":50},"end":{"line":356,"column":51}},"loc":{"start":{"line":357,"column":22},"end":{"line":363,"column":41}},"line":357},"20":{"name":"(anonymous_20)","decl":{"start":{"line":359,"column":33},"end":{"line":359,"column":34}},"loc":{"start":{"line":359,"column":39},"end":{"line":359,"column":66}},"line":359},"21":{"name":"(anonymous_21)","decl":{"start":{"line":396,"column":28},"end":{"line":396,"column":29}},"loc":{"start":{"line":397,"column":24},"end":{"line":405,"column":43}},"line":397},"22":{"name":"(anonymous_22)","decl":{"start":{"line":400,"column":35},"end":{"line":400,"column":36}},"loc":{"start":{"line":400,"column":41},"end":{"line":400,"column":62}},"line":400},"23":{"name":"(anonymous_23)","decl":{"start":{"line":412,"column":40},"end":{"line":412,"column":41}},"loc":{"start":{"line":413,"column":24},"end":{"line":429,"column":43}},"line":413},"24":{"name":"(anonymous_24)","decl":{"start":{"line":420,"column":35},"end":{"line":420,"column":36}},"loc":{"start":{"line":420,"column":41},"end":{"line":420,"column":64}},"line":420},"25":{"name":"(anonymous_25)","decl":{"start":{"line":443,"column":32},"end":{"line":443,"column":33}},"loc":{"start":{"line":443,"column":42},"end":{"line":448,"column":19}},"line":443}},"branchMap":{"0":{"loc":{"start":{"line":61,"column":9},"end":{"line":61,"column":62}},"type":"binary-expr","locations":[{"start":{"line":61,"column":9},"end":{"line":61,"column":25}},{"start":{"line":61,"column":29},"end":{"line":61,"column":62}}],"line":61},"1":{"loc":{"start":{"line":93,"column":31},"end":{"line":97,"column":25}},"type":"cond-expr","locations":[{"start":{"line":94,"column":12},"end":{"line":96,"column":11}},{"start":{"line":97,"column":12},"end":{"line":97,"column":25}}],"line":93},"2":{"loc":{"start":{"line":106,"column":10},"end":{"line":106,"column":90}},"type":"cond-expr","locations":[{"start":{"line":106,"column":33},"end":{"line":106,"column":44}},{"start":{"line":106,"column":47},"end":{"line":106,"column":90}}],"line":106},"3":{"loc":{"start":{"line":122,"column":4},"end":{"line":128,"column":5}},"type":"if","locations":[{"start":{"line":122,"column":4},"end":{"line":128,"column":5}},{"start":{"line":126,"column":11},"end":{"line":128,"column":5}}],"line":122},"4":{"loc":{"start":{"line":124,"column":20},"end":{"line":124,"column":97}},"type":"binary-expr","locations":[{"start":{"line":124,"column":20},"end":{"line":124,"column":76}},{"start":{"line":124,"column":80},"end":{"line":124,"column":97}}],"line":124},"5":{"loc":{"start":{"line":135,"column":4},"end":{"line":137,"column":5}},"type":"if","locations":[{"start":{"line":135,"column":4},"end":{"line":137,"column":5}},{"start":{},"end":{}}],"line":135},"6":{"loc":{"start":{"line":135,"column":8},"end":{"line":135,"column":82}},"type":"binary-expr","locations":[{"start":{"line":135,"column":8},"end":{"line":135,"column":23}},{"start":{"line":135,"column":27},"end":{"line":135,"column":82}}],"line":135},"7":{"loc":{"start":{"line":141,"column":4},"end":{"line":143,"column":5}},"type":"if","locations":[{"start":{"line":141,"column":4},"end":{"line":143,"column":5}},{"start":{},"end":{}}],"line":141},"8":{"loc":{"start":{"line":148,"column":4},"end":{"line":172,"column":5}},"type":"if","locations":[{"start":{"line":148,"column":4},"end":{"line":172,"column":5}},{"start":{},"end":{}}],"line":148},"9":{"loc":{"start":{"line":149,"column":6},"end":{"line":152,"column":7}},"type":"if","locations":[{"start":{"line":149,"column":6},"end":{"line":152,"column":7}},{"start":{},"end":{}}],"line":149},"10":{"loc":{"start":{"line":177,"column":4},"end":{"line":183,"column":5}},"type":"if","locations":[{"start":{"line":177,"column":4},"end":{"line":183,"column":5}},{"start":{},"end":{}}],"line":177},"11":{"loc":{"start":{"line":178,"column":6},"end":{"line":181,"column":7}},"type":"if","locations":[{"start":{"line":178,"column":6},"end":{"line":181,"column":7}},{"start":{},"end":{}}],"line":178},"12":{"loc":{"start":{"line":193,"column":6},"end":{"line":199,"column":7}},"type":"if","locations":[{"start":{"line":193,"column":6},"end":{"line":199,"column":7}},{"start":{"line":195,"column":13},"end":{"line":199,"column":7}}],"line":193},"13":{"loc":{"start":{"line":195,"column":13},"end":{"line":199,"column":7}},"type":"if","locations":[{"start":{"line":195,"column":13},"end":{"line":199,"column":7}},{"start":{"line":197,"column":13},"end":{"line":199,"column":7}}],"line":195},"14":{"loc":{"start":{"line":195,"column":17},"end":{"line":195,"column":47}},"type":"binary-expr","locations":[{"start":{"line":195,"column":17},"end":{"line":195,"column":32}},{"start":{"line":195,"column":36},"end":{"line":195,"column":47}}],"line":195},"15":{"loc":{"start":{"line":210,"column":2},"end":{"line":217,"column":3}},"type":"if","locations":[{"start":{"line":210,"column":2},"end":{"line":217,"column":3}},{"start":{},"end":{}}],"line":210},"16":{"loc":{"start":{"line":219,"column":2},"end":{"line":231,"column":3}},"type":"if","locations":[{"start":{"line":219,"column":2},"end":{"line":231,"column":3}},{"start":{},"end":{}}],"line":219},"17":{"loc":{"start":{"line":242,"column":42},"end":{"line":242,"column":68}},"type":"binary-expr","locations":[{"start":{"line":242,"column":42},"end":{"line":242,"column":50}},{"start":{"line":242,"column":54},"end":{"line":242,"column":68}}],"line":242},"18":{"loc":{"start":{"line":251,"column":7},"end":{"line":282,"column":7}},"type":"cond-expr","locations":[{"start":{"line":252,"column":8},"end":{"line":257,"column":15}},{"start":{"line":259,"column":8},"end":{"line":281,"column":10}}],"line":251},"19":{"loc":{"start":{"line":268,"column":23},"end":{"line":268,"column":119}},"type":"cond-expr","locations":[{"start":{"line":268,"column":67},"end":{"line":268,"column":83}},{"start":{"line":268,"column":86},"end":{"line":268,"column":119}}],"line":268},"20":{"loc":{"start":{"line":268,"column":23},"end":{"line":268,"column":64}},"type":"binary-expr","locations":[{"start":{"line":268,"column":23},"end":{"line":268,"column":36}},{"start":{"line":268,"column":40},"end":{"line":268,"column":64}}],"line":268},"21":{"loc":{"start":{"line":278,"column":49},"end":{"line":278,"column":107}},"type":"cond-expr","locations":[{"start":{"line":278,"column":66},"end":{"line":278,"column":90}},{"start":{"line":278,"column":93},"end":{"line":278,"column":107}}],"line":278},"22":{"loc":{"start":{"line":311,"column":22},"end":{"line":313,"column":59}},"type":"cond-expr","locations":[{"start":{"line":312,"column":26},"end":{"line":312,"column":69}},{"start":{"line":313,"column":26},"end":{"line":313,"column":59}}],"line":311},"23":{"loc":{"start":{"line":311,"column":22},"end":{"line":311,"column":86}},"type":"binary-expr","locations":[{"start":{"line":311,"column":22},"end":{"line":311,"column":47}},{"start":{"line":311,"column":51},"end":{"line":311,"column":86}}],"line":311},"24":{"loc":{"start":{"line":320,"column":17},"end":{"line":351,"column":17}},"type":"binary-expr","locations":[{"start":{"line":320,"column":17},"end":{"line":320,"column":32}},{"start":{"line":320,"column":36},"end":{"line":320,"column":60}},{"start":{"line":320,"column":64},"end":{"line":320,"column":99}},{"start":{"line":321,"column":18},"end":{"line":350,"column":25}}],"line":320},"25":{"loc":{"start":{"line":323,"column":48},"end":{"line":323,"column":99}},"type":"binary-expr","locations":[{"start":{"line":323,"column":48},"end":{"line":323,"column":71}},{"start":{"line":323,"column":75},"end":{"line":323,"column":99}}],"line":323},"26":{"loc":{"start":{"line":328,"column":71},"end":{"line":328,"column":118}},"type":"cond-expr","locations":[{"start":{"line":328,"column":97},"end":{"line":328,"column":106}},{"start":{"line":328,"column":109},"end":{"line":328,"column":118}}],"line":328},"27":{"loc":{"start":{"line":337,"column":24},"end":{"line":337,"column":109}},"type":"binary-expr","locations":[{"start":{"line":337,"column":24},"end":{"line":337,"column":81}},{"start":{"line":337,"column":85},"end":{"line":337,"column":109}}],"line":337},"28":{"loc":{"start":{"line":346,"column":33},"end":{"line":346,"column":114}},"type":"cond-expr","locations":[{"start":{"line":346,"column":93},"end":{"line":346,"column":102}},{"start":{"line":346,"column":105},"end":{"line":346,"column":114}}],"line":346},"29":{"loc":{"start":{"line":354,"column":17},"end":{"line":366,"column":17}},"type":"binary-expr","locations":[{"start":{"line":354,"column":17},"end":{"line":354,"column":32}},{"start":{"line":354,"column":36},"end":{"line":354,"column":60}},{"start":{"line":354,"column":64},"end":{"line":354,"column":99}},{"start":{"line":355,"column":18},"end":{"line":365,"column":31}}],"line":354},"30":{"loc":{"start":{"line":360,"column":57},"end":{"line":360,"column":110}},"type":"binary-expr","locations":[{"start":{"line":360,"column":57},"end":{"line":360,"column":84}},{"start":{"line":360,"column":88},"end":{"line":360,"column":110}}],"line":360},"31":{"loc":{"start":{"line":373,"column":19},"end":{"line":373,"column":80}},"type":"binary-expr","locations":[{"start":{"line":373,"column":19},"end":{"line":373,"column":34}},{"start":{"line":373,"column":38},"end":{"line":373,"column":80}}],"line":373},"32":{"loc":{"start":{"line":379,"column":19},"end":{"line":379,"column":105}},"type":"cond-expr","locations":[{"start":{"line":379,"column":53},"end":{"line":379,"column":88}},{"start":{"line":379,"column":91},"end":{"line":379,"column":105}}],"line":379},"33":{"loc":{"start":{"line":385,"column":19},"end":{"line":385,"column":78}},"type":"binary-expr","locations":[{"start":{"line":385,"column":19},"end":{"line":385,"column":47}},{"start":{"line":385,"column":51},"end":{"line":385,"column":78}}],"line":385},"34":{"loc":{"start":{"line":389,"column":17},"end":{"line":433,"column":17}},"type":"binary-expr","locations":[{"start":{"line":389,"column":17},"end":{"line":389,"column":32}},{"start":{"line":390,"column":18},"end":{"line":432,"column":21}}],"line":389},"35":{"loc":{"start":{"line":393,"column":24},"end":{"line":395,"column":43}},"type":"cond-expr","locations":[{"start":{"line":394,"column":26},"end":{"line":394,"column":115}},{"start":{"line":395,"column":26},"end":{"line":395,"column":43}}],"line":393},"36":{"loc":{"start":{"line":394,"column":26},"end":{"line":394,"column":115}},"type":"binary-expr","locations":[{"start":{"line":394,"column":26},"end":{"line":394,"column":94}},{"start":{"line":394,"column":98},"end":{"line":394,"column":115}}],"line":394},"37":{"loc":{"start":{"line":399,"column":55},"end":{"line":399,"column":101}},"type":"binary-expr","locations":[{"start":{"line":399,"column":55},"end":{"line":399,"column":76}},{"start":{"line":399,"column":80},"end":{"line":399,"column":101}}],"line":399},"38":{"loc":{"start":{"line":402,"column":59},"end":{"line":402,"column":109}},"type":"binary-expr","locations":[{"start":{"line":402,"column":59},"end":{"line":402,"column":80}},{"start":{"line":402,"column":84},"end":{"line":402,"column":109}}],"line":402},"39":{"loc":{"start":{"line":418,"column":28},"end":{"line":418,"column":81}},"type":"binary-expr","locations":[{"start":{"line":418,"column":28},"end":{"line":418,"column":51}},{"start":{"line":418,"column":55},"end":{"line":418,"column":81}}],"line":418},"40":{"loc":{"start":{"line":422,"column":27},"end":{"line":428,"column":27}},"type":"binary-expr","locations":[{"start":{"line":422,"column":27},"end":{"line":422,"column":50}},{"start":{"line":423,"column":28},"end":{"line":427,"column":30}}],"line":422},"41":{"loc":{"start":{"line":426,"column":37},"end":{"line":426,"column":90}},"type":"cond-expr","locations":[{"start":{"line":426,"column":75},"end":{"line":426,"column":81}},{"start":{"line":426,"column":84},"end":{"line":426,"column":90}}],"line":426},"42":{"loc":{"start":{"line":447,"column":32},"end":{"line":447,"column":72}},"type":"cond-expr","locations":[{"start":{"line":447,"column":54},"end":{"line":447,"column":57}},{"start":{"line":447,"column":60},"end":{"line":447,"column":72}}],"line":447},"43":{"loc":{"start":{"line":454,"column":52},"end":{"line":454,"column":105}},"type":"binary-expr","locations":[{"start":{"line":454,"column":52},"end":{"line":454,"column":80}},{"start":{"line":454,"column":84},"end":{"line":454,"column":105}}],"line":454},"44":{"loc":{"start":{"line":465,"column":46},"end":{"line":465,"column":99}},"type":"binary-expr","locations":[{"start":{"line":465,"column":46},"end":{"line":465,"column":74}},{"start":{"line":465,"column":78},"end":{"line":465,"column":99}}],"line":465},"45":{"loc":{"start":{"line":470,"column":23},"end":{"line":470,"column":130}},"type":"cond-expr","locations":[{"start":{"line":470,"column":58},"end":{"line":470,"column":112}},{"start":{"line":470,"column":116},"end":{"line":470,"column":130}}],"line":470},"46":{"loc":{"start":{"line":470,"column":58},"end":{"line":470,"column":112}},"type":"cond-expr","locations":[{"start":{"line":470,"column":86},"end":{"line":470,"column":95}},{"start":{"line":470,"column":98},"end":{"line":470,"column":112}}],"line":470}},"s":{"0":0,"1":0,"2":0,"3":0,"4":0,"5":0,"6":0,"7":0,"8":0,"9":0,"10":0,"11":0,"12":0,"13":0,"14":0,"15":0,"16":0,"17":0,"18":0,"19":0,"20":0,"21":0,"22":0,"23":0,"24":0,"25":0,"26":0,"27":0,"28":0,"29":0,"30":0,"31":0,"32":0,"33":0,"34":0,"35":0,"36":0,"37":0,"38":0,"39":0,"40":0,"41":0,"42":0,"43":0,"44":0,"45":0,"46":0,"47":0,"48":0,"49":0,"50":0,"51":0,"52":0,"53":0,"54":0,"55":0,"56":0,"57":0,"58":0,"59":0,"60":0,"61":0,"62":0,"63":0,"64":0,"65":0,"66":0,"67":0,"68":0,"69":0,"70":0,"71":0,"72":0,"73":0,"74":0,"75":0,"76":0,"77":0,"78":0,"79":0,"80":0,"81":0,"82":0,"83":0,"84":0,"85":0,"86":0,"87":0,"88":0,"89":0,"90":0,"91":0,"92":0,"93":0,"94":0,"95":0,"96":0,"97":0},"f":{"0":0,"1":0,"2":0,"3":0,"4":0,"5":0,"6":0,"7":0,"8":0,"9":0,"10":0,"11":0,"12":0,"13":0,"14":0,"15":0,"16":0,"17":0,"18":0,"19":0,"20":0,"21":0,"22":0,"23":0,"24":0,"25":0},"b":{"0":[0,0],"1":[0,0],"2":[0,0],"3":[0,0],"4":[0,0],"5":[0,0],"6":[0,0],"7":[0,0],"8":[0,0],"9":[0,0],"10":[0,0],"11":[0,0],"12":[0,0],"13":[0,0],"14":[0,0],"15":[0,0],"16":[0,0],"17":[0,0],"18":[0,0],"19":[0,0],"20":[0,0],"21":[0,0],"22":[0,0],"23":[0,0],"24":[0,0,0,0],"25":[0,0],"26":[0,0],"27":[0,0],"28":[0,0],"29":[0,0,0,0],"30":[0,0],"31":[0,0],"32":[0,0],"33":[0,0],"34":[0,0],"35":[0,0],"36":[0,0],"37":[0,0],"38":[0,0],"39":[0,0],"40":[0,0],"41":[0,0],"42":[0,0],"43":[0,0],"44":[0,0],"45":[0,0],"46":[0,0]}}
,"D:\\Github Repositories\\SE Project\\Bazaar\\Frontend\\app\\login.tsx": {"path":"D:\\Github Repositories\\SE Project\\Bazaar\\Frontend\\app\\login.tsx","statementMap":{"0":{"start":{"line":11,"column":17},"end":{"line":11,"column":28}},"1":{"start":{"line":12,"column":20},"end":{"line":12,"column":43}},"2":{"start":{"line":13,"column":28},"end":{"line":13,"column":40}},"3":{"start":{"line":14,"column":34},"end":{"line":14,"column":46}},"4":{"start":{"line":15,"column":28},"end":{"line":15,"column":40}},"5":{"start":{"line":16,"column":36},"end":{"line":16,"column":51}},"6":{"start":{"line":18,"column":22},"end":{"line":56,"column":3}},"7":{"start":{"line":19,"column":4},"end":{"line":22,"column":5}},"8":{"start":{"line":20,"column":6},"end":{"line":20,"column":55}},"9":{"start":{"line":21,"column":6},"end":{"line":21,"column":13}},"10":{"start":{"line":24,"column":4},"end":{"line":24,"column":23}},"11":{"start":{"line":25,"column":16},"end":{"line":25,"column":51}},"12":{"start":{"line":27,"column":4},"end":{"line":55,"column":5}},"13":{"start":{"line":28,"column":23},"end":{"line":34,"column":8}},"14":{"start":{"line":36,"column":19},"end":{"line":36,"column":40}},"15":{"start":{"line":38,"column":6},"end":{"line":42,"column":7}},"16":{"start":{"line":39,"column":8},"end":{"line":39,"column":49}},"17":{"start":{"line":40,"column":8},"end":{"line":40,"column":28}},"18":{"start":{"line":41,"column":8},"end":{"line":41,"column":15}},"19":{"start":{"line":45,"column":6},"end":{"line":45,"column":35}},"20":{"start":{"line":48,"column":6},"end":{"line":48,"column":45}},"21":{"start":{"line":49,"column":6},"end":{"line":49,"column":26}},"22":{"start":{"line":50,"column":6},"end":{"line":50,"column":29}},"23":{"start":{"line":52,"column":6},"end":{"line":52,"column":50}},"24":{"start":{"line":53,"column":6},"end":{"line":53,"column":55}},"25":{"start":{"line":54,"column":6},"end":{"line":54,"column":26}},"26":{"start":{"line":59,"column":27},"end":{"line":62,"column":3}},"27":{"start":{"line":60,"column":4},"end":{"line":60,"column":38}},"28":{"start":{"line":61,"column":4},"end":{"line":61,"column":27}},"29":{"start":{"line":64,"column":2},"end":{"line":107,"column":4}},"30":{"start":{"line":103,"column":39},"end":{"line":103,"column":61}},"31":{"start":{"line":110,"column":15},"end":{"line":168,"column":2}}},"fnMap":{"0":{"name":"LoginScreen","decl":{"start":{"line":10,"column":24},"end":{"line":10,"column":35}},"loc":{"start":{"line":10,"column":38},"end":{"line":108,"column":1}},"line":10},"1":{"name":"(anonymous_1)","decl":{"start":{"line":18,"column":22},"end":{"line":18,"column":23}},"loc":{"start":{"line":18,"column":34},"end":{"line":56,"column":3}},"line":18},"2":{"name":"(anonymous_2)","decl":{"start":{"line":59,"column":27},"end":{"line":59,"column":28}},"loc":{"start":{"line":59,"column":33},"end":{"line":62,"column":3}},"line":59},"3":{"name":"(anonymous_3)","decl":{"start":{"line":103,"column":33},"end":{"line":103,"column":34}},"loc":{"start":{"line":103,"column":39},"end":{"line":103,"column":61}},"line":103}},"branchMap":{"0":{"loc":{"start":{"line":19,"column":4},"end":{"line":22,"column":5}},"type":"if","locations":[{"start":{"line":19,"column":4},"end":{"line":22,"column":5}},{"start":{},"end":{}}],"line":19},"1":{"loc":{"start":{"line":19,"column":8},"end":{"line":19,"column":27}},"type":"binary-expr","locations":[{"start":{"line":19,"column":8},"end":{"line":19,"column":14}},{"start":{"line":19,"column":18},"end":{"line":19,"column":27}}],"line":19},"2":{"loc":{"start":{"line":38,"column":6},"end":{"line":42,"column":7}},"type":"if","locations":[{"start":{"line":38,"column":6},"end":{"line":42,"column":7}},{"start":{},"end":{}}],"line":38},"3":{"loc":{"start":{"line":39,"column":17},"end":{"line":39,"column":47}},"type":"binary-expr","locations":[{"start":{"line":39,"column":17},"end":{"line":39,"column":29}},{"start":{"line":39,"column":33},"end":{"line":39,"column":47}}],"line":39},"4":{"loc":{"start":{"line":87,"column":7},"end":{"line":87,"column":79}},"type":"cond-expr","locations":[{"start":{"line":87,"column":15},"end":{"line":87,"column":72}},{"start":{"line":87,"column":75},"end":{"line":87,"column":79}}],"line":87},"5":{"loc":{"start":{"line":90,"column":31},"end":{"line":90,"column":71}},"type":"cond-expr","locations":[{"start":{"line":90,"column":43},"end":{"line":90,"column":64}},{"start":{"line":90,"column":67},"end":{"line":90,"column":71}}],"line":90},"6":{"loc":{"start":{"line":95,"column":11},"end":{"line":95,"column":48}},"type":"cond-expr","locations":[{"start":{"line":95,"column":23},"end":{"line":95,"column":38}},{"start":{"line":95,"column":41},"end":{"line":95,"column":48}}],"line":95}},"s":{"0":0,"1":0,"2":0,"3":0,"4":0,"5":0,"6":0,"7":0,"8":0,"9":0,"10":0,"11":0,"12":0,"13":0,"14":0,"15":0,"16":0,"17":0,"18":0,"19":0,"20":0,"21":0,"22":0,"23":0,"24":0,"25":0,"26":0,"27":0,"28":0,"29":0,"30":0,"31":0},"f":{"0":0,"1":0,"2":0,"3":0},"b":{"0":[0,0],"1":[0,0],"2":[0,0],"3":[0,0],"4":[0,0],"5":[0,0],"6":[0,0]}}
,"D:\\Github Repositories\\SE Project\\Bazaar\\Frontend\\app\\my-products.tsx": {"path":"D:\\Github Repositories\\SE Project\\Bazaar\\Frontend\\app\\my-products.tsx","statementMap":{"0":{"start":{"line":22,"column":16},"end":{"line":22,"column":65}},"1":{"start":{"line":31,"column":25},"end":{"line":691,"column":1}},"2":{"start":{"line":32,"column":17},"end":{"line":32,"column":28}},"3":{"start":{"line":33,"column":22},"end":{"line":33,"column":45}},"4":{"start":{"line":35,"column":2},"end":{"line":38,"column":3}},"5":{"start":{"line":36,"column":4},"end":{"line":36,"column":90}},"6":{"start":{"line":37,"column":4},"end":{"line":37,"column":16}},"7":{"start":{"line":40,"column":26},"end":{"line":40,"column":37}},"8":{"start":{"line":41,"column":50},"end":{"line":41,"column":79}},"9":{"start":{"line":42,"column":52},"end":{"line":42,"column":66}},"10":{"start":{"line":43,"column":42},"end":{"line":43,"column":57}},"11":{"start":{"line":44,"column":32},"end":{"line":44,"column":47}},"12":{"start":{"line":45,"column":48},"end":{"line":45,"column":62}},"13":{"start":{"line":46,"column":28},"end":{"line":46,"column":57}},"14":{"start":{"line":47,"column":34},"end":{"line":47,"column":53}},"15":{"start":{"line":50,"column":40},"end":{"line":50,"column":52}},"16":{"start":{"line":51,"column":54},"end":{"line":51,"column":66}},"17":{"start":{"line":52,"column":28},"end":{"line":52,"column":40}},"18":{"start":{"line":53,"column":34},"end":{"line":53,"column":46}},"19":{"start":{"line":54,"column":34},"end":{"line":54,"column":46}},"20":{"start":{"line":55,"column":28},"end":{"line":55,"column":40}},"21":{"start":{"line":56,"column":30},"end":{"line":56,"column":71}},"22":{"start":{"line":57,"column":48},"end":{"line":57,"column":63}},"23":{"start":{"line":60,"column":26},"end":{"line":60,"column":78}},"24":{"start":{"line":63,"column":2},"end":{"line":69,"column":23}},"25":{"start":{"line":64,"column":4},"end":{"line":68,"column":5}},"26":{"start":{"line":65,"column":6},"end":{"line":65,"column":21}},"27":{"start":{"line":67,"column":6},"end":{"line":67,"column":31}},"28":{"start":{"line":72,"column":2},"end":{"line":79,"column":8}},"29":{"start":{"line":73,"column":6},"end":{"line":78,"column":8}},"30":{"start":{"line":74,"column":25},"end":{"line":74,"column":80}},"31":{"start":{"line":75,"column":6},"end":{"line":77,"column":7}},"32":{"start":{"line":76,"column":8},"end":{"line":76,"column":74}},"33":{"start":{"line":82,"column":24},"end":{"line":99,"column":3}},"34":{"start":{"line":83,"column":4},"end":{"line":83,"column":50}},"35":{"start":{"line":83,"column":44},"end":{"line":83,"column":50}},"36":{"start":{"line":85,"column":4},"end":{"line":85,"column":28}},"37":{"start":{"line":86,"column":4},"end":{"line":98,"column":5}},"38":{"start":{"line":87,"column":23},"end":{"line":91,"column":8}},"39":{"start":{"line":92,"column":6},"end":{"line":92,"column":32}},"40":{"start":{"line":94,"column":6},"end":{"line":94,"column":52}},"41":{"start":{"line":95,"column":6},"end":{"line":95,"column":72}},"42":{"start":{"line":97,"column":6},"end":{"line":97,"column":31}},"43":{"start":{"line":102,"column":21},"end":{"line":143,"column":3}},"44":{"start":{"line":103,"column":4},"end":{"line":106,"column":5}},"45":{"start":{"line":104,"column":6},"end":{"line":104,"column":74}},"46":{"start":{"line":105,"column":6},"end":{"line":105,"column":13}},"47":{"start":{"line":108,"column":4},"end":{"line":142,"column":5}},"48":{"start":{"line":109,"column":21},"end":{"line":115,"column":8}},"49":{"start":{"line":117,"column":6},"end":{"line":138,"column":7}},"50":{"start":{"line":118,"column":8},"end":{"line":118,"column":68}},"51":{"start":{"line":119,"column":8},"end":{"line":119,"column":62}},"52":{"start":{"line":121,"column":31},"end":{"line":132,"column":10}},"53":{"start":{"line":123,"column":28},"end":{"line":123,"column":38}},"54":{"start":{"line":124,"column":31},"end":{"line":124,"column":73}},"55":{"start":{"line":125,"column":27},"end":{"line":125,"column":84}},"56":{"start":{"line":127,"column":10},"end":{"line":131,"column":12}},"57":{"start":{"line":134,"column":31},"end":{"line":134,"column":48}},"58":{"start":{"line":135,"column":26},"end":{"line":135,"column":65}},"59":{"start":{"line":136,"column":8},"end":{"line":136,"column":56}},"60":{"start":{"line":137,"column":8},"end":{"line":137,"column":45}},"61":{"start":{"line":140,"column":6},"end":{"line":140,"column":52}},"62":{"start":{"line":141,"column":6},"end":{"line":141,"column":71}},"63":{"start":{"line":146,"column":22},"end":{"line":149,"column":3}},"64":{"start":{"line":147,"column":22},"end":{"line":147,"column":58}},"65":{"start":{"line":147,"column":46},"end":{"line":147,"column":57}},"66":{"start":{"line":148,"column":4},"end":{"line":148,"column":25}},"67":{"start":{"line":152,"column":23},"end":{"line":222,"column":3}},"68":{"start":{"line":153,"column":4},"end":{"line":156,"column":5}},"69":{"start":{"line":154,"column":6},"end":{"line":154,"column":41}},"70":{"start":{"line":155,"column":6},"end":{"line":155,"column":13}},"71":{"start":{"line":158,"column":4},"end":{"line":158,"column":29}},"72":{"start":{"line":159,"column":4},"end":{"line":221,"column":5}},"73":{"start":{"line":161,"column":23},"end":{"line":161,"column":37}},"74":{"start":{"line":163,"column":6},"end":{"line":163,"column":65}},"75":{"start":{"line":166,"column":6},"end":{"line":184,"column":7}},"76":{"start":{"line":166,"column":19},"end":{"line":166,"column":20}},"77":{"start":{"line":167,"column":22},"end":{"line":167,"column":31}},"78":{"start":{"line":168,"column":25},"end":{"line":168,"column":70}},"79":{"start":{"line":170,"column":8},"end":{"line":170,"column":82}},"80":{"start":{"line":173,"column":25},"end":{"line":173,"column":96}},"81":{"start":{"line":174,"column":25},"end":{"line":174,"column":132}},"82":{"start":{"line":176,"column":8},"end":{"line":176,"column":71}},"83":{"start":{"line":179,"column":8},"end":{"line":183,"column":18}},"84":{"start":{"line":186,"column":6},"end":{"line":186,"column":53}},"85":{"start":{"line":190,"column":6},"end":{"line":192,"column":7}},"86":{"start":{"line":191,"column":8},"end":{"line":191,"column":60}},"87":{"start":{"line":195,"column":23},"end":{"line":205,"column":8}},"88":{"start":{"line":203,"column":10},"end":{"line":203,"column":26}},"89":{"start":{"line":207,"column":6},"end":{"line":207,"column":66}},"90":{"start":{"line":209,"column":6},"end":{"line":209,"column":54}},"91":{"start":{"line":210,"column":6},"end":{"line":217,"column":7}},"92":{"start":{"line":211,"column":8},"end":{"line":211,"column":71}},"93":{"start":{"line":212,"column":8},"end":{"line":212,"column":67}},"94":{"start":{"line":213,"column":13},"end":{"line":217,"column":7}},"95":{"start":{"line":214,"column":8},"end":{"line":214,"column":55}},"96":{"start":{"line":216,"column":8},"end":{"line":216,"column":55}},"97":{"start":{"line":218,"column":6},"end":{"line":218,"column":49}},"98":{"start":{"line":220,"column":6},"end":{"line":220,"column":32}},"99":{"start":{"line":225,"column":30},"end":{"line":236,"column":3}},"100":{"start":{"line":226,"column":4},"end":{"line":235,"column":6}},"101":{"start":{"line":233,"column":23},"end":{"line":233,"column":44}},"102":{"start":{"line":239,"column":24},"end":{"line":252,"column":3}},"103":{"start":{"line":240,"column":21},"end":{"line":240,"column":35}},"104":{"start":{"line":241,"column":21},"end":{"line":241,"column":50}},"105":{"start":{"line":242,"column":26},"end":{"line":242,"column":51}},"106":{"start":{"line":244,"column":21},"end":{"line":244,"column":37}},"107":{"start":{"line":245,"column":17},"end":{"line":245,"column":38}},"108":{"start":{"line":247,"column":4},"end":{"line":251,"column":6}},"109":{"start":{"line":254,"column":27},"end":{"line":380,"column":3}},"110":{"start":{"line":255,"column":4},"end":{"line":258,"column":5}},"111":{"start":{"line":256,"column":6},"end":{"line":256,"column":28}},"112":{"start":{"line":257,"column":6},"end":{"line":257,"column":13}},"113":{"start":{"line":260,"column":4},"end":{"line":379,"column":5}},"114":{"start":{"line":261,"column":6},"end":{"line":261,"column":33}},"115":{"start":{"line":262,"column":6},"end":{"line":265,"column":7}},"116":{"start":{"line":263,"column":8},"end":{"line":263,"column":79}},"117":{"start":{"line":264,"column":8},"end":{"line":264,"column":15}},"118":{"start":{"line":267,"column":6},"end":{"line":267,"column":23}},"119":{"start":{"line":268,"column":6},"end":{"line":340,"column":7}},"120":{"start":{"line":270,"column":28},"end":{"line":278,"column":9}},"121":{"start":{"line":280,"column":8},"end":{"line":280,"column":50}},"122":{"start":{"line":283,"column":8},"end":{"line":283,"column":43}},"123":{"start":{"line":284,"column":25},"end":{"line":289,"column":10}},"124":{"start":{"line":291,"column":8},"end":{"line":291,"column":55}},"125":{"start":{"line":294,"column":26},"end":{"line":294,"column":73}},"126":{"start":{"line":296,"column":8},"end":{"line":299,"column":9}},"127":{"start":{"line":297,"column":10},"end":{"line":297,"column":57}},"128":{"start":{"line":298,"column":10},"end":{"line":298,"column":68}},"129":{"start":{"line":301,"column":8},"end":{"line":301,"column":61}},"130":{"start":{"line":302,"column":8},"end":{"line":302,"column":63}},"131":{"start":{"line":304,"column":8},"end":{"line":311,"column":9}},"132":{"start":{"line":305,"column":10},"end":{"line":305,"column":63}},"133":{"start":{"line":306,"column":10},"end":{"line":310,"column":11}},"134":{"start":{"line":307,"column":12},"end":{"line":307,"column":81}},"135":{"start":{"line":308,"column":12},"end":{"line":308,"column":63}},"136":{"start":{"line":309,"column":12},"end":{"line":309,"column":63}},"137":{"start":{"line":314,"column":8},"end":{"line":328,"column":9}},"138":{"start":{"line":315,"column":10},"end":{"line":315,"column":40}},"139":{"start":{"line":316,"column":10},"end":{"line":316,"column":54}},"140":{"start":{"line":318,"column":10},"end":{"line":318,"column":89}},"141":{"start":{"line":319,"column":10},"end":{"line":323,"column":12}},"142":{"start":{"line":324,"column":10},"end":{"line":324,"column":32}},"143":{"start":{"line":325,"column":10},"end":{"line":325,"column":33}},"144":{"start":{"line":326,"column":10},"end":{"line":326,"column":22}},"145":{"start":{"line":327,"column":10},"end":{"line":327,"column":17}},"146":{"start":{"line":330,"column":8},"end":{"line":330,"column":62}},"147":{"start":{"line":331,"column":8},"end":{"line":331,"column":30}},"148":{"start":{"line":332,"column":8},"end":{"line":332,"column":31}},"149":{"start":{"line":333,"column":8},"end":{"line":333,"column":20}},"150":{"start":{"line":335,"column":8},"end":{"line":335,"column":52}},"151":{"start":{"line":336,"column":8},"end":{"line":336,"column":61}},"152":{"start":{"line":337,"column":8},"end":{"line":337,"column":73}},"153":{"start":{"line":339,"column":8},"end":{"line":339,"column":26}},"154":{"start":{"line":343,"column":6},"end":{"line":346,"column":7}},"155":{"start":{"line":344,"column":8},"end":{"line":344,"column":52}},"156":{"start":{"line":345,"column":8},"end":{"line":345,"column":15}},"157":{"start":{"line":348,"column":6},"end":{"line":348,"column":23}},"158":{"start":{"line":349,"column":6},"end":{"line":378,"column":7}},"159":{"start":{"line":350,"column":28},"end":{"line":357,"column":9}},"160":{"start":{"line":359,"column":8},"end":{"line":359,"column":50}},"161":{"start":{"line":361,"column":25},"end":{"line":366,"column":10}},"162":{"start":{"line":368,"column":8},"end":{"line":368,"column":55}},"163":{"start":{"line":370,"column":8},"end":{"line":370,"column":30}},"164":{"start":{"line":371,"column":8},"end":{"line":371,"column":31}},"165":{"start":{"line":372,"column":8},"end":{"line":372,"column":20}},"166":{"start":{"line":374,"column":8},"end":{"line":374,"column":54}},"167":{"start":{"line":375,"column":8},"end":{"line":375,"column":64}},"168":{"start":{"line":377,"column":8},"end":{"line":377,"column":26}},"169":{"start":{"line":382,"column":28},"end":{"line":418,"column":3}},"170":{"start":{"line":383,"column":4},"end":{"line":386,"column":5}},"171":{"start":{"line":384,"column":6},"end":{"line":384,"column":28}},"172":{"start":{"line":385,"column":6},"end":{"line":385,"column":13}},"173":{"start":{"line":388,"column":4},"end":{"line":388,"column":21}},"174":{"start":{"line":389,"column":4},"end":{"line":417,"column":5}},"175":{"start":{"line":391,"column":23},"end":{"line":395,"column":8}},"176":{"start":{"line":397,"column":22},"end":{"line":397,"column":35}},"177":{"start":{"line":400,"column":6},"end":{"line":400,"column":35}},"178":{"start":{"line":401,"column":6},"end":{"line":401,"column":49}},"179":{"start":{"line":402,"column":6},"end":{"line":402,"column":41}},"180":{"start":{"line":403,"column":6},"end":{"line":403,"column":44}},"181":{"start":{"line":404,"column":6},"end":{"line":404,"column":36}},"182":{"start":{"line":405,"column":6},"end":{"line":405,"column":30}},"183":{"start":{"line":408,"column":6},"end":{"line":408,"column":28}},"184":{"start":{"line":410,"column":6},"end":{"line":410,"column":37}},"185":{"start":{"line":411,"column":6},"end":{"line":411,"column":33}},"186":{"start":{"line":413,"column":6},"end":{"line":413,"column":60}},"187":{"start":{"line":414,"column":6},"end":{"line":414,"column":81}},"188":{"start":{"line":416,"column":6},"end":{"line":416,"column":24}},"189":{"start":{"line":420,"column":30},"end":{"line":453,"column":3}},"190":{"start":{"line":421,"column":4},"end":{"line":424,"column":5}},"191":{"start":{"line":422,"column":6},"end":{"line":422,"column":28}},"192":{"start":{"line":423,"column":6},"end":{"line":423,"column":13}},"193":{"start":{"line":426,"column":4},"end":{"line":426,"column":48}},"194":{"start":{"line":429,"column":4},"end":{"line":452,"column":5}},"195":{"start":{"line":430,"column":6},"end":{"line":430,"column":75}},"196":{"start":{"line":432,"column":23},"end":{"line":436,"column":8}},"197":{"start":{"line":438,"column":6},"end":{"line":438,"column":53}},"198":{"start":{"line":440,"column":6},"end":{"line":446,"column":7}},"199":{"start":{"line":442,"column":8},"end":{"line":442,"column":30}},"200":{"start":{"line":443,"column":8},"end":{"line":443,"column":64}},"201":{"start":{"line":445,"column":8},"end":{"line":445,"column":54}},"202":{"start":{"line":448,"column":6},"end":{"line":448,"column":52}},"203":{"start":{"line":449,"column":6},"end":{"line":449,"column":74}},"204":{"start":{"line":451,"column":6},"end":{"line":451,"column":24}},"205":{"start":{"line":455,"column":20},"end":{"line":465,"column":3}},"206":{"start":{"line":456,"column":4},"end":{"line":456,"column":23}},"207":{"start":{"line":457,"column":4},"end":{"line":457,"column":30}},"208":{"start":{"line":458,"column":4},"end":{"line":458,"column":17}},"209":{"start":{"line":459,"column":4},"end":{"line":459,"column":20}},"210":{"start":{"line":460,"column":4},"end":{"line":460,"column":20}},"211":{"start":{"line":461,"column":4},"end":{"line":461,"column":17}},"212":{"start":{"line":462,"column":4},"end":{"line":462,"column":18}},"213":{"start":{"line":463,"column":4},"end":{"line":463,"column":19}},"214":{"start":{"line":464,"column":4},"end":{"line":464,"column":30}},"215":{"start":{"line":468,"column":2},"end":{"line":488,"column":3}},"216":{"start":{"line":469,"column":4},"end":{"line":487,"column":5}},"217":{"start":{"line":472,"column":43},"end":{"line":472,"column":73}},"218":{"start":{"line":482,"column":68},"end":{"line":482,"column":89}},"219":{"start":{"line":490,"column":2},"end":{"line":690,"column":3}},"220":{"start":{"line":494,"column":43},"end":{"line":494,"column":73}},"221":{"start":{"line":513,"column":16},"end":{"line":513,"column":38}},"222":{"start":{"line":514,"column":16},"end":{"line":514,"column":43}},"223":{"start":{"line":515,"column":16},"end":{"line":515,"column":28}},"224":{"start":{"line":524,"column":14},"end":{"line":550,"column":21}},"225":{"start":{"line":537,"column":35},"end":{"line":537,"column":65}},"226":{"start":{"line":544,"column":35},"end":{"line":544,"column":67}},"227":{"start":{"line":556,"column":16},"end":{"line":556,"column":38}},"228":{"start":{"line":557,"column":16},"end":{"line":557,"column":43}},"229":{"start":{"line":558,"column":16},"end":{"line":558,"column":28}},"230":{"start":{"line":570,"column":32},"end":{"line":570,"column":54}},"231":{"start":{"line":578,"column":49},"end":{"line":578,"column":71}},"232":{"start":{"line":659,"column":36},"end":{"line":659,"column":81}},"233":{"start":{"line":660,"column":24},"end":{"line":671,"column":26}},"234":{"start":{"line":665,"column":45},"end":{"line":665,"column":63}},"235":{"start":{"line":693,"column":15},"end":{"line":938,"column":2}}},"fnMap":{"0":{"name":"(anonymous_0)","decl":{"start":{"line":31,"column":25},"end":{"line":31,"column":26}},"loc":{"start":{"line":31,"column":31},"end":{"line":691,"column":1}},"line":31},"1":{"name":"(anonymous_1)","decl":{"start":{"line":63,"column":12},"end":{"line":63,"column":13}},"loc":{"start":{"line":63,"column":18},"end":{"line":69,"column":3}},"line":63},"2":{"name":"(anonymous_2)","decl":{"start":{"line":72,"column":12},"end":{"line":72,"column":13}},"loc":{"start":{"line":72,"column":18},"end":{"line":79,"column":3}},"line":72},"3":{"name":"(anonymous_3)","decl":{"start":{"line":73,"column":7},"end":{"line":73,"column":8}},"loc":{"start":{"line":73,"column":19},"end":{"line":78,"column":5}},"line":73},"4":{"name":"(anonymous_4)","decl":{"start":{"line":82,"column":24},"end":{"line":82,"column":25}},"loc":{"start":{"line":82,"column":36},"end":{"line":99,"column":3}},"line":82},"5":{"name":"(anonymous_5)","decl":{"start":{"line":102,"column":21},"end":{"line":102,"column":22}},"loc":{"start":{"line":102,"column":33},"end":{"line":143,"column":3}},"line":102},"6":{"name":"(anonymous_6)","decl":{"start":{"line":121,"column":49},"end":{"line":121,"column":50}},"loc":{"start":{"line":121,"column":67},"end":{"line":132,"column":9}},"line":121},"7":{"name":"(anonymous_7)","decl":{"start":{"line":146,"column":22},"end":{"line":146,"column":23}},"loc":{"start":{"line":146,"column":41},"end":{"line":149,"column":3}},"line":146},"8":{"name":"(anonymous_8)","decl":{"start":{"line":147,"column":36},"end":{"line":147,"column":37}},"loc":{"start":{"line":147,"column":46},"end":{"line":147,"column":57}},"line":147},"9":{"name":"(anonymous_9)","decl":{"start":{"line":152,"column":23},"end":{"line":152,"column":24}},"loc":{"start":{"line":152,"column":52},"end":{"line":222,"column":3}},"line":152},"10":{"name":"(anonymous_10)","decl":{"start":{"line":201,"column":26},"end":{"line":201,"column":27}},"loc":{"start":{"line":201,"column":45},"end":{"line":204,"column":9}},"line":201},"11":{"name":"(anonymous_11)","decl":{"start":{"line":225,"column":30},"end":{"line":225,"column":31}},"loc":{"start":{"line":225,"column":36},"end":{"line":236,"column":3}},"line":225},"12":{"name":"(anonymous_12)","decl":{"start":{"line":233,"column":17},"end":{"line":233,"column":18}},"loc":{"start":{"line":233,"column":23},"end":{"line":233,"column":44}},"line":233},"13":{"name":"(anonymous_13)","decl":{"start":{"line":239,"column":24},"end":{"line":239,"column":25}},"loc":{"start":{"line":239,"column":62},"end":{"line":252,"column":3}},"line":239},"14":{"name":"(anonymous_14)","decl":{"start":{"line":254,"column":27},"end":{"line":254,"column":28}},"loc":{"start":{"line":254,"column":39},"end":{"line":380,"column":3}},"line":254},"15":{"name":"(anonymous_15)","decl":{"start":{"line":382,"column":28},"end":{"line":382,"column":29}},"loc":{"start":{"line":382,"column":57},"end":{"line":418,"column":3}},"line":382},"16":{"name":"(anonymous_16)","decl":{"start":{"line":420,"column":30},"end":{"line":420,"column":31}},"loc":{"start":{"line":420,"column":59},"end":{"line":453,"column":3}},"line":420},"17":{"name":"(anonymous_17)","decl":{"start":{"line":455,"column":20},"end":{"line":455,"column":21}},"loc":{"start":{"line":455,"column":26},"end":{"line":465,"column":3}},"line":455},"18":{"name":"(anonymous_18)","decl":{"start":{"line":472,"column":37},"end":{"line":472,"column":38}},"loc":{"start":{"line":472,"column":43},"end":{"line":472,"column":73}},"line":472},"19":{"name":"(anonymous_19)","decl":{"start":{"line":482,"column":62},"end":{"line":482,"column":63}},"loc":{"start":{"line":482,"column":68},"end":{"line":482,"column":89}},"line":482},"20":{"name":"(anonymous_20)","decl":{"start":{"line":494,"column":37},"end":{"line":494,"column":38}},"loc":{"start":{"line":494,"column":43},"end":{"line":494,"column":73}},"line":494},"21":{"name":"(anonymous_21)","decl":{"start":{"line":512,"column":23},"end":{"line":512,"column":24}},"loc":{"start":{"line":512,"column":29},"end":{"line":516,"column":15}},"line":512},"22":{"name":"(anonymous_22)","decl":{"start":{"line":523,"column":26},"end":{"line":523,"column":27}},"loc":{"start":{"line":524,"column":14},"end":{"line":550,"column":21}},"line":524},"23":{"name":"(anonymous_23)","decl":{"start":{"line":537,"column":29},"end":{"line":537,"column":30}},"loc":{"start":{"line":537,"column":35},"end":{"line":537,"column":65}},"line":537},"24":{"name":"(anonymous_24)","decl":{"start":{"line":544,"column":29},"end":{"line":544,"column":30}},"loc":{"start":{"line":544,"column":35},"end":{"line":544,"column":67}},"line":544},"25":{"name":"(anonymous_25)","decl":{"start":{"line":555,"column":23},"end":{"line":555,"column":24}},"loc":{"start":{"line":555,"column":29},"end":{"line":559,"column":15}},"line":555},"26":{"name":"(anonymous_26)","decl":{"start":{"line":570,"column":26},"end":{"line":570,"column":27}},"loc":{"start":{"line":570,"column":32},"end":{"line":570,"column":54}},"line":570},"27":{"name":"(anonymous_27)","decl":{"start":{"line":578,"column":43},"end":{"line":578,"column":44}},"loc":{"start":{"line":578,"column":49},"end":{"line":578,"column":71}},"line":578},"28":{"name":"(anonymous_28)","decl":{"start":{"line":658,"column":34},"end":{"line":658,"column":35}},"loc":{"start":{"line":658,"column":52},"end":{"line":672,"column":23}},"line":658},"29":{"name":"(anonymous_29)","decl":{"start":{"line":665,"column":39},"end":{"line":665,"column":40}},"loc":{"start":{"line":665,"column":45},"end":{"line":665,"column":63}},"line":665}},"branchMap":{"0":{"loc":{"start":{"line":35,"column":2},"end":{"line":38,"column":3}},"type":"if","locations":[{"start":{"line":35,"column":2},"end":{"line":38,"column":3}},{"start":{},"end":{}}],"line":35},"1":{"loc":{"start":{"line":60,"column":26},"end":{"line":60,"column":78}},"type":"binary-expr","locations":[{"start":{"line":60,"column":26},"end":{"line":60,"column":37}},{"start":{"line":60,"column":41},"end":{"line":60,"column":57}},{"start":{"line":60,"column":61},"end":{"line":60,"column":78}}],"line":60},"2":{"loc":{"start":{"line":64,"column":4},"end":{"line":68,"column":5}},"type":"if","locations":[{"start":{"line":64,"column":4},"end":{"line":68,"column":5}},{"start":{"line":66,"column":11},"end":{"line":68,"column":5}}],"line":64},"3":{"loc":{"start":{"line":75,"column":6},"end":{"line":77,"column":7}},"type":"if","locations":[{"start":{"line":75,"column":6},"end":{"line":77,"column":7}},{"start":{},"end":{}}],"line":75},"4":{"loc":{"start":{"line":83,"column":4},"end":{"line":83,"column":50}},"type":"if","locations":[{"start":{"line":83,"column":4},"end":{"line":83,"column":50}},{"start":{},"end":{}}],"line":83},"5":{"loc":{"start":{"line":83,"column":8},"end":{"line":83,"column":42}},"type":"binary-expr","locations":[{"start":{"line":83,"column":8},"end":{"line":83,"column":20}},{"start":{"line":83,"column":24},"end":{"line":83,"column":42}}],"line":83},"6":{"loc":{"start":{"line":103,"column":4},"end":{"line":106,"column":5}},"type":"if","locations":[{"start":{"line":103,"column":4},"end":{"line":106,"column":5}},{"start":{},"end":{}}],"line":103},"7":{"loc":{"start":{"line":117,"column":6},"end":{"line":138,"column":7}},"type":"if","locations":[{"start":{"line":117,"column":6},"end":{"line":138,"column":7}},{"start":{},"end":{}}],"line":117},"8":{"loc":{"start":{"line":153,"column":4},"end":{"line":156,"column":5}},"type":"if","locations":[{"start":{"line":153,"column":4},"end":{"line":156,"column":5}},{"start":{},"end":{}}],"line":153},"9":{"loc":{"start":{"line":168,"column":25},"end":{"line":168,"column":70}},"type":"cond-expr","locations":[{"start":{"line":168,"column":53},"end":{"line":168,"column":58}},{"start":{"line":168,"column":61},"end":{"line":168,"column":70}}],"line":168},"10":{"loc":{"start":{"line":173,"column":25},"end":{"line":173,"column":96}},"type":"cond-expr","locations":[{"start":{"line":173,"column":53},"end":{"line":173,"column":65}},{"start":{"line":173,"column":69},"end":{"line":173,"column":95}}],"line":173},"11":{"loc":{"start":{"line":173,"column":69},"end":{"line":173,"column":95}},"type":"binary-expr","locations":[{"start":{"line":173,"column":69},"end":{"line":173,"column":79}},{"start":{"line":173,"column":83},"end":{"line":173,"column":95}}],"line":173},"12":{"loc":{"start":{"line":174,"column":25},"end":{"line":174,"column":132}},"type":"cond-expr","locations":[{"start":{"line":174,"column":53},"end":{"line":174,"column":83}},{"start":{"line":174,"column":87},"end":{"line":174,"column":131}}],"line":174},"13":{"loc":{"start":{"line":174,"column":87},"end":{"line":174,"column":131}},"type":"binary-expr","locations":[{"start":{"line":174,"column":87},"end":{"line":174,"column":97}},{"start":{"line":174,"column":101},"end":{"line":174,"column":131}}],"line":174},"14":{"loc":{"start":{"line":210,"column":6},"end":{"line":217,"column":7}},"type":"if","locations":[{"start":{"line":210,"column":6},"end":{"line":217,"column":7}},{"start":{"line":213,"column":13},"end":{"line":217,"column":7}}],"line":210},"15":{"loc":{"start":{"line":213,"column":13},"end":{"line":217,"column":7}},"type":"if","locations":[{"start":{"line":213,"column":13},"end":{"line":217,"column":7}},{"start":{"line":215,"column":13},"end":{"line":217,"column":7}}],"line":213},"16":{"loc":{"start":{"line":255,"column":4},"end":{"line":258,"column":5}},"type":"if","locations":[{"start":{"line":255,"column":4},"end":{"line":258,"column":5}},{"start":{},"end":{}}],"line":255},"17":{"loc":{"start":{"line":260,"column":4},"end":{"line":379,"column":5}},"type":"if","locations":[{"start":{"line":260,"column":4},"end":{"line":379,"column":5}},{"start":{"line":341,"column":11},"end":{"line":379,"column":5}}],"line":260},"18":{"loc":{"start":{"line":262,"column":6},"end":{"line":265,"column":7}},"type":"if","locations":[{"start":{"line":262,"column":6},"end":{"line":265,"column":7}},{"start":{},"end":{}}],"line":262},"19":{"loc":{"start":{"line":262,"column":10},"end":{"line":262,"column":114}},"type":"binary-expr","locations":[{"start":{"line":262,"column":10},"end":{"line":262,"column":22}},{"start":{"line":262,"column":26},"end":{"line":262,"column":45}},{"start":{"line":262,"column":49},"end":{"line":262,"column":55}},{"start":{"line":262,"column":59},"end":{"line":262,"column":68}},{"start":{"line":262,"column":72},"end":{"line":262,"column":81}},{"start":{"line":262,"column":85},"end":{"line":262,"column":91}},{"start":{"line":262,"column":95},"end":{"line":262,"column":114}}],"line":262},"20":{"loc":{"start":{"line":294,"column":26},"end":{"line":294,"column":73}},"type":"binary-expr","locations":[{"start":{"line":294,"column":26},"end":{"line":294,"column":52}},{"start":{"line":294,"column":56},"end":{"line":294,"column":73}}],"line":294},"21":{"loc":{"start":{"line":296,"column":8},"end":{"line":299,"column":9}},"type":"if","locations":[{"start":{"line":296,"column":8},"end":{"line":299,"column":9}},{"start":{},"end":{}}],"line":296},"22":{"loc":{"start":{"line":304,"column":8},"end":{"line":311,"column
[...]
:{"line":175,"column":8},"end":{"line":180,"column":11}},"80":{"start":{"line":179,"column":12},"end":{"line":179,"column":60}},"81":{"start":{"line":183,"column":25},"end":{"line":191,"column":5}},"82":{"start":{"line":193,"column":4},"end":{"line":197,"column":6}}},"fnMap":{"0":{"name":"(anonymous_0)","decl":{"start":{"line":10,"column":11},"end":{"line":10,"column":12}},"loc":{"start":{"line":10,"column":17},"end":{"line":10,"column":20}},"line":10},"1":{"name":"(anonymous_1)","decl":{"start":{"line":11,"column":12},"end":{"line":11,"column":13}},"loc":{"start":{"line":11,"column":18},"end":{"line":11,"column":21}},"line":11},"2":{"name":"(anonymous_2)","decl":{"start":{"line":12,"column":17},"end":{"line":12,"column":18}},"loc":{"start":{"line":12,"column":29},"end":{"line":12,"column":32}},"line":12},"3":{"name":"(anonymous_3)","decl":{"start":{"line":16,"column":28},"end":{"line":16,"column":29}},"loc":{"start":{"line":16,"column":46},"end":{"line":198,"column":1}},"line":16},"4":{"name":"(anonymous_4)","decl":{"start":{"line":28,"column":14},"end":{"line":28,"column":15}},"loc":{"start":{"line":28,"column":20},"end":{"line":42,"column":5}},"line":28},"5":{"name":"(anonymous_5)","decl":{"start":{"line":30,"column":35},"end":{"line":30,"column":36}},"loc":{"start":{"line":30,"column":47},"end":{"line":32,"column":9}},"line":30},"6":{"name":"(anonymous_6)","decl":{"start":{"line":37,"column":15},"end":{"line":37,"column":16}},"loc":{"start":{"line":37,"column":21},"end":{"line":41,"column":9}},"line":37},"7":{"name":"(anonymous_7)","decl":{"start":{"line":44,"column":21},"end":{"line":44,"column":22}},"loc":{"start":{"line":44,"column":33},"end":{"line":76,"column":5}},"line":44},"8":{"name":"(anonymous_8)","decl":{"start":{"line":78,"column":24},"end":{"line":78,"column":25}},"loc":{"start":{"line":78,"column":36},"end":{"line":150,"column":5}},"line":78},"9":{"name":"(anonymous_9)","decl":{"start":{"line":145,"column":51},"end":{"line":145,"column":52}},"loc":{"start":{"line":145,"column":57},"end":{"line":148,"column":13}},"line":145},"10":{"name":"(anonymous_10)","decl":{"start":{"line":152,"column":18},"end":{"line":152,"column":19}},"loc":{"start":{"line":152,"column":43},"end":{"line":168,"column":5}},"line":152},"11":{"name":"(anonymous_11)","decl":{"start":{"line":165,"column":17},"end":{"line":165,"column":18}},"loc":{"start":{"line":165,"column":24},"end":{"line":167,"column":9}},"line":165},"12":{"name":"(anonymous_12)","decl":{"start":{"line":170,"column":19},"end":{"line":170,"column":20}},"loc":{"start":{"line":170,"column":25},"end":{"line":181,"column":5}},"line":170},"13":{"name":"(anonymous_13)","decl":{"start":{"line":178,"column":17},"end":{"line":178,"column":18}},"loc":{"start":{"line":178,"column":24},"end":{"line":180,"column":9}},"line":178}},"branchMap":{"0":{"loc":{"start":{"line":38,"column":12},"end":{"line":40,"column":13}},"type":"if","locations":[{"start":{"line":38,"column":12},"end":{"line":40,"column":13}},{"start":{},"end":{}}],"line":38},"1":{"loc":{"start":{"line":47,"column":12},"end":{"line":49,"column":13}},"type":"if","locations":[{"start":{"line":47,"column":12},"end":{"line":49,"column":13}},{"start":{},"end":{}}],"line":47},"2":{"loc":{"start":{"line":55,"column":12},"end":{"line":69,"column":13}},"type":"if","locations":[{"start":{"line":55,"column":12},"end":{"line":69,"column":13}},{"start":{"line":65,"column":19},"end":{"line":69,"column":13}}],"line":55},"3":{"loc":{"start":{"line":55,"column":16},"end":{"line":55,"column":41}},"type":"binary-expr","locations":[{"start":{"line":55,"column":16},"end":{"line":55,"column":27}},{"start":{"line":55,"column":31},"end":{"line":55,"column":41}}],"line":55},"4":{"loc":{"start":{"line":80,"column":8},"end":{"line":83,"column":9}},"type":"if","locations":[{"start":{"line":80,"column":8},"end":{"line":83,"column":9}},{"start":{},"end":{}}],"line":80},"5":{"loc":{"start":{"line":86,"column":8},"end":{"line":89,"column":9}},"type":"if","locations":[{"start":{"line":86,"column":8},"end":{"line":89,"column":9}},{"start":{},"end":{}}],"line":86},"6":{"loc":{"start":{"line":97,"column":12},"end":{"line":100,"column":13}},"type":"if","locations":[{"start":{"line":97,"column":12},"end":{"line":100,"column":13}},{"start":{},"end":{}}],"line":97},"7":{"loc":{"start":{"line":110,"column":12},"end":{"line":113,"column":13}},"type":"if","locations":[{"start":{"line":110,"column":12},"end":{"line":113,"column":13}},{"start":{},"end":{}}],"line":110},"8":{"loc":{"start":{"line":124,"column":12},"end":{"line":139,"column":13}},"type":"if","locations":[{"start":{"line":124,"column":12},"end":{"line":139,"column":13}},{"start":{},"end":{}}],"line":124},"9":{"loc":{"start":{"line":125,"column":16},"end":{"line":138,"column":17}},"type":"if","locations":[{"start":{"line":125,"column":16},"end":{"line":138,"column":17}},{"start":{"line":132,"column":23},"end":{"line":138,"column":17}}],"line":125},"10":{"loc":{"start":{"line":127,"column":20},"end":{"line":131,"column":21}},"type":"if","locations":[{"start":{"line":127,"column":20},"end":{"line":131,"column":21}},{"start":{},"end":{}}],"line":127},"11":{"loc":{"start":{"line":127,"column":24},"end":{"line":127,"column":41}},"type":"binary-expr","locations":[{"start":{"line":127,"column":24},"end":{"line":127,"column":28}},{"start":{"line":127,"column":32},"end":{"line":127,"column":41}}],"line":127},"12":{"loc":{"start":{"line":134,"column":20},"end":{"line":137,"column":21}},"type":"if","locations":[{"start":{"line":134,"column":20},"end":{"line":137,"column":21}},{"start":{},"end":{}}],"line":134},"13":{"loc":{"start":{"line":153,"column":8},"end":{"line":156,"column":9}},"type":"if","locations":[{"start":{"line":153,"column":8},"end":{"line":156,"column":9}},{"start":{},"end":{}}],"line":153},"14":{"loc":{"start":{"line":153,"column":12},"end":{"line":153,"column":35}},"type":"binary-expr","locations":[{"start":{"line":153,"column":12},"end":{"line":153,"column":21}},{"start":{"line":153,"column":25},"end":{"line":153,"column":35}}],"line":153}},"s":{"0":0,"1":0,"2":0,"3":0,"4":0,"5":0,"6":0,"7":0,"8":0,"9":0,"10":0,"11":0,"12":0,"13":0,"14":0,"15":0,"16":0,"17":0,"18":0,"19":0,"20":0,"21":0,"22":0,"23":0,"24":0,"25":0,"26":0,"27":0,"28":0,"29":0,"30":0,"31":0,"32":0,"33":0,"34":0,"35":0,"36":0,"37":0,"38":0,"39":0,"40":0,"41":0,"42":0,"43":0,"44":0,"45":0,"46":0,"47":0,"48":0,"49":0,"50":0,"51":0,"52":0,"53":0,"54":0,"55":0,"56":0,"57":0,"58":0,"59":0,"60":0,"61":0,"62":0,"63":0,"64":0,"65":0,"66":0,"67":0,"68":0,"69":0,"70":0,"71":0,"72":0,"73":0,"74":0,"75":0,"76":0,"77":0,"78":0,"79":0,"80":0,"81":0,"82":0},"f":{"0":0,"1":0,"2":0,"3":0,"4":0,"5":0,"6":0,"7":0,"8":0,"9":0,"10":0,"11":0,"12":0,"13":0},"b":{"0":[0,0],"1":[0,0],"2":[0,0],"3":[0,0],"4":[0,0],"5":[0,0],"6":[0,0],"7":[0,0],"8":[0,0],"9":[0,0],"10":[0,0],"11":[0,0],"12":[0,0],"13":[0,0],"14":[0,0]}}
,"D:\\Github Repositories\\SE Project\\Bazaar\\Frontend\\components\\Collapsible.tsx": {"path":"D:\\Github Repositories\\SE Project\\Bazaar\\Frontend\\components\\Collapsible.tsx","statementMap":{"0":{"start":{"line":11,"column":30},"end":{"line":11,"column":45}},"1":{"start":{"line":12,"column":16},"end":{"line":12,"column":43}},"2":{"start":{"line":14,"column":2},"end":{"line":32,"column":4}},"3":{"start":{"line":18,"column":23},"end":{"line":18,"column":51}},"4":{"start":{"line":18,"column":44},"end":{"line":18,"column":50}},"5":{"start":{"line":35,"column":15},"end":{"line":45,"column":2}}},"fnMap":{"0":{"name":"Collapsible","decl":{"start":{"line":10,"column":16},"end":{"line":10,"column":27}},"loc":{"start":{"line":10,"column":88},"end":{"line":33,"column":1}},"line":10},"1":{"name":"(anonymous_1)","decl":{"start":{"line":18,"column":17},"end":{"line":18,"column":18}},"loc":{"start":{"line":18,"column":23},"end":{"line":18,"column":51}},"line":18},"2":{"name":"(anonymous_2)","decl":{"start":{"line":18,"column":33},"end":{"line":18,"column":34}},"loc":{"start":{"line":18,"column":44},"end":{"line":18,"column":50}},"line":18}},"branchMap":{"0":{"loc":{"start":{"line":12,"column":16},"end":{"line":12,"column":43}},"type":"binary-expr","locations":[{"start":{"line":12,"column":16},"end":{"line":12,"column":32}},{"start":{"line":12,"column":36},"end":{"line":12,"column":43}}],"line":12},"1":{"loc":{"start":{"line":24,"column":17},"end":{"line":24,"column":73}},"type":"cond-expr","locations":[{"start":{"line":24,"column":37},"end":{"line":24,"column":54}},{"start":{"line":24,"column":57},"end":{"line":24,"column":73}}],"line":24},"2":{"loc":{"start":{"line":25,"column":41},"end":{"line":25,"column":66}},"type":"cond-expr","locations":[{"start":{"line":25,"column":50},"end":{"line":25,"column":57}},{"start":{"line":25,"column":60},"end":{"line":25,"column":66}}],"line":25},"3":{"loc":{"start":{"line":30,"column":7},"end":{"line":30,"column":75}},"type":"binary-expr","locations":[{"start":{"line":30,"column":7},"end":{"line":30,"column":13}},{"start":{"line":30,"column":17},"end":{"line":30,"column":75}}],"line":30}},"s":{"0":0,"1":0,"2":0,"3":0,"4":0,"5":0},"f":{"0":0,"1":0,"2":0},"b":{"0":[0,0],"1":[0,0],"2":[0,0],"3":[0,0]}}
,"D:\\Github Repositories\\SE Project\\Bazaar\\Frontend\\components\\ExternalLink.tsx": {"path":"D:\\Github Repositories\\SE Project\\Bazaar\\Frontend\\components\\ExternalLink.tsx","statementMap":{"0":{"start":{"line":9,"column":2},"end":{"line":23,"column":4}},"1":{"start":{"line":15,"column":8},"end":{"line":20,"column":9}},"2":{"start":{"line":17,"column":10},"end":{"line":17,"column":33}},"3":{"start":{"line":19,"column":10},"end":{"line":19,"column":39}}},"fnMap":{"0":{"name":"ExternalLink","decl":{"start":{"line":8,"column":16},"end":{"line":8,"column":28}},"loc":{"start":{"line":8,"column":55},"end":{"line":24,"column":1}},"line":8},"1":{"name":"(anonymous_1)","decl":{"start":{"line":14,"column":15},"end":{"line":14,"column":16}},"loc":{"start":{"line":14,"column":32},"end":{"line":21,"column":7}},"line":14}},"branchMap":{"0":{"loc":{"start":{"line":15,"column":8},"end":{"line":20,"column":9}},"type":"if","locations":[{"start":{"line":15,"column":8},"end":{"line":20,"column":9}},{"start":{},"end":{}}],"line":15}},"s":{"0":0,"1":0,"2":0,"3":0},"f":{"0":0,"1":0},"b":{"0":[0,0]}}
,"D:\\Github Repositories\\SE Project\\Bazaar\\Frontend\\components\\HapticTab.tsx": {"path":"D:\\Github Repositories\\SE Project\\Bazaar\\Frontend\\components\\HapticTab.tsx","statementMap":{"0":{"start":{"line":6,"column":2},"end":{"line":17,"column":4}},"1":{"start":{"line":10,"column":8},"end":{"line":13,"column":9}},"2":{"start":{"line":12,"column":10},"end":{"line":12,"column":65}},"3":{"start":{"line":14,"column":8},"end":{"line":14,"column":30}}},"fnMap":{"0":{"name":"HapticTab","decl":{"start":{"line":5,"column":16},"end":{"line":5,"column":25}},"loc":{"start":{"line":5,"column":58},"end":{"line":18,"column":1}},"line":5},"1":{"name":"(anonymous_1)","decl":{"start":{"line":9,"column":17},"end":{"line":9,"column":18}},"loc":{"start":{"line":9,"column":25},"end":{"line":15,"column":7}},"line":9}},"branchMap":{"0":{"loc":{"start":{"line":10,"column":8},"end":{"line":13,"column":9}},"type":"if","locations":[{"start":{"line":10,"column":8},"end":{"line":13,"column":9}},{"start":{},"end":{}}],"line":10}},"s":{"0":0,"1":0,"2":0,"3":0},"f":{"0":0,"1":0},"b":{"0":[0,0]}}
,"D:\\Github Repositories\\SE Project\\Bazaar\\Frontend\\components\\HelloWave.tsx": {"path":"D:\\Github Repositories\\SE Project\\Bazaar\\Frontend\\components\\HelloWave.tsx","statementMap":{"0":{"start":{"line":14,"column":28},"end":{"line":14,"column":45}},"1":{"start":{"line":16,"column":2},"end":{"line":21,"column":9}},"2":{"start":{"line":17,"column":4},"end":{"line":20,"column":6}},"3":{"start":{"line":23,"column":24},"end":{"line":25,"column":5}},"4":{"start":{"line":23,"column":48},"end":{"line":25,"column":3}},"5":{"start":{"line":27,"column":2},"end":{"line":31,"column":4}},"6":{"start":{"line":34,"column":15},"end":{"line":40,"column":2}}},"fnMap":{"0":{"name":"HelloWave","decl":{"start":{"line":13,"column":16},"end":{"line":13,"column":25}},"loc":{"start":{"line":13,"column":28},"end":{"line":32,"column":1}},"line":13},"1":{"name":"(anonymous_1)","decl":{"start":{"line":16,"column":12},"end":{"line":16,"column":13}},"loc":{"start":{"line":16,"column":18},"end":{"line":21,"column":3}},"line":16},"2":{"name":"(anonymous_2)","decl":{"start":{"line":23,"column":41},"end":{"line":23,"column":42}},"loc":{"start":{"line":23,"column":48},"end":{"line":25,"column":3}},"line":23}},"branchMap":{},"s":{"0":0,"1":0,"2":0,"3":0,"4":0,"5":0,"6":0},"f":{"0":0,"1":0,"2":0},"b":{}}
,"D:\\Github Repositories\\SE Project\\Bazaar\\Frontend\\components\\ParallaxScrollView.tsx": {"path":"D:\\Github Repositories\\SE Project\\Bazaar\\Frontend\\components\\ParallaxScrollView.tsx","statementMap":{"0":{"start":{"line":14,"column":22},"end":{"line":14,"column":25}},"1":{"start":{"line":26,"column":22},"end":{"line":26,"column":49}},"2":{"start":{"line":27,"column":20},"end":{"line":27,"column":57}},"3":{"start":{"line":28,"column":23},"end":{"line":28,"column":53}},"4":{"start":{"line":29,"column":17},"end":{"line":29,"column":39}},"5":{"start":{"line":30,"column":30},"end":{"line":45,"column":4}},"6":{"start":{"line":31,"column":4},"end":{"line":44,"column":6}},"7":{"start":{"line":47,"column":2},"end":{"line":65,"column":4}},"8":{"start":{"line":68,"column":15},"end":{"line":82,"column":2}}},"fnMap":{"0":{"name":"ParallaxScrollView","decl":{"start":{"line":21,"column":24},"end":{"line":21,"column":42}},"loc":{"start":{"line":25,"column":10},"end":{"line":66,"column":1}},"line":25},"1":{"name":"(anonymous_1)","decl":{"start":{"line":30,"column":47},"end":{"line":30,"column":48}},"loc":{"start":{"line":30,"column":53},"end":{"line":45,"column":3}},"line":30}},"branchMap":{"0":{"loc":{"start":{"line":26,"column":22},"end":{"line":26,"column":49}},"type":"binary-expr","locations":[{"start":{"line":26,"column":22},"end":{"line":26,"column":38}},{"start":{"line":26,"column":42},"end":{"line":26,"column":49}}],"line":26}},"s":{"0":0,"1":0,"2":0,"3":0,"4":0,"5":0,"6":0,"7":0,"8":0},"f":{"0":0,"1":0},"b":{"0":[0,0]}}
,"D:\\Github Repositories\\SE Project\\Bazaar\\Frontend\\components\\ThemedText.tsx": {"path":"D:\\Github Repositories\\SE Project\\Bazaar\\Frontend\\components\\ThemedText.tsx","statementMap":{"0":{"start":{"line":18,"column":16},"end":{"line":18,"column":77}},"1":{"start":{"line":20,"column":2},"end":{"line":33,"column":4}},"2":{"start":{"line":36,"column":15},"end":{"line":60,"column":2}}},"fnMap":{"0":{"name":"ThemedText","decl":{"start":{"line":11,"column":16},"end":{"line":11,"column":26}},"loc":{"start":{"line":17,"column":20},"end":{"line":34,"column":1}},"line":17}},"branchMap":{"0":{"loc":{"start":{"line":15,"column":2},"end":{"line":15,"column":18}},"type":"default-arg","locations":[{"start":{"line":15,"column":9},"end":{"line":15,"column":18}}],"line":15},"1":{"loc":{"start":{"line":24,"column":8},"end":{"line":24,"column":55}},"type":"cond-expr","locations":[{"start":{"line":24,"column":29},"end":{"line":24,"column":43}},{"start":{"line":24,"column":46},"end":{"line":24,"column":55}}],"line":24},"2":{"loc":{"start":{"line":25,"column":8},"end":{"line":25,"column":51}},"type":"cond-expr","locations":[{"start":{"line":25,"column":27},"end":{"line":25,"column":39}},{"start":{"line":25,"column":42},"end":{"line":25,"column":51}}],"line":25},"3":{"loc":{"start":{"line":26,"column":8},"end":{"line":26,"column":71}},"type":"cond-expr","locations":[{"start":{"line":26,"column":37},"end":{"line":26,"column":59}},{"start":{"line":26,"column":62},"end":{"line":26,"column":71}}],"line":26},"4":{"loc":{"start":{"line":27,"column":8},"end":{"line":27,"column":57}},"type":"cond-expr","locations":[{"start":{"line":27,"column":30},"end":{"line":27,"column":45}},{"start":{"line":27,"column":48},"end":{"line":27,"column":57}}],"line":27},"5":{"loc":{"start":{"line":28,"column":8},"end":{"line":28,"column":49}},"type":"cond-expr","locations":[{"start":{"line":28,"column":26},"end":{"line":28,"column":37}},{"start":{"line":28,"column":40},"end":{"line":28,"column":49}}],"line":28}},"s":{"0":0,"1":0,"2":0},"f":{"0":0},"b":{"0":[0],"1":[0,0],"2":[0,0],"3":[0,0],"4":[0,0],"5":[0,0]}}
,"D:\\Github Repositories\\SE Project\\Bazaar\\Frontend\\components\\ThemedView.tsx": {"path":"D:\\Github Repositories\\SE Project\\Bazaar\\Frontend\\components\\ThemedView.tsx","statementMap":{"0":{"start":{"line":11,"column":26},"end":{"line":11,"column":93}},"1":{"start":{"line":13,"column":2},"end":{"line":13,"column":71}}},"fnMap":{"0":{"name":"ThemedView","decl":{"start":{"line":10,"column":16},"end":{"line":10,"column":26}},"loc":{"start":{"line":10,"column":93},"end":{"line":14,"column":1}},"line":10}},"branchMap":{},"s":{"0":0,"1":0},"f":{"0":0},"b":{}}
,"D:\\Github Repositories\\SE Project\\Bazaar\\Frontend\\components\\ui\\IconSymbol.ios.tsx": {"path":"D:\\Github Repositories\\SE Project\\Bazaar\\Frontend\\components\\ui\\IconSymbol.ios.tsx","statementMap":{"0":{"start":{"line":17,"column":2},"end":{"line":31,"column":4}}},"fnMap":{"0":{"name":"IconSymbol","decl":{"start":{"line":4,"column":16},"end":{"line":4,"column":26}},"loc":{"start":{"line":16,"column":3},"end":{"line":32,"column":1}},"line":16}},"branchMap":{"0":{"loc":{"start":{"line":6,"column":2},"end":{"line":6,"column":11}},"type":"default-arg","locations":[{"start":{"line":6,"column":9},"end":{"line":6,"column":11}}],"line":6},"1":{"loc":{"start":{"line":9,"column":2},"end":{"line":9,"column":20}},"type":"default-arg","locations":[{"start":{"line":9,"column":11},"end":{"line":9,"column":20}}],"line":9}},"s":{"0":0},"f":{"0":0},"b":{"0":[0],"1":[0]}}
,"D:\\Github Repositories\\SE Project\\Bazaar\\Frontend\\components\\ui\\IconSymbol.tsx": {"path":"D:\\Github Repositories\\SE Project\\Bazaar\\Frontend\\components\\ui\\IconSymbol.tsx","statementMap":{"0":{"start":{"line":9,"column":16},"end":{"line":21,"column":1}},"1":{"start":{"line":42,"column":2},"end":{"line":42,"column":88}}},"fnMap":{"0":{"name":"IconSymbol","decl":{"start":{"line":30,"column":16},"end":{"line":30,"column":26}},"loc":{"start":{"line":41,"column":3},"end":{"line":43,"column":1}},"line":41}},"branchMap":{"0":{"loc":{"start":{"line":32,"column":2},"end":{"line":32,"column":11}},"type":"default-arg","locations":[{"start":{"line":32,"column":9},"end":{"line":32,"column":11}}],"line":32}},"s":{"0":0,"1":0},"f":{"0":0},"b":{"0":[0]}}
,"D:\\Github Repositories\\SE Project\\Bazaar\\Frontend\\components\\ui\\TabBarBackground.ios.tsx": {"path":"D:\\Github Repositories\\SE Project\\Bazaar\\Frontend\\components\\ui\\TabBarBackground.ios.tsx","statementMap":{"0":{"start":{"line":7,"column":2},"end":{"line":15,"column":4}},"1":{"start":{"line":19,"column":20},"end":{"line":19,"column":43}},"2":{"start":{"line":20,"column":21},"end":{"line":20,"column":40}},"3":{"start":{"line":21,"column":2},"end":{"line":21,"column":28}}},"fnMap":{"0":{"name":"BlurTabBarBackground","decl":{"start":{"line":6,"column":24},"end":{"line":6,"column":44}},"loc":{"start":{"line":6,"column":47},"end":{"line":16,"column":1}},"line":6},"1":{"name":"useBottomTabOverflow","decl":{"start":{"line":18,"column":16},"end":{"line":18,"column":36}},"loc":{"start":{"line":18,"column":39},"end":{"line":22,"column":1}},"line":18}},"branchMap":{},"s":{"0":0,"1":0,"2":0,"3":0},"f":{"0":0,"1":0},"b":{}}
,"D:\\Github Repositories\\SE Project\\Bazaar\\Frontend\\components\\ui\\TabBarBackground.tsx": {"path":"D:\\Github Repositories\\SE Project\\Bazaar\\Frontend\\components\\ui\\TabBarBackground.tsx","statementMap":{"0":{"start":{"line":5,"column":2},"end":{"line":5,"column":11}}},"fnMap":{"0":{"name":"useBottomTabOverflow","decl":{"start":{"line":4,"column":16},"end":{"line":4,"column":36}},"loc":{"start":{"line":4,"column":39},"end":{"line":6,"column":1}},"line":4}},"branchMap":{},"s":{"0":0},"f":{"0":0},"b":{}}
}
