TN:
SF:app\_layout.tsx
FN:5,RootLayout
FNF:1
FNH:0
FNDA:0,RootLayout
DA:6,0
LF:1
LH:0
BRF:0
BRH:0
end_of_record
TN:
SF:app\addresses.tsx
FN:52,AddressScreen
FN:82,(anonymous_1)
FN:96,(anonymous_2)
FN:111,(anonymous_3)
FN:135,(anonymous_4)
FN:143,(anonymous_5)
FN:152,(anonymous_6)
FN:169,(anonymous_7)
FN:225,(anonymous_8)
FN:272,(anonymous_9)
FN:290,(anonymous_10)
FN:326,(anonymous_11)
FN:345,(anonymous_12)
FN:356,(anonymous_13)
FN:362,(anonymous_14)
FN:371,(anonymous_15)
FN:384,(anonymous_16)
FN:390,(anonymous_17)
FN:400,(anonymous_18)
FN:402,(anonymous_19)
FN:403,(anonymous_20)
FN:404,(anonymous_21)
FN:429,(anonymous_22)
FN:441,(anonymous_23)
FN:452,(anonymous_24)
FN:463,(anonymous_25)
FN:474,(anonymous_26)
FN:486,(anonymous_27)
FN:497,(anonymous_28)
FN:505,(anonymous_29)
FN:530,AddressCard
FN:561,(anonymous_31)
FN:569,(anonymous_32)
FNF:33
FNH:0
FNDA:0,AddressScreen
FNDA:0,(anonymous_1)
FNDA:0,(anonymous_2)
FNDA:0,(anonymous_3)
FNDA:0,(anonymous_4)
FNDA:0,(anonymous_5)
FNDA:0,(anonymous_6)
FNDA:0,(anonymous_7)
FNDA:0,(anonymous_8)
FNDA:0,(anonymous_9)
FNDA:0,(anonymous_10)
FNDA:0,(anonymous_11)
FNDA:0,(anonymous_12)
FNDA:0,(anonymous_13)
FNDA:0,(anonymous_14)
FNDA:0,(anonymous_15)
FNDA:0,(anonymous_16)
FNDA:0,(anonymous_17)
FNDA:0,(anonymous_18)
FNDA:0,(anonymous_19)
FNDA:0,(anonymous_20)
FNDA:0,(anonymous_21)
FNDA:0,(anonymous_22)
FNDA:0,(anonymous_23)
FNDA:0,(anonymous_24)
FNDA:0,(anonymous_25)
FNDA:0,(anonymous_26)
FNDA:0,(anonymous_27)
FNDA:0,(anonymous_28)
FNDA:0,(anonymous_29)
FNDA:0,AddressCard
FNDA:0,(anonymous_31)
FNDA:0,(anonymous_32)
DA:53,0
DA:54,0
DA:56,0
DA:58,0
DA:59,0
DA:60,0
DA:61,0
DA:62,0
DA:63,0
DA:65,0
DA:68,0
DA:82,0
DA:83,0
DA:84,0
DA:86,0
DA:91,0
DA:92,0
DA:96,0
DA:108,0
DA:111,0
DA:112,0
DA:113,0
DA:114,0
DA:117,0
DA:118,0
DA:119,0
DA:120,0
DA:125,0
DA:127,0
DA:128,0
DA:130,0
DA:135,0
DA:136,0
DA:143,0
DA:144,0
DA:145,0
DA:152,0
DA:153,0
DA:154,0
DA:155,0
DA:159,0
DA:169,0
DA:171,0
DA:172,0
DA:173,0
DA:176,0
DA:178,0
DA:179,0
DA:181,0
DA:183,0
DA:185,0
DA:193,0
DA:202,0
DA:214,0
DA:215,0
DA:216,0
DA:218,0
DA:219,0
DA:221,0
DA:225,0
DA:226,0
DA:227,0
DA:228,0
DA:229,0
DA:232,0
DA:233,0
DA:235,0
DA:241,0
DA:244,0
DA:258,0
DA:261,0
DA:263,0
DA:265,0
DA:266,0
DA:268,0
DA:272,0
DA:273,0
DA:274,0
DA:275,0
DA:276,0
DA:280,0
DA:291,0
DA:292,0
DA:293,0
DA:299,0
DA:301,0
DA:302,0
DA:304,0
DA:307,0
DA:308,0
DA:310,0
DA:319,0
DA:326,0
DA:345,0
DA:356,0
DA:363,0
DA:371,0
DA:384,0
DA:390,0
DA:401,0
DA:402,0
DA:403,0
DA:404,0
DA:429,0
DA:441,0
DA:452,0
DA:463,0
DA:474,0
DA:486,0
DA:497,0
DA:505,0
DA:539,0
DA:561,0
DA:569,0
DA:579,0
LF:115
LH:0
BRDA:83,0,0,0
BRDA:83,0,1,0
BRDA:83,1,0,0
BRDA:83,1,1,0
BRDA:83,1,2,0
BRDA:91,2,0,0
BRDA:91,2,1,0
BRDA:112,3,0,0
BRDA:112,3,1,0
BRDA:153,4,0,0
BRDA:153,4,1,0
BRDA:153,5,0,0
BRDA:153,5,1,0
BRDA:171,6,0,0
BRDA:171,6,1,0
BRDA:183,7,0,0
BRDA:183,7,1,0
BRDA:226,8,0,0
BRDA:226,8,1,0
BRDA:226,9,0,0
BRDA:226,9,1,0
BRDA:273,10,0,0
BRDA:273,10,1,0
BRDA:273,11,0,0
BRDA:273,11,1,0
BRDA:299,12,0,0
BRDA:299,12,1,0
BRDA:299,13,0,0
BRDA:299,13,1,0
BRDA:332,14,0,0
BRDA:332,14,1,0
BRDA:338,15,0,0
BRDA:338,15,1,0
BRDA:349,16,0,0
BRDA:349,16,1,0
BRDA:410,17,0,0
BRDA:410,17,1,0
BRDA:412,18,0,0
BRDA:412,18,1,0
BRDA:414,19,0,0
BRDA:414,19,1,0
BRDA:504,20,0,0
BRDA:504,20,1,0
BRDA:507,21,0,0
BRDA:507,21,1,0
BRDA:514,22,0,0
BRDA:514,22,1,0
BRDA:545,23,0,0
BRDA:545,23,1,0
BRF:49
BRH:0
end_of_record
TN:
SF:app\category-products.tsx
FN:60,(anonymous_0)
FN:64,(anonymous_1)
FN:84,(anonymous_2)
FN:85,(anonymous_3)
FN:94,(anonymous_4)
FN:100,(anonymous_5)
FN:118,(anonymous_6)
FN:134,(anonymous_7)
FN:140,(anonymous_8)
FN:147,(anonymous_9)
FN:176,(anonymous_10)
FN:187,(anonymous_11)
FN:224,(anonymous_12)
FN:235,(anonymous_13)
FN:253,(anonymous_14)
FN:256,(anonymous_15)
FN:257,(anonymous_16)
FN:281,(anonymous_17)
FN:290,(anonymous_18)
FN:342,(anonymous_19)
FN:345,(anonymous_20)
FN:382,(anonymous_21)
FN:386,(anonymous_22)
FN:398,(anonymous_23)
FN:406,(anonymous_24)
FN:429,(anonymous_25)
FNF:26
FNH:0
FNDA:0,(anonymous_0)
FNDA:0,(anonymous_1)
FNDA:0,(anonymous_2)
FNDA:0,(anonymous_3)
FNDA:0,(anonymous_4)
FNDA:0,(anonymous_5)
FNDA:0,(anonymous_6)
FNDA:0,(anonymous_7)
FNDA:0,(anonymous_8)
FNDA:0,(anonymous_9)
FNDA:0,(anonymous_10)
FNDA:0,(anonymous_11)
FNDA:0,(anonymous_12)
FNDA:0,(anonymous_13)
FNDA:0,(anonymous_14)
FNDA:0,(anonymous_15)
FNDA:0,(anonymous_16)
FNDA:0,(anonymous_17)
FNDA:0,(anonymous_18)
FNDA:0,(anonymous_19)
FNDA:0,(anonymous_20)
FNDA:0,(anonymous_21)
FNDA:0,(anonymous_22)
FNDA:0,(anonymous_23)
FNDA:0,(anonymous_24)
FNDA:0,(anonymous_25)
DA:45,0
DA:57,0
DA:60,0
DA:61,0
DA:64,0
DA:65,0
DA:66,0
DA:67,0
DA:68,0
DA:69,0
DA:72,0
DA:73,0
DA:74,0
DA:75,0
DA:76,0
DA:77,0
DA:78,0
DA:79,0
DA:80,0
DA:84,0
DA:85,0
DA:86,0
DA:87,0
DA:88,0
DA:90,0
DA:93,0
DA:95,0
DA:100,0
DA:102,0
DA:105,0
DA:108,0
DA:110,0
DA:114,0
DA:118,0
DA:119,0
DA:120,0
DA:122,0
DA:123,0
DA:124,0
DA:125,0
DA:127,0
DA:129,0
DA:130,0
DA:134,0
DA:135,0
DA:136,0
DA:140,0
DA:141,0
DA:142,0
DA:147,0
DA:148,0
DA:149,0
DA:150,0
DA:151,0
DA:155,0
DA:169,0
DA:170,0
DA:171,0
DA:176,0
DA:177,0
DA:178,0
DA:179,0
DA:180,0
DA:182,0
DA:187,0
DA:188,0
DA:189,0
DA:190,0
DA:192,0
DA:193,0
DA:194,0
DA:195,0
DA:196,0
DA:198,0
DA:202,0
DA:210,0
DA:211,0
DA:219,0
DA:220,0
DA:224,0
DA:231,0
DA:235,0
DA:253,0
DA:257,0
DA:281,0
DA:290,0
DA:343,0
DA:345,0
DA:383,0
DA:386,0
DA:399,0
DA:406,0
DA:431,0
DA:433,0
DA:467,0
LF:95
LH:0
BRDA:61,0,0,0
BRDA:61,0,1,0
BRDA:93,1,0,0
BRDA:93,1,1,0
BRDA:106,2,0,0
BRDA:106,2,1,0
BRDA:122,3,0,0
BRDA:122,3,1,0
BRDA:124,4,0,0
BRDA:124,4,1,0
BRDA:135,5,0,0
BRDA:135,5,1,0
BRDA:135,6,0,0
BRDA:135,6,1,0
BRDA:141,7,0,0
BRDA:141,7,1,0
BRDA:148,8,0,0
BRDA:148,8,1,0
BRDA:149,9,0,0
BRDA:149,9,1,0
BRDA:177,10,0,0
BRDA:177,10,1,0
BRDA:178,11,0,0
BRDA:178,11,1,0
BRDA:193,12,0,0
BRDA:193,12,1,0
BRDA:195,13,0,0
BRDA:195,13,1,0
BRDA:195,14,0,0
BRDA:195,14,1,0
BRDA:210,15,0,0
BRDA:210,15,1,0
BRDA:219,16,0,0
BRDA:219,16,1,0
BRDA:238,17,0,0
BRDA:238,17,1,0
BRDA:245,18,0,0
BRDA:245,18,1,0
BRDA:260,19,0,0
BRDA:260,19,1,0
BRDA:260,20,0,0
BRDA:260,20,1,0
BRDA:270,21,0,0
BRDA:270,21,1,0
BRDA:301,22,0,0
BRDA:301,22,1,0
BRDA:301,23,0,0
BRDA:301,23,1,0
BRDA:310,24,0,0
BRDA:310,24,1,0
BRDA:310,24,2,0
BRDA:310,24,3,0
BRDA:313,25,0,0
BRDA:313,25,1,0
BRDA:317,26,0,0
BRDA:317,26,1,0
BRDA:325,27,0,0
BRDA:325,27,1,0
BRDA:333,28,0,0
BRDA:333,28,1,0
BRDA:340,29,0,0
BRDA:340,29,1,0
BRDA:340,29,2,0
BRDA:340,29,3,0
BRDA:346,30,0,0
BRDA:346,30,1,0
BRDA:359,31,0,0
BRDA:359,31,1,0
BRDA:365,32,0,0
BRDA:365,32,1,0
BRDA:371,33,0,0
BRDA:371,33,1,0
BRDA:375,34,0,0
BRDA:375,34,1,0
BRDA:379,35,0,0
BRDA:379,35,1,0
BRDA:380,36,0,0
BRDA:380,36,1,0
BRDA:385,37,0,0
BRDA:385,37,1,0
BRDA:388,38,0,0
BRDA:388,38,1,0
BRDA:404,39,0,0
BRDA:404,39,1,0
BRDA:408,40,0,0
BRDA:408,40,1,0
BRDA:412,41,0,0
BRDA:412,41,1,0
BRDA:433,42,0,0
BRDA:433,42,1,0
BRDA:440,43,0,0
BRDA:440,43,1,0
BRDA:449,44,0,0
BRDA:449,44,1,0
BRDA:454,45,0,0
BRDA:454,45,1,0
BRDA:454,46,0,0
BRDA:454,46,1,0
BRF:98
BRH:0
end_of_record
TN:
SF:app\login.tsx
FN:10,LoginScreen
FN:16,(anonymous_1)
FN:54,(anonymous_2)
FN:92,(anonymous_3)
FNF:4
FNH:0
FNDA:0,LoginScreen
FNDA:0,(anonymous_1)
FNDA:0,(anonymous_2)
FNDA:0,(anonymous_3)
DA:11,0
DA:12,0
DA:13,0
DA:14,0
DA:16,0
DA:17,0
DA:18,0
DA:19,0
DA:22,0
DA:24,0
DA:25,0
DA:33,0
DA:35,0
DA:36,0
DA:37,0
DA:41,0
DA:42,0
DA:45,0
DA:46,0
DA:48,0
DA:49,0
DA:54,0
DA:55,0
DA:56,0
DA:59,0
DA:92,0
DA:99,0
LF:27
LH:0
BRDA:17,0,0,0
BRDA:17,0,1,0
BRDA:17,1,0,0
BRDA:17,1,1,0
BRDA:35,2,0,0
BRDA:35,2,1,0
BRDA:36,3,0,0
BRDA:36,3,1,0
BRDA:82,4,0,0
BRDA:82,4,1,0
BRF:10
BRH:0
end_of_record
TN:
SF:app\my-products.tsx
FN:31,(anonymous_0)
FN:63,(anonymous_1)
FN:72,(anonymous_2)
FN:73,(anonymous_3)
FN:82,(anonymous_4)
FN:102,(anonymous_5)
FN:121,(anonymous_6)
FN:146,(anonymous_7)
FN:147,(anonymous_8)
FN:152,(anonymous_9)
FN:201,(anonymous_10)
FN:225,(anonymous_11)
FN:233,(anonymous_12)
FN:239,(anonymous_13)
FN:254,(anonymous_14)
FN:382,(anonymous_15)
FN:420,(anonymous_16)
FN:455,(anonymous_17)
FN:472,(anonymous_18)
FN:482,(anonymous_19)
FN:494,(anonymous_20)
FN:512,(anonymous_21)
FN:523,(anonymous_22)
FN:537,(anonymous_23)
FN:544,(anonymous_24)
FN:555,(anonymous_25)
FN:570,(anonymous_26)
FN:578,(anonymous_27)
FN:658,(anonymous_28)
FN:665,(anonymous_29)
FNF:30
FNH:0
FNDA:0,(anonymous_0)
FNDA:0,(anonymous_1)
FNDA:0,(anonymous_2)
FNDA:0,(anonymous_3)
FNDA:0,(anonymous_4)
FNDA:0,(anonymous_5)
FNDA:0,(anonymous_6)
FNDA:0,(anonymous_7)
FNDA:0,(anonymous_8)
FNDA:0,(anonymous_9)
FNDA:0,(anonymous_10)
FNDA:0,(anonymous_11)
FNDA:0,(anonymous_12)
FNDA:0,(anonymous_13)
FNDA:0,(anonymous_14)
FNDA:0,(anonymous_15)
FNDA:0,(anonymous_16)
FNDA:0,(anonymous_17)
FNDA:0,(anonymous_18)
FNDA:0,(anonymous_19)
FNDA:0,(anonymous_20)
FNDA:0,(anonymous_21)
FNDA:0,(anonymous_22)
FNDA:0,(anonymous_23)
FNDA:0,(anonymous_24)
FNDA:0,(anonymous_25)
FNDA:0,(anonymous_26)
FNDA:0,(anonymous_27)
FNDA:0,(anonymous_28)
FNDA:0,(anonymous_29)
DA:22,0
DA:31,0
DA:32,0
DA:33,0
DA:35,0
DA:36,0
DA:37,0
DA:40,0
DA:41,0
DA:42,0
DA:43,0
DA:44,0
DA:45,0
DA:46,0
DA:47,0
DA:50,0
DA:51,0
DA:52,0
DA:53,0
DA:54,0
DA:55,0
DA:56,0
DA:57,0
DA:60,0
DA:63,0
DA:64,0
DA:65,0
DA:67,0
DA:72,0
DA:73,0
DA:74,0
DA:75,0
DA:76,0
DA:82,0
DA:83,0
DA:85,0
DA:86,0
DA:87,0
DA:92,0
DA:94,0
DA:95,0
DA:97,0
DA:102,0
DA:103,0
DA:104,0
DA:105,0
DA:108,0
DA:109,0
DA:117,0
DA:118,0
DA:119,0
DA:121,0
DA:123,0
DA:124,0
DA:125,0
DA:127,0
DA:134,0
DA:135,0
DA:136,0
DA:137,0
DA:140,0
DA:141,0
DA:146,0
DA:147,0
DA:148,0
DA:152,0
DA:153,0
DA:154,0
DA:155,0
DA:158,0
DA:159,0
DA:161,0
DA:163,0
DA:166,0
DA:167,0
DA:168,0
DA:170,0
DA:173,0
DA:174,0
DA:176,0
DA:179,0
DA:186,0
DA:190,0
DA:191,0
DA:195,0
DA:203,0
DA:207,0
DA:209,0
DA:210,0
DA:211,0
DA:212,0
DA:213,0
DA:214,0
DA:216,0
DA:218,0
DA:220,0
DA:225,0
DA:226,0
DA:233,0
DA:239,0
DA:240,0
DA:241,0
DA:242,0
DA:244,0
DA:245,0
DA:247,0
DA:254,0
DA:255,0
DA:256,0
DA:257,0
DA:260,0
DA:261,0
DA:262,0
DA:263,0
DA:264,0
DA:267,0
DA:268,0
DA:270,0
DA:280,0
DA:283,0
DA:284,0
DA:291,0
DA:294,0
DA:296,0
DA:297,0
DA:298,0
DA:301,0
DA:302,0
DA:304,0
DA:305,0
DA:306,0
DA:307,0
DA:308,0
DA:309,0
DA:314,0
DA:315,0
DA:316,0
DA:318,0
DA:319,0
DA:324,0
DA:325,0
DA:326,0
DA:327,0
DA:330,0
DA:331,0
DA:332,0
DA:333,0
DA:335,0
DA:336,0
DA:337,0
DA:339,0
DA:343,0
DA:344,0
DA:345,0
DA:348,0
DA:349,0
DA:350,0
DA:359,0
DA:361,0
DA:368,0
DA:370,0
DA:371,0
DA:372,0
DA:374,0
DA:375,0
DA:377,0
DA:382,0
DA:383,0
DA:384,0
DA:385,0
DA:388,0
DA:389,0
DA:391,0
DA:397,0
DA:400,0
DA:401,0
DA:402,0
DA:403,0
DA:404,0
DA:405,0
DA:408,0
DA:410,0
DA:411,0
DA:413,0
DA:414,0
DA:416,0
DA:420,0
DA:421,0
DA:422,0
DA:423,0
DA:426,0
DA:429,0
DA:430,0
DA:432,0
DA:438,0
DA:440,0
DA:442,0
DA:443,0
DA:445,0
DA:448,0
DA:449,0
DA:451,0
DA:455,0
DA:456,0
DA:457,0
DA:458,0
DA:459,0
DA:460,0
DA:461,0
DA:462,0
DA:463,0
DA:464,0
DA:468,0
DA:469,0
DA:472,0
DA:482,0
DA:490,0
DA:494,0
DA:513,0
DA:514,0
DA:515,0
DA:524,0
DA:537,0
DA:544,0
DA:556,0
DA:557,0
DA:558,0
DA:570,0
DA:578,0
DA:659,0
DA:660,0
DA:665,0
DA:693,0
LF:233
LH:0
BRDA:35,0,0,0
BRDA:35,0,1,0
BRDA:60,1,0,0
BRDA:60,1,1,0
BRDA:60,1,2,0
BRDA:64,2,0,0
BRDA:64,2,1,0
BRDA:75,3,0,0
BRDA:75,3,1,0
BRDA:83,4,0,0
BRDA:83,4,1,0
BRDA:83,5,0,0
BRDA:83,5,1,0
BRDA:103,6,0,0
BRDA:103,6,1,0
BRDA:117,7,0,0
BRDA:117,7,1,0
BRDA:153,8,0,0
BRDA:153,8,1,0
BRDA:168,9,0,0
BRDA:168,9,1,0
BRDA:173,10,0,0
BRDA:173,10,1,0
BRDA:173,11,0,0
BRDA:173,11,1,0
BRDA:174,12,0,0
BRDA:174,12,1,0
BRDA:174,13,0,0
BRDA:174,13,1,0
BRDA:210,14,0,0
BRDA:210,14,1,0
BRDA:213,15,0,0
BRDA:213,15,1,0
BRDA:255,16,0,0
BRDA:255,16,1,0
BRDA:260,17,0,0
BRDA:260,17,1,0
BRDA:262,18,0,0
BRDA:262,18,1,0
BRDA:262,19,0,0
BRDA:262,19,1,0
BRDA:262,19,2,0
BRDA:262,19,3,0
BRDA:262,19,4,0
BRDA:262,19,5,0
BRDA:262,19,6,0
BRDA:294,20,0,0
BRDA:294,20,1,0
BRDA:296,21,0,0
BRDA:296,21,1,0
BRDA:304,22,0,0
BRDA:304,22,1,0
BRDA:306,23,0,0
BRDA:306,23,1,0
BRDA:343,24,0,0
BRDA:343,24,1,0
BRDA:343,25,0,0
BRDA:343,25,1,0
BRDA:343,25,2,0
BRDA:343,25,3,0
BRDA:343,25,4,0
BRDA:343,25,5,0
BRDA:383,26,0,0
BRDA:383,26,1,0
BRDA:421,27,0,0
BRDA:421,27,1,0
BRDA:440,28,0,0
BRDA:440,28,1,0
BRDA:440,29,0,0
BRDA:440,29,1,0
BRDA:468,30,0,0
BRDA:468,30,1,0
BRDA:468,31,0,0
BRDA:468,31,1,0
BRDA:500,32,0,0
BRDA:500,32,1,0
BRDA:505,33,0,0
BRDA:505,33,1,0
BRDA:525,34,0,0
BRDA:525,34,1,0
BRDA:525,34,2,0
BRDA:576,35,0,0
BRDA:576,35,1,0
BRDA:583,36,0,0
BRDA:583,36,1,0
BRDA:644,37,0,0
BRDA:644,37,1,0
BRDA:654,38,0,0
BRDA:654,38,1,0
BRDA:659,39,0,0
BRDA:659,39,1,0
BRDA:678,40,0,0
BRDA:678,40,1,0
BRF:93
BRH:0
end_of_record
TN:
SF:app\payment_details.tsx
FN:27,PaymentDetails
FN:72,(anonymous_1)
FN:73,(anonymous_2)
FN:77,(anonymous_3)
FN:93,(anonymous_4)
FN:99,(anonymous_5)
FN:106,(anonymous_6)
FN:161,(anonymous_7)
FN:218,(anonymous_8)
FN:247,(anonymous_9)
FN:255,(anonymous_10)
FN:279,(anonymous_11)
FN:288,(anonymous_12)
FN:297,(anonymous_13)
FN:312,(anonymous_14)
FN:337,(anonymous_15)
FN:367,(anonymous_16)
FN:396,(anonymous_17)
FN:408,(anonymous_18)
FN:421,(anonymous_19)
FN:435,(anonymous_20)
FN:538,(anonymous_21)
FN:543,(anonymous_22)
FNF:23
FNH:0
FNDA:0,PaymentDetails
FNDA:0,(anonymous_1)
FNDA:0,(anonymous_2)
FNDA:0,(anonymous_3)
FNDA:0,(anonymous_4)
FNDA:0,(anonymous_5)
FNDA:0,(anonymous_6)
FNDA:0,(anonymous_7)
FNDA:0,(anonymous_8)
FNDA:0,(anonymous_9)
FNDA:0,(anonymous_10)
FNDA:0,(anonymous_11)
FNDA:0,(anonymous_12)
FNDA:0,(anonymous_13)
FNDA:0,(anonymous_14)
FNDA:0,(anonymous_15)
FNDA:0,(anonymous_16)
FNDA:0,(anonymous_17)
FNDA:0,(anonymous_18)
FNDA:0,(anonymous_19)
FNDA:0,(anonymous_20)
FNDA:0,(anonymous_21)
FNDA:0,(anonymous_22)
DA:28,0
DA:29,0
DA:32,0
DA:33,0
DA:34,0
DA:35,0
DA:36,0
DA:39,0
DA:54,0
DA:57,0
DA:60,0
DA:61,0
DA:62,0
DA:63,0
DA:66,0
DA:69,0
DA:72,0
DA:73,0
DA:77,0
DA:79,0
DA:82,0
DA:85,0
DA:93,0
DA:95,0
DA:100,0
DA:106,0
DA:108,0
DA:110,0
DA:112,0
DA:113,0
DA:115,0
DA:116,0
DA:117,0
DA:118,0
DA:122,0
DA:123,0
DA:124,0
DA:126,0
DA:127,0
DA:128,0
DA:129,0
DA:132,0
DA:133,0
DA:134,0
DA:135,0
DA:139,0
DA:142,0
DA:143,0
DA:144,0
DA:146,0
DA:152,0
DA:154,0
DA:155,0
DA:156,0
DA:157,0
DA:158,0
DA:161,0
DA:162,0
DA:164,0
DA:165,0
DA:166,0
DA:167,0
DA:171,0
DA:172,0
DA:178,0
DA:179,0
DA:180,0
DA:184,0
DA:198,0
DA:201,0
DA:208,0
DA:209,0
DA:212,0
DA:215,0
DA:218,0
DA:219,0
DA:223,0
DA:224,0
DA:225,0
DA:226,0
DA:231,0
DA:233,0
DA:234,0
DA:236,0
DA:240,0
DA:241,0
DA:242,0
DA:247,0
DA:248,0
DA:251,0
DA:255,0
DA:279,0
DA:288,0
DA:297,0
DA:312,0
DA:337,0
DA:367,0
DA:396,0
DA:408,0
DA:421,0
DA:435,0
DA:539,0
DA:544,0
DA:556,0
DA:558,0
LF:105
LH:0
BRDA:32,0,0,0
BRDA:32,0,1,0
BRDA:33,1,0,0
BRDA:33,1,1,0
BRDA:34,2,0,0
BRDA:34,2,1,0
BRDA:35,3,0,0
BRDA:35,3,1,0
BRDA:36,4,0,0
BRDA:36,4,1,0
BRDA:77,5,0,0
BRDA:115,6,0,0
BRDA:115,6,1,0
BRDA:115,7,0,0
BRDA:115,7,1,0
BRDA:132,8,0,0
BRDA:132,8,1,0
BRDA:132,9,0,0
BRDA:132,9,1,0
BRDA:155,10,0,0
BRDA:155,10,1,0
BRDA:155,11,0,0
BRDA:155,11,1,0
BRDA:161,12,0,0
BRDA:161,12,1,0
BRDA:164,13,0,0
BRDA:164,13,1,0
BRDA:164,14,0,0
BRDA:164,14,1,0
BRDA:171,15,0,0
BRDA:171,15,1,0
BRDA:171,16,0,0
BRDA:171,16,1,0
BRDA:171,16,2,0
BRDA:171,16,3,0
BRDA:189,17,0,0
BRDA:189,17,1,0
BRDA:190,18,0,0
BRDA:190,18,1,0
BRDA:194,19,0,0
BRDA:194,19,1,0
BRDA:208,20,0,0
BRDA:208,20,1,0
BRDA:224,21,0,0
BRDA:224,21,1,0
BRDA:225,22,0,0
BRDA:225,22,1,0
BRDA:231,23,0,0
BRDA:231,23,1,0
BRDA:311,24,0,0
BRDA:311,24,1,0
BRDA:316,25,0,0
BRDA:316,25,1,0
BRDA:336,26,0,0
BRDA:336,26,1,0
BRDA:341,27,0,0
BRDA:341,27,1,0
BRDA:366,28,0,0
BRDA:366,28,1,0
BRDA:371,29,0,0
BRDA:371,29,1,0
BRDA:383,30,0,0
BRDA:383,30,1,0
BRDA:454,31,0,0
BRDA:454,31,1,0
BRDA:498,32,0,0
BRDA:498,32,1,0
BRDA:502,33,0,0
BRDA:502,33,1,0
BRDA:521,34,0,0
BRDA:521,34,1,0
BRDA:525,35,0,0
BRDA:525,35,1,0
BRDA:531,36,0,0
BRDA:531,36,1,0
BRF:75
BRH:0
end_of_record
TN:
SF:app\settings.tsx
FN:25,(anonymous_0)
FN:48,(anonymous_1)
FN:55,(anonymous_2)
FN:56,(anonymous_3)
FN:64,(anonymous_4)
FN:93,(anonymous_5)
FN:106,(anonymous_6)
FN:164,(anonymous_7)
FN:172,(anonymous_8)
FN:182,(anonymous_9)
FN:191,(anonymous_10)
FN:216,(anonymous_11)
FN:226,(anonymous_12)
FN:238,(anonymous_13)
FN:373,(anonymous_14)
FN:396,(anonymous_15)
FN:407,(anonymous_16)
FNF:17
FNH:0
FNDA:0,(anonymous_0)
FNDA:0,(anonymous_1)
FNDA:0,(anonymous_2)
FNDA:0,(anonymous_3)
FNDA:0,(anonymous_4)
FNDA:0,(anonymous_5)
FNDA:0,(anonymous_6)
FNDA:0,(anonymous_7)
FNDA:0,(anonymous_8)
FNDA:0,(anonymous_9)
FNDA:0,(anonymous_10)
FNDA:0,(anonymous_11)
FNDA:0,(anonymous_12)
FNDA:0,(anonymous_13)
FNDA:0,(anonymous_14)
FNDA:0,(anonymous_15)
FNDA:0,(anonymous_16)
DA:23,0
DA:25,0
DA:26,0
DA:27,0
DA:28,0
DA:29,0
DA:30,0
DA:31,0
DA:32,0
DA:35,0
DA:36,0
DA:37,0
DA:38,0
DA:39,0
DA:40,0
DA:41,0
DA:42,0
DA:45,0
DA:48,0
DA:49,0
DA:50,0
DA:55,0
DA:56,0
DA:57,0
DA:58,0
DA:59,0
DA:64,0
DA:65,0
DA:67,0
DA:68,0
DA:69,0
DA:75,0
DA:76,0
DA:77,0
DA:78,0
DA:79,0
DA:80,0
DA:81,0
DA:82,0
DA:83,0
DA:84,0
DA:86,0
DA:87,0
DA:89,0
DA:93,0
DA:94,0
DA:101,0
DA:102,0
DA:106,0
DA:107,0
DA:108,0
DA:109,0
DA:112,0
DA:113,0
DA:114,0
DA:116,0
DA:117,0
DA:120,0
DA:121,0
DA:122,0
DA:123,0
DA:124,0
DA:125,0
DA:126,0
DA:127,0
DA:130,0
DA:131,0
DA:132,0
DA:133,0
DA:135,0
DA:136,0
DA:138,0
DA:145,0
DA:152,0
DA:153,0
DA:154,0
DA:157,0
DA:158,0
DA:160,0
DA:164,0
DA:165,0
DA:173,0
DA:174,0
DA:176,0
DA:182,0
DA:183,0
DA:192,0
DA:193,0
DA:199,0
DA:200,0
DA:202,0
DA:204,0
DA:205,0
DA:212,0
DA:213,0
DA:216,0
DA:226,0
DA:234,0
DA:238,0
DA:373,0
DA:396,0
DA:407,0
DA:426,0
LF:103
LH:0
BRDA:45,0,0,0
BRDA:45,0,1,0
BRDA:45,0,2,0
BRDA:49,1,0,0
BRDA:49,1,1,0
BRDA:58,2,0,0
BRDA:58,2,1,0
BRDA:65,3,0,0
BRDA:65,3,1,0
BRDA:65,4,0,0
BRDA:65,4,1,0
BRDA:65,4,2,0
BRDA:76,5,0,0
BRDA:76,5,1,0
BRDA:77,6,0,0
BRDA:77,6,1,0
BRDA:78,7,0,0
BRDA:78,7,1,0
BRDA:79,8,0,0
BRDA:79,8,1,0
BRDA:80,9,0,0
BRDA:80,9,1,0
BRDA:81,10,0,0
BRDA:81,10,1,0
BRDA:82,11,0,0
BRDA:82,11,1,0
BRDA:101,12,0,0
BRDA:101,12,1,0
BRDA:101,13,0,0
BRDA:101,13,1,0
BRDA:107,14,0,0
BRDA:107,14,1,0
BRDA:130,15,0,0
BRDA:130,15,1,0
BRDA:153,16,0,0
BRDA:153,16,1,0
BRDA:173,17,0,0
BRDA:173,17,1,0
BRDA:199,18,0,0
BRDA:199,18,1,0
BRDA:212,19,0,0
BRDA:212,19,1,0
BRDA:244,20,0,0
BRDA:244,20,1,0
BRDA:250,21,0,0
BRDA:250,21,1,0
BRDA:256,22,0,0
BRDA:256,22,1,0
BRDA:266,23,0,0
BRDA:266,23,1,0
BRDA:349,24,0,0
BRDA:349,24,1,0
BRDA:359,25,0,0
BRDA:359,25,1,0
BRDA:384,26,0,0
BRDA:384,26,1,0
BRF:56
BRH:0
end_of_record
TN:
SF:app\signUp.tsx
FN:9,SignupScreen
FN:19,(anonymous_1)
FN:129,(anonymous_2)
FNF:3
FNH:0
FNDA:0,SignupScreen
FNDA:0,(anonymous_1)
FNDA:0,(anonymous_2)
DA:10,0
DA:11,0
DA:12,0
DA:13,0
DA:14,0
DA:15,0
DA:16,0
DA:17,0
DA:19,0
DA:20,0
DA:21,0
DA:22,0
DA:26,0
DA:27,0
DA:28,0
DA:29,0
DA:33,0
DA:34,0
DA:35,0
DA:38,0
DA:39,0
DA:40,0
DA:43,0
DA:44,0
DA:46,0
DA:48,0
DA:49,0
DA:57,0
DA:59,0
DA:60,0
DA:61,0
DA:64,0
DA:65,0
DA:67,0
DA:68,0
DA:70,0
DA:74,0
DA:129,0
DA:136,0
LF:39
LH:0
BRDA:20,0,0,0
BRDA:20,0,1,0
BRDA:20,1,0,0
BRDA:20,1,1,0
BRDA:20,1,2,0
BRDA:20,1,3,0
BRDA:20,1,4,0
BRDA:27,2,0,0
BRDA:27,2,1,0
BRDA:33,3,0,0
BRDA:33,3,1,0
BRDA:38,4,0,0
BRDA:38,4,1,0
BRDA:59,5,0,0
BRDA:59,5,1,0
BRDA:60,6,0,0
BRDA:60,6,1,0
BRDA:119,7,0,0
BRDA:119,7,1,0
BRDA:122,8,0,0
BRDA:122,8,1,0
BRF:21
BRH:0
end_of_record
TN:
SF:app\(tabs)\_layout.tsx
FN:7,AppLayout
FN:44,(anonymous_1)
FN:54,(anonymous_2)
FN:64,(anonymous_3)
FNF:4
FNH:0
FNDA:0,AppLayout
FNDA:0,(anonymous_1)
FNDA:0,(anonymous_2)
FNDA:0,(anonymous_3)
DA:8,0
DA:10,0
DA:45,0
DA:55,0
DA:65,0
DA:74,0
LF:6
LH:0
BRF:0
BRH:0
end_of_record
TN:
SF:app\(tabs)\index.tsx
FN:74,(anonymous_0)
FN:78,ExploreScreen
FN:106,(anonymous_2)
FN:107,(anonymous_3)
FN:116,(anonymous_4)
FN:120,(anonymous_5)
FN:136,(anonymous_6)
FN:143,(anonymous_7)
FN:151,(anonymous_8)
FN:168,(anonymous_9)
FN:199,(anonymous_10)
FN:210,(anonymous_11)
FN:216,(anonymous_12)
FN:223,(anonymous_13)
FN:310,(anonymous_14)
FN:314,(anonymous_15)
FN:358,(anonymous_16)
FN:377,(anonymous_17)
FN:380,(anonymous_18)
FN:406,(anonymous_19)
FN:427,(anonymous_20)
FN:436,(anonymous_21)
FN:488,(anonymous_22)
FN:491,(anonymous_23)
FN:528,(anonymous_24)
FN:532,(anonymous_25)
FN:544,(anonymous_26)
FN:552,(anonymous_27)
FN:575,(anonymous_28)
FNF:29
FNH:0
FNDA:0,(anonymous_0)
FNDA:0,ExploreScreen
FNDA:0,(anonymous_2)
FNDA:0,(anonymous_3)
FNDA:0,(anonymous_4)
FNDA:0,(anonymous_5)
FNDA:0,(anonymous_6)
FNDA:0,(anonymous_7)
FNDA:0,(anonymous_8)
FNDA:0,(anonymous_9)
FNDA:0,(anonymous_10)
FNDA:0,(anonymous_11)
FNDA:0,(anonymous_12)
FNDA:0,(anonymous_13)
FNDA:0,(anonymous_14)
FNDA:0,(anonymous_15)
FNDA:0,(anonymous_16)
FNDA:0,(anonymous_17)
FNDA:0,(anonymous_18)
FNDA:0,(anonymous_19)
FNDA:0,(anonymous_20)
FNDA:0,(anonymous_21)
FNDA:0,(anonymous_22)
FNDA:0,(anonymous_23)
FNDA:0,(anonymous_24)
FNDA:0,(anonymous_25)
FNDA:0,(anonymous_26)
FNDA:0,(anonymous_27)
FNDA:0,(anonymous_28)
DA:25,0
DA:49,0
DA:59,0
DA:71,0
DA:74,0
DA:75,0
DA:79,0
DA:80,0
DA:81,0
DA:82,0
DA:83,0
DA:84,0
DA:85,0
DA:86,0
DA:87,0
DA:90,0
DA:91,0
DA:92,0
DA:93,0
DA:94,0
DA:95,0
DA:98,0
DA:99,0
DA:100,0
DA:103,0
DA:106,0
DA:107,0
DA:108,0
DA:109,0
DA:110,0
DA:111,0
DA:114,0
DA:115,0
DA:116,0
DA:120,0
DA:122,0
DA:123,0
DA:124,0
DA:126,0
DA:127,0
DA:128,0
DA:132,0
DA:136,0
DA:137,0
DA:138,0
DA:139,0
DA:143,0
DA:144,0
DA:151,0
DA:152,0
DA:153,0
DA:155,0
DA:156,0
DA:157,0
DA:158,0
DA:160,0
DA:162,0
DA:163,0
DA:164,0
DA:168,0
DA:169,0
DA:170,0
DA:171,0
DA:172,0
DA:176,0
DA:192,0
DA:193,0
DA:194,0
DA:199,0
DA:200,0
DA:201,0
DA:202,0
DA:203,0
DA:205,0
DA:210,0
DA:211,0
DA:212,0
DA:216,0
DA:217,0
DA:218,0
DA:223,0
DA:224,0
DA:225,0
DA:226,0
DA:228,0
DA:229,0
DA:230,0
DA:231,0
DA:232,0
DA:234,0
DA:238,0
DA:246,0
DA:311,0
DA:314,0
DA:359,0
DA:360,0
DA:378,0
DA:380,0
DA:406,0
DA:427,0
DA:436,0
DA:489,0
DA:491,0
DA:529,0
DA:532,0
DA:545,0
DA:552,0
DA:577,0
DA:579,0
DA:613,0
LF:110
LH:0
BRDA:75,0,0,0
BRDA:75,0,1,0
BRDA:98,1,0,0
BRDA:98,1,1,0
BRDA:115,2,0,0
BRDA:115,2,1,0
BRDA:115,3,0,0
BRDA:115,3,1,0
BRDA:127,4,0,0
BRDA:127,4,1,0
BRDA:155,5,0,0
BRDA:155,5,1,0
BRDA:157,6,0,0
BRDA:157,6,1,0
BRDA:169,7,0,0
BRDA:169,7,1,0
BRDA:170,8,0,0
BRDA:170,8,1,0
BRDA:186,9,0,0
BRDA:186,9,1,0
BRDA:186,10,0,0
BRDA:186,10,1,0
BRDA:200,11,0,0
BRDA:200,11,1,0
BRDA:201,12,0,0
BRDA:201,12,1,0
BRDA:211,13,0,0
BRDA:211,13,1,0
BRDA:211,14,0,0
BRDA:211,14,1,0
BRDA:217,15,0,0
BRDA:217,15,1,0
BRDA:229,16,0,0
BRDA:229,16,1,0
BRDA:231,17,0,0
BRDA:231,17,1,0
BRDA:231,18,0,0
BRDA:231,18,1,0
BRDA:320,19,0,0
BRDA:320,19,1,0
BRDA:321,20,0,0
BRDA:321,20,1,0
BRDA:322,21,0,0
BRDA:322,21,1,0
BRDA:323,22,0,0
BRDA:323,22,1,0
BRDA:324,23,0,0
BRDA:324,23,1,0
BRDA:347,24,0,0
BRDA:347,24,1,0
BRDA:352,25,0,0
BRDA:352,25,1,0
BRDA:367,26,0,0
BRDA:367,26,1,0
BRDA:385,27,0,0
BRDA:385,27,1,0
BRDA:385,28,0,0
BRDA:385,28,1,0
BRDA:401,29,0,0
BRDA:401,29,1,0
BRDA:411,30,0,0
BRDA:411,30,1,0
BRDA:447,31,0,0
BRDA:447,31,1,0
BRDA:447,32,0,0
BRDA:447,32,1,0
BRDA:456,33,0,0
BRDA:456,33,1,0
BRDA:456,33,2,0
BRDA:456,33,3,0
BRDA:459,34,0,0
BRDA:459,34,1,0
BRDA:463,35,0,0
BRDA:463,35,1,0
BRDA:471,36,0,0
BRDA:471,36,1,0
BRDA:479,37,0,0
BRDA:479,37,1,0
BRDA:486,38,0,0
BRDA:486,38,1,0
BRDA:486,38,2,0
BRDA:486,38,3,0
BRDA:492,39,0,0
BRDA:492,39,1,0
BRDA:505,40,0,0
BRDA:505,40,1,0
BRDA:511,41,0,0
BRDA:511,41,1,0
BRDA:517,42,0,0
BRDA:517,42,1,0
BRDA:521,43,0,0
BRDA:521,43,1,0
BRDA:525,44,0,0
BRDA:525,44,1,0
BRDA:526,45,0,0
BRDA:526,45,1,0
BRDA:531,46,0,0
BRDA:531,46,1,0
BRDA:534,47,0,0
BRDA:534,47,1,0
BRDA:550,48,0,0
BRDA:550,48,1,0
BRDA:554,49,0,0
BRDA:554,49,1,0
BRDA:558,50,0,0
BRDA:558,50,1,0
BRDA:579,51,0,0
BRDA:579,51,1,0
BRDA:586,52,0,0
BRDA:586,52,1,0
BRDA:595,53,0,0
BRDA:595,53,1,0
BRDA:600,54,0,0
BRDA:600,54,1,0
BRDA:600,55,0,0
BRDA:600,55,1,0
BRF:116
BRH:0
end_of_record
TN:
SF:app\(tabs)\orders.tsx
FN:68,(anonymous_0)
FN:93,(anonymous_1)
FN:148,(anonymous_2)
FN:211,(anonymous_3)
FN:234,(anonymous_4)
FN:250,(anonymous_5)
FN:259,(anonymous_6)
FN:269,(anonymous_7)
FN:318,(anonymous_8)
FN:354,(anonymous_9)
FN:387,(anonymous_10)
FN:435,(anonymous_11)
FN:458,(anonymous_12)
FN:467,(anonymous_13)
FN:472,(anonymous_14)
FN:501,(anonymous_15)
FN:516,(anonymous_16)
FN:545,(anonymous_17)
FN:552,(anonymous_18)
FN:1070,OrdersScreen
FN:1093,(anonymous_20)
FN:1095,(anonymous_21)
FN:1098,(anonymous_22)
FN:1099,(anonymous_23)
FN:1116,(anonymous_24)
FN:1117,(anonymous_25)
FN:1137,(anonymous_26)
FN:1141,(anonymous_27)
FN:1150,(anonymous_28)
FN:1163,(anonymous_29)
FN:1168,(anonymous_30)
FN:1173,(anonymous_31)
FN:1176,(anonymous_32)
FN:1181,(anonymous_33)
FN:1184,(anonymous_34)
FN:1189,(anonymous_35)
FN:1222,(anonymous_36)
FN:1223,(anonymous_37)
FN:1236,(anonymous_38)
FN:1242,(anonymous_39)
FN:1244,(anonymous_40)
FN:1249,(anonymous_41)
FN:1251,(anonymous_42)
FN:1256,(anonymous_43)
FN:1287,(anonymous_44)
FN:1287,(anonymous_45)
FN:1297,(anonymous_46)
FN:1303,(anonymous_47)
FN:1305,(anonymous_48)
FN:1310,(anonymous_49)
FN:1312,(anonymous_50)
FN:1317,(anonymous_51)
FN:1342,(anonymous_52)
FN:1342,(anonymous_53)
FN:1354,(anonymous_54)
FN:1483,(anonymous_55)
FN:1490,(anonymous_56)
FN:1515,(anonymous_57)
FN:1538,(anonymous_58)
FN:1543,(anonymous_59)
FN:1548,(anonymous_60)
FNF:61
FNH:0
FNDA:0,(anonymous_0)
FNDA:0,(anonymous_1)
FNDA:0,(anonymous_2)
FNDA:0,(anonymous_3)
FNDA:0,(anonymous_4)
FNDA:0,(anonymous_5)
FNDA:0,(anonymous_6)
FNDA:0,(anonymous_7)
FNDA:0,(anonymous_8)
FNDA:0,(anonymous_9)
FNDA:0,(anonymous_10)
FNDA:0,(anonymous_11)
FNDA:0,(anonymous_12)
FNDA:0,(anonymous_13)
FNDA:0,(anonymous_14)
FNDA:0,(anonymous_15)
FNDA:0,(anonymous_16)
FNDA:0,(anonymous_17)
FNDA:0,(anonymous_18)
FNDA:0,OrdersScreen
FNDA:0,(anonymous_20)
FNDA:0,(anonymous_21)
FNDA:0,(anonymous_22)
FNDA:0,(anonymous_23)
FNDA:0,(anonymous_24)
FNDA:0,(anonymous_25)
FNDA:0,(anonymous_26)
FNDA:0,(anonymous_27)
FNDA:0,(anonymous_28)
FNDA:0,(anonymous_29)
FNDA:0,(anonymous_30)
FNDA:0,(anonymous_31)
FNDA:0,(anonymous_32)
FNDA:0,(anonymous_33)
FNDA:0,(anonymous_34)
FNDA:0,(anonymous_35)
FNDA:0,(anonymous_36)
FNDA:0,(anonymous_37)
FNDA:0,(anonymous_38)
FNDA:0,(anonymous_39)
FNDA:0,(anonymous_40)
FNDA:0,(anonymous_41)
FNDA:0,(anonymous_42)
FNDA:0,(anonymous_43)
FNDA:0,(anonymous_44)
FNDA:0,(anonymous_45)
FNDA:0,(anonymous_46)
FNDA:0,(anonymous_47)
FNDA:0,(anonymous_48)
FNDA:0,(anonymous_49)
FNDA:0,(anonymous_50)
FNDA:0,(anonymous_51)
FNDA:0,(anonymous_52)
FNDA:0,(anonymous_53)
FNDA:0,(anonymous_54)
FNDA:0,(anonymous_55)
FNDA:0,(anonymous_56)
FNDA:0,(anonymous_57)
FNDA:0,(anonymous_58)
FNDA:0,(anonymous_59)
FNDA:0,(anonymous_60)
DA:49,0
DA:55,0
DA:68,0
DA:69,0
DA:93,0
DA:101,0
DA:103,0
DA:149,0
DA:211,0
DA:221,0
DA:222,0
DA:223,0
DA:224,0
DA:225,0
DA:226,0
DA:234,0
DA:235,0
DA:236,0
DA:237,0
DA:238,0
DA:239,0
DA:240,0
DA:246,0
DA:250,0
DA:252,0
DA:254,0
DA:256,0
DA:259,0
DA:261,0
DA:263,0
DA:264,0
DA:266,0
DA:269,0
DA:270,0
DA:276,0
DA:279,0
DA:280,0
DA:281,0
DA:282,0
DA:286,0
DA:287,0
DA:288,0
DA:292,0
DA:293,0
DA:294,0
DA:295,0
DA:297,0
DA:298,0
DA:299,0
DA:301,0
DA:303,0
DA:304,0
DA:309,0
DA:310,0
DA:311,0
DA:314,0
DA:315,0
DA:318,0
DA:319,0
DA:320,0
DA:321,0
DA:330,0
DA:354,0
DA:387,0
DA:435,0
DA:443,0
DA:444,0
DA:445,0
DA:446,0
DA:448,0
DA:458,0
DA:459,0
DA:460,0
DA:461,0
DA:462,0
DA:463,0
DA:467,0
DA:469,0
DA:472,0
DA:473,0
DA:475,0
DA:477,0
DA:478,0
DA:479,0
DA:482,0
DA:490,0
DA:492,0
DA:493,0
DA:496,0
DA:497,0
DA:501,0
DA:502,0
DA:503,0
DA:504,0
DA:507,0
DA:508,0
DA:509,0
DA:512,0
DA:513,0
DA:516,0
DA:517,0
DA:518,0
DA:519,0
DA:526,0
DA:546,0
DA:552,0
DA:627,0
DA:703,0
DA:858,0
DA:937,0
DA:1071,0
DA:1072,0
DA:1073,0
DA:1074,0
DA:1075,0
DA:1076,0
DA:1077,0
DA:1078,0
DA:1079,0
DA:1080,0
DA:1081,0
DA:1082,0
DA:1083,0
DA:1085,0
DA:1086,0
DA:1087,0
DA:1090,0
DA:1093,0
DA:1095,0
DA:1098,0
DA:1099,0
DA:1100,0
DA:1101,0
DA:1102,0
DA:1104,0
DA:1105,0
DA:1108,0
DA:1116,0
DA:1117,0
DA:1118,0
DA:1121,0
DA:1123,0
DA:1124,0
DA:1130,0
DA:1134,0
DA:1137,0
DA:1138,0
DA:1141,0
DA:1142,0
DA:1143,0
DA:1150,0
DA:1151,0
DA:1153,0
DA:1155,0
DA:1157,0
DA:1159,0
DA:1163,0
DA:1164,0
DA:1165,0
DA:1168,0
DA:1169,0
DA:1170,0
DA:1173,0
DA:1175,0
DA:1176,0
DA:1177,0
DA:1181,0
DA:1182,0
DA:1184,0
DA:1185,0
DA:1189,0
DA:1195,0
DA:1196,0
DA:1197,0
DA:1200,0
DA:1203,0
DA:1206,0
DA:1217,0
DA:1218,0
DA:1219,0
DA:1222,0
DA:1223,0
DA:1224,0
DA:1229,0
DA:1231,0
DA:1233,0
DA:1234,0
DA:1236,0
DA:1237,0
DA:1242,0
DA:1243,0
DA:1244,0
DA:1245,0
DA:1249,0
DA:1250,0
DA:1251,0
DA:1252,0
DA:1256,0
DA:1260,0
DA:1261,0
DA:1262,0
DA:1265,0
DA:1267,0
DA:1273,0
DA:1281,0
DA:1282,0
DA:1283,0
DA:1286,0
DA:1287,0
DA:1291,0
DA:1293,0
DA:1295,0
DA:1296,0
DA:1297,0
DA:1298,0
DA:1303,0
DA:1304,0
DA:1305,0
DA:1306,0
DA:1310,0
DA:1311,0
DA:1312,0
DA:1313,0
DA:1317,0
DA:1318,0
DA:1320,0
DA:1322,0
DA:1325,0
DA:1336,0
DA:1337,0
DA:1338,0
DA:1341,0
DA:1342,0
DA:1347,0
DA:1349,0
DA:1354,0
DA:1355,0
DA:1397,0
DA:1474,0
DA:1484,0
DA:1490,0
DA:1515,0
DA:1539,0
DA:1543,0
DA:1548,0
DA:1585,0
LF:246
LH:0
BRDA:79,0,0,0
BRDA:79,0,1,0
BRDA:79,1,0,0
BRDA:79,1,1,0
BRDA:83,2,0,0
BRDA:83,2,1,0
BRDA:101,3,0,0
BRDA:101,3,1,0
BRDA:128,4,0,0
BRDA:128,4,1,0
BRDA:168,5,0,0
BRDA:168,5,1,0
BRDA:169,6,0,0
BRDA:169,6,1,0
BRDA:176,7,0,0
BRDA:176,7,1,0
BRDA:176,7,2,0
BRDA:187,8,0,0
BRDA:187,8,1,0
BRDA:192,9,0,0
BRDA:192,9,1,0
BRDA:192,9,2,0
BRDA:197,10,0,0
BRDA:197,10,1,0
BRDA:235,11,0,0
BRDA:235,11,1,0
BRDA:263,12,0,0
BRDA:263,12,1,0
BRDA:280,13,0,0
BRDA:280,13,1,0
BRDA:280,14,0,0
BRDA:280,14,1,0
BRDA:286,15,0,0
BRDA:286,15,1,0
BRDA:293,16,0,0
BRDA:293,16,1,0
BRDA:293,17,0,0
BRDA:293,17,1,0
BRDA:301,18,0,0
BRDA:301,18,1,0
BRDA:301,19,0,0
BRDA:301,19,1,0
BRDA:301,19,2,0
BRDA:309,20,0,0
BRDA:309,20,1,0
BRDA:309,21,0,0
BRDA:309,21,1,0
BRDA:309,21,2,0
BRDA:319,22,0,0
BRDA:319,22,1,0
BRDA:359,23,0,0
BRDA:359,23,1,0
BRDA:374,24,0,0
BRDA:374,24,1,0
BRDA:392,25,0,0
BRDA:392,25,1,0
BRDA:410,26,0,0
BRDA:410,26,1,0
BRDA:421,27,0,0
BRDA:421,27,1,0
BRDA:459,28,0,0
BRDA:459,28,1,0
BRDA:477,29,0,0
BRDA:477,29,1,0
BRDA:490,30,0,0
BRDA:490,30,1,0
BRDA:490,31,0,0
BRDA:490,31,1,0
BRDA:490,31,2,0
BRDA:502,32,0,0
BRDA:502,32,1,0
BRDA:507,33,0,0
BRDA:507,33,1,0
BRDA:507,34,0,0
BRDA:507,34,1,0
BRDA:517,35,0,0
BRDA:517,35,1,0
BRDA:521,36,0,0
BRDA:521,36,1,0
BRDA:550,37,0,0
BRDA:550,37,1,0
BRDA:557,38,0,0
BRDA:557,38,1,0
BRDA:561,39,0,0
BRDA:561,39,1,0
BRDA:568,40,0,0
BRDA:568,40,1,0
BRDA:568,40,2,0
BRDA:575,41,0,0
BRDA:575,41,1,0
BRDA:602,42,0,0
BRDA:602,42,1,0
BRDA:609,43,0,0
BRDA:609,43,1,0
BRDA:609,43,2,0
BRDA:609,43,3,0
BRDA:612,44,0,0
BRDA:612,44,1,0
BRDA:612,44,2,0
BRDA:612,44,3,0
BRDA:614,45,0,0
BRDA:614,45,1,0
BRDA:1085,46,0,0
BRDA:1085,46,1,0
BRDA:1104,47,0,0
BRDA:1104,47,1,0
BRDA:1104,48,0,0
BRDA:1104,48,1,0
BRDA:1125,49,0,0
BRDA:1125,49,1,0
BRDA:1125,49,2,0
BRDA:1151,50,0,0
BRDA:1151,50,1,0
BRDA:1151,50,2,0
BRDA:1151,50,3,0
BRDA:1195,51,0,0
BRDA:1195,51,1,0
BRDA:1195,52,0,0
BRDA:1195,52,1,0
BRDA:1217,53,0,0
BRDA:1217,53,1,0
BRDA:1224,54,0,0
BRDA:1224,54,1,0
BRDA:1260,55,0,0
BRDA:1260,55,1,0
BRDA:1260,56,0,0
BRDA:1260,56,1,0
BRDA:1281,57,0,0
BRDA:1281,57,1,0
BRDA:1286,58,0,0
BRDA:1286,58,1,0
BRDA:1318,59,0,0
BRDA:1318,59,1,0
BRDA:1318,60,0,0
BRDA:1318,60,1,0
BRDA:1336,61,0,0
BRDA:1336,61,1,0
BRDA:1341,62,0,0
BRDA:1341,62,1,0
BRDA:1488,63,0,0
BRDA:1488,63,1,0
BRDA:1495,64,0,0
BRDA:1495,64,1,0
BRDA:1506,65,0,0
BRDA:1506,65,1,0
BRDA:1510,66,0,0
BRDA:1510,66,1,0
BRDA:1520,67,0,0
BRDA:1520,67,1,0
BRDA:1524,68,0,0
BRDA:1524,68,1,0
BRF:151
BRH:0
end_of_record
TN:
SF:app\(tabs)\profile.tsx
FN:18,ProfileScreen
FN:31,(anonymous_1)
FN:62,(anonymous_2)
FN:72,(anonymous_3)
FN:136,MenuItem
FN:140,(anonymous_5)
FNF:6
FNH:0
FNDA:0,ProfileScreen
FNDA:0,(anonymous_1)
FNDA:0,(anonymous_2)
FNDA:0,(anonymous_3)
FNDA:0,MenuItem
FNDA:0,(anonymous_5)
DA:19,0
DA:20,0
DA:21,0
DA:23,0
DA:25,0
DA:26,0
DA:27,0
DA:30,0
DA:32,0
DA:33,0
DA:34,0
DA:42,0
DA:63,0
DA:64,0
DA:72,0
DA:137,0
DA:139,0
DA:140,0
DA:153,0
LF:19
LH:0
BRDA:25,0,0,0
BRDA:25,0,1,0
BRDA:33,1,0,0
BRDA:33,1,1,0
BRDA:57,2,0,0
BRDA:57,2,1,0
BRDA:59,3,0,0
BRDA:59,3,1,0
BRF:8
BRH:0
end_of_record
TN:
SF:app\components\Header.tsx
FN:19,(anonymous_0)
FNF:1
FNH:0
FNDA:0,(anonymous_0)
DA:19,0
DA:25,0
DA:70,0
LF:3
LH:0
BRDA:20,0,0,0
BRDA:21,1,0,0
BRDA:33,2,0,0
BRDA:33,2,1,0
BRDA:51,3,0,0
BRDA:51,3,1,0
BRF:6
BRH:0
end_of_record
TN:
SF:app\context\userContext.jsx
FN:9,(anonymous_0)
FN:14,(anonymous_1)
FN:15,(anonymous_2)
FN:28,(anonymous_3)
FN:35,(anonymous_4)
FNF:5
FNH:0
FNDA:0,(anonymous_0)
FNDA:0,(anonymous_1)
FNDA:0,(anonymous_2)
FNDA:0,(anonymous_3)
FNDA:0,(anonymous_4)
DA:6,0
DA:9,0
DA:10,0
DA:11,0
DA:14,0
DA:15,0
DA:16,0
DA:17,0
DA:19,0
DA:20,0
DA:21,0
DA:25,0
DA:28,0
DA:29,0
DA:30,0
DA:31,0
DA:32,0
DA:35,0
DA:36,0
DA:37,0
DA:38,0
DA:39,0
DA:42,0
LF:23
LH:0
BRDA:19,0,0,0
BRDA:19,0,1,0
BRDA:19,1,0,0
BRDA:19,1,1,0
BRF:4
BRH:0
end_of_record
TN:
SF:components\Collapsible.tsx
FN:10,Collapsible
FN:18,(anonymous_1)
FN:18,(anonymous_2)
FNF:3
FNH:0
FNDA:0,Collapsible
FNDA:0,(anonymous_1)
FNDA:0,(anonymous_2)
DA:11,0
DA:12,0
DA:14,0
DA:18,0
DA:35,0
LF:5
LH:0
BRDA:12,0,0,0
BRDA:12,0,1,0
BRDA:24,1,0,0
BRDA:24,1,1,0
BRDA:25,2,0,0
BRDA:25,2,1,0
BRDA:30,3,0,0
BRDA:30,3,1,0
BRF:8
BRH:0
end_of_record
TN:
SF:components\ExternalLink.tsx
FN:8,ExternalLink
FN:14,(anonymous_1)
FNF:2
FNH:0
FNDA:0,ExternalLink
FNDA:0,(anonymous_1)
DA:9,0
DA:15,0
DA:17,0
DA:19,0
LF:4
LH:0
BRDA:15,0,0,0
BRDA:15,0,1,0
BRF:2
BRH:0
end_of_record
TN:
SF:components\HapticTab.tsx
FN:5,HapticTab
FN:9,(anonymous_1)
FNF:2
FNH:0
FNDA:0,HapticTab
FNDA:0,(anonymous_1)
DA:6,0
DA:10,0
DA:12,0
DA:14,0
LF:4
LH:0
BRDA:10,0,0,0
BRDA:10,0,1,0
BRF:2
BRH:0
end_of_record
TN:
SF:components\HelloWave.tsx
FN:13,HelloWave
FN:16,(anonymous_1)
FN:23,(anonymous_2)
FNF:3
FNH:0
FNDA:0,HelloWave
FNDA:0,(anonymous_1)
FNDA:0,(anonymous_2)
DA:14,0
DA:16,0
DA:17,0
DA:23,0
DA:27,0
DA:34,0
LF:6
LH:0
BRF:0
BRH:0
end_of_record
TN:
SF:components\ParallaxScrollView.tsx
FN:21,ParallaxScrollView
FN:30,(anonymous_1)
FNF:2
FNH:0
FNDA:0,ParallaxScrollView
FNDA:0,(anonymous_1)
DA:14,0
DA:26,0
DA:27,0
DA:28,0
DA:29,0
DA:30,0
DA:31,0
DA:47,0
DA:68,0
LF:9
LH:0
BRDA:26,0,0,0
BRDA:26,0,1,0
BRF:2
BRH:0
end_of_record
TN:
SF:components\ThemedText.tsx
FN:11,ThemedText
FNF:1
FNH:0
FNDA:0,ThemedText
DA:18,0
DA:20,0
DA:36,0
LF:3
LH:0
BRDA:15,0,0,0
BRDA:24,1,0,0
BRDA:24,1,1,0
BRDA:25,2,0,0
BRDA:25,2,1,0
BRDA:26,3,0,0
BRDA:26,3,1,0
BRDA:27,4,0,0
BRDA:27,4,1,0
BRDA:28,5,0,0
BRDA:28,5,1,0
BRF:11
BRH:0
end_of_record
TN:
SF:components\ThemedView.tsx
FN:10,ThemedView
FNF:1
FNH:0
FNDA:0,ThemedView
DA:11,0
DA:13,0
LF:2
LH:0
BRF:0
BRH:0
end_of_record
TN:
SF:components\ui\IconSymbol.ios.tsx
FN:4,IconSymbol
FNF:1
FNH:0
FNDA:0,IconSymbol
DA:17,0
LF:1
LH:0
BRDA:6,0,0,0
BRDA:9,1,0,0
BRF:2
BRH:0
end_of_record
TN:
SF:components\ui\IconSymbol.tsx
FN:30,IconSymbol
FNF:1
FNH:0
FNDA:0,IconSymbol
DA:9,0
DA:42,0
LF:2
LH:0
BRDA:32,0,0,0
BRF:1
BRH:0
end_of_record
TN:
SF:components\ui\TabBarBackground.ios.tsx
FN:6,BlurTabBarBackground
FN:18,useBottomTabOverflow
FNF:2
FNH:0
FNDA:0,BlurTabBarBackground
FNDA:0,useBottomTabOverflow
DA:7,0
DA:19,0
DA:20,0
DA:21,0
LF:4
LH:0
BRF:0
BRH:0
end_of_record
TN:
SF:components\ui\TabBarBackground.tsx
FN:4,useBottomTabOverflow
FNF:1
FNH:0
FNDA:0,useBottomTabOverflow
DA:5,0
LF:1
LH:0
BRF:0
BRH:0
end_of_record
