TN:
SF:app\_layout.tsx
FN:5,RootLayout
FNF:1
FNH:0
FNDA:0,RootLayout
DA:6,0
LF:1
LH:0
BRF:0
BRH:0
end_of_record
TN:
SF:app\addresses.tsx
FN:52,AddressScreen
FN:82,(anonymous_1)
FN:96,(anonymous_2)
FN:111,(anonymous_3)
FN:135,(anonymous_4)
FN:143,(anonymous_5)
FN:152,(anonymous_6)
FN:169,(anonymous_7)
FN:225,(anonymous_8)
FN:272,(anonymous_9)
FN:290,(anonymous_10)
FN:326,(anonymous_11)
FN:345,(anonymous_12)
FN:356,(anonymous_13)
FN:362,(anonymous_14)
FN:371,(anonymous_15)
FN:384,(anonymous_16)
FN:390,(anonymous_17)
FN:400,(anonymous_18)
FN:402,(anonymous_19)
FN:403,(anonymous_20)
FN:404,(anonymous_21)
FN:429,(anonymous_22)
FN:441,(anonymous_23)
FN:452,(anonymous_24)
FN:463,(anonymous_25)
FN:474,(anonymous_26)
FN:486,(anonymous_27)
FN:497,(anonymous_28)
FN:505,(anonymous_29)
FN:530,AddressCard
FN:561,(anonymous_31)
FN:569,(anonymous_32)
FNF:33
FNH:0
FNDA:0,AddressScreen
FNDA:0,(anonymous_1)
FNDA:0,(anonymous_2)
FNDA:0,(anonymous_3)
FNDA:0,(anonymous_4)
FNDA:0,(anonymous_5)
FNDA:0,(anonymous_6)
FNDA:0,(anonymous_7)
FNDA:0,(anonymous_8)
FNDA:0,(anonymous_9)
FNDA:0,(anonymous_10)
FNDA:0,(anonymous_11)
FNDA:0,(anonymous_12)
FNDA:0,(anonymous_13)
FNDA:0,(anonymous_14)
FNDA:0,(anonymous_15)
FNDA:0,(anonymous_16)
FNDA:0,(anonymous_17)
FNDA:0,(anonymous_18)
FNDA:0,(anonymous_19)
FNDA:0,(anonymous_20)
FNDA:0,(anonymous_21)
FNDA:0,(anonymous_22)
FNDA:0,(anonymous_23)
FNDA:0,(anonymous_24)
FNDA:0,(anonymous_25)
FNDA:0,(anonymous_26)
FNDA:0,(anonymous_27)
FNDA:0,(anonymous_28)
FNDA:0,(anonymous_29)
FNDA:0,AddressCard
FNDA:0,(anonymous_31)
FNDA:0,(anonymous_32)
DA:53,0
DA:54,0
DA:56,0
DA:58,0
DA:59,0
DA:60,0
DA:61,0
DA:62,0
DA:63,0
DA:65,0
DA:68,0
DA:82,0
DA:83,0
DA:84,0
DA:86,0
DA:91,0
DA:92,0
DA:96,0
DA:108,0
DA:111,0
DA:112,0
DA:113,0
DA:114,0
DA:117,0
DA:118,0
DA:119,0
DA:120,0
DA:125,0
DA:127,0
DA:128,0
DA:130,0
DA:135,0
DA:136,0
DA:143,0
DA:144,0
DA:145,0
DA:152,0
DA:153,0
DA:154,0
DA:155,0
DA:159,0
DA:169,0
DA:171,0
DA:172,0
DA:173,0
DA:176,0
DA:178,0
DA:179,0
DA:181,0
DA:183,0
DA:185,0
DA:193,0
DA:202,0
DA:214,0
DA:215,0
DA:216,0
DA:218,0
DA:219,0
DA:221,0
DA:225,0
DA:226,0
DA:227,0
DA:228,0
DA:229,0
DA:232,0
DA:233,0
DA:235,0
DA:241,0
DA:244,0
DA:258,0
DA:261,0
DA:263,0
DA:265,0
DA:266,0
DA:268,0
DA:272,0
DA:273,0
DA:274,0
DA:275,0
DA:276,0
DA:280,0
DA:291,0
DA:292,0
DA:293,0
DA:299,0
DA:301,0
DA:302,0
DA:304,0
DA:307,0
DA:308,0
DA:310,0
DA:319,0
DA:326,0
DA:345,0
DA:356,0
DA:363,0
DA:371,0
DA:384,0
DA:390,0
DA:401,0
DA:402,0
DA:403,0
DA:404,0
DA:429,0
DA:441,0
DA:452,0
DA:463,0
DA:474,0
DA:486,0
DA:497,0
DA:505,0
DA:539,0
DA:561,0
DA:569,0
DA:579,0
LF:115
LH:0
BRDA:83,0,0,0
BRDA:83,0,1,0
BRDA:83,1,0,0
BRDA:83,1,1,0
BRDA:83,1,2,0
BRDA:91,2,0,0
BRDA:91,2,1,0
BRDA:112,3,0,0
BRDA:112,3,1,0
BRDA:153,4,0,0
BRDA:153,4,1,0
BRDA:153,5,0,0
BRDA:153,5,1,0
BRDA:171,6,0,0
BRDA:171,6,1,0
BRDA:183,7,0,0
BRDA:183,7,1,0
BRDA:226,8,0,0
BRDA:226,8,1,0
BRDA:226,9,0,0
BRDA:226,9,1,0
BRDA:273,10,0,0
BRDA:273,10,1,0
BRDA:273,11,0,0
BRDA:273,11,1,0
BRDA:299,12,0,0
BRDA:299,12,1,0
BRDA:299,13,0,0
BRDA:299,13,1,0
BRDA:332,14,0,0
BRDA:332,14,1,0
BRDA:338,15,0,0
BRDA:338,15,1,0
BRDA:349,16,0,0
BRDA:349,16,1,0
BRDA:410,17,0,0
BRDA:410,17,1,0
BRDA:412,18,0,0
BRDA:412,18,1,0
BRDA:414,19,0,0
BRDA:414,19,1,0
BRDA:504,20,0,0
BRDA:504,20,1,0
BRDA:507,21,0,0
BRDA:507,21,1,0
BRDA:514,22,0,0
BRDA:514,22,1,0
BRDA:545,23,0,0
BRDA:545,23,1,0
BRF:49
BRH:0
end_of_record
TN:
SF:app\category-products.tsx
FN:60,(anonymous_0)
FN:64,(anonymous_1)
FN:84,(anonymous_2)
FN:85,(anonymous_3)
FN:94,(anonymous_4)
FN:100,(anonymous_5)
FN:118,(anonymous_6)
FN:134,(anonymous_7)
FN:140,(anonymous_8)
FN:147,(anonymous_9)
FN:176,(anonymous_10)
FN:187,(anonymous_11)
FN:226,(anonymous_12)
FN:237,(anonymous_13)
FN:261,(anonymous_14)
FN:264,(anonymous_15)
FN:265,(anonymous_16)
FN:289,(anonymous_17)
FN:298,(anonymous_18)
FN:356,(anonymous_19)
FN:359,(anonymous_20)
FN:396,(anonymous_21)
FN:400,(anonymous_22)
FN:412,(anonymous_23)
FN:420,(anonymous_24)
FN:443,(anonymous_25)
FNF:26
FNH:0
FNDA:0,(anonymous_0)
FNDA:0,(anonymous_1)
FNDA:0,(anonymous_2)
FNDA:0,(anonymous_3)
FNDA:0,(anonymous_4)
FNDA:0,(anonymous_5)
FNDA:0,(anonymous_6)
FNDA:0,(anonymous_7)
FNDA:0,(anonymous_8)
FNDA:0,(anonymous_9)
FNDA:0,(anonymous_10)
FNDA:0,(anonymous_11)
FNDA:0,(anonymous_12)
FNDA:0,(anonymous_13)
FNDA:0,(anonymous_14)
FNDA:0,(anonymous_15)
FNDA:0,(anonymous_16)
FNDA:0,(anonymous_17)
FNDA:0,(anonymous_18)
FNDA:0,(anonymous_19)
FNDA:0,(anonymous_20)
FNDA:0,(anonymous_21)
FNDA:0,(anonymous_22)
FNDA:0,(anonymous_23)
FNDA:0,(anonymous_24)
FNDA:0,(anonymous_25)
DA:45,0
DA:57,0
DA:60,0
DA:61,0
DA:64,0
DA:65,0
DA:66,0
DA:67,0
DA:68,0
DA:69,0
DA:72,0
DA:73,0
DA:74,0
DA:75,0
DA:76,0
DA:77,0
DA:78,0
DA:79,0
DA:80,0
DA:84,0
DA:85,0
DA:86,0
DA:87,0
DA:88,0
DA:90,0
DA:93,0
DA:95,0
DA:100,0
DA:102,0
DA:105,0
DA:108,0
DA:110,0
DA:114,0
DA:118,0
DA:119,0
DA:120,0
DA:122,0
DA:123,0
DA:124,0
DA:125,0
DA:127,0
DA:129,0
DA:130,0
DA:134,0
DA:135,0
DA:136,0
DA:140,0
DA:141,0
DA:142,0
DA:147,0
DA:148,0
DA:149,0
DA:150,0
DA:151,0
DA:155,0
DA:169,0
DA:170,0
DA:171,0
DA:176,0
DA:177,0
DA:178,0
DA:179,0
DA:180,0
DA:182,0
DA:187,0
DA:188,0
DA:189,0
DA:190,0
DA:192,0
DA:193,0
DA:194,0
DA:195,0
DA:196,0
DA:198,0
DA:202,0
DA:210,0
DA:211,0
DA:219,0
DA:220,0
DA:226,0
DA:233,0
DA:237,0
DA:261,0
DA:265,0
DA:289,0
DA:298,0
DA:357,0
DA:359,0
DA:397,0
DA:400,0
DA:413,0
DA:420,0
DA:445,0
DA:447,0
DA:483,0
LF:95
LH:0
BRDA:61,0,0,0
BRDA:61,0,1,0
BRDA:93,1,0,0
BRDA:93,1,1,0
BRDA:106,2,0,0
BRDA:106,2,1,0
BRDA:122,3,0,0
BRDA:122,3,1,0
BRDA:124,4,0,0
BRDA:124,4,1,0
BRDA:135,5,0,0
BRDA:135,5,1,0
BRDA:135,6,0,0
BRDA:135,6,1,0
BRDA:141,7,0,0
BRDA:141,7,1,0
BRDA:148,8,0,0
BRDA:148,8,1,0
BRDA:149,9,0,0
BRDA:149,9,1,0
BRDA:177,10,0,0
BRDA:177,10,1,0
BRDA:178,11,0,0
BRDA:178,11,1,0
BRDA:193,12,0,0
BRDA:193,12,1,0
BRDA:195,13,0,0
BRDA:195,13,1,0
BRDA:195,14,0,0
BRDA:195,14,1,0
BRDA:210,15,0,0
BRDA:210,15,1,0
BRDA:219,16,0,0
BRDA:219,16,1,0
BRDA:242,17,0,0
BRDA:242,17,1,0
BRDA:251,18,0,0
BRDA:251,18,1,0
BRDA:268,19,0,0
BRDA:268,19,1,0
BRDA:268,20,0,0
BRDA:268,20,1,0
BRDA:278,21,0,0
BRDA:278,21,1,0
BRDA:311,22,0,0
BRDA:311,22,1,0
BRDA:311,23,0,0
BRDA:311,23,1,0
BRDA:320,24,0,0
BRDA:320,24,1,0
BRDA:320,24,2,0
BRDA:320,24,3,0
BRDA:323,25,0,0
BRDA:323,25,1,0
BRDA:328,26,0,0
BRDA:328,26,1,0
BRDA:337,27,0,0
BRDA:337,27,1,0
BRDA:346,28,0,0
BRDA:346,28,1,0
BRDA:354,29,0,0
BRDA:354,29,1,0
BRDA:354,29,2,0
BRDA:354,29,3,0
BRDA:360,30,0,0
BRDA:360,30,1,0
BRDA:373,31,0,0
BRDA:373,31,1,0
BRDA:379,32,0,0
BRDA:379,32,1,0
BRDA:385,33,0,0
BRDA:385,33,1,0
BRDA:389,34,0,0
BRDA:389,34,1,0
BRDA:393,35,0,0
BRDA:393,35,1,0
BRDA:394,36,0,0
BRDA:394,36,1,0
BRDA:399,37,0,0
BRDA:399,37,1,0
BRDA:402,38,0,0
BRDA:402,38,1,0
BRDA:418,39,0,0
BRDA:418,39,1,0
BRDA:422,40,0,0
BRDA:422,40,1,0
BRDA:426,41,0,0
BRDA:426,41,1,0
BRDA:447,42,0,0
BRDA:447,42,1,0
BRDA:454,43,0,0
BRDA:454,43,1,0
BRDA:465,44,0,0
BRDA:465,44,1,0
BRDA:470,45,0,0
BRDA:470,45,1,0
BRDA:470,46,0,0
BRDA:470,46,1,0
BRF:98
BRH:0
end_of_record
TN:
SF:app\login.tsx
FN:10,LoginScreen
FN:18,(anonymous_1)
FN:59,(anonymous_2)
FN:103,(anonymous_3)
FNF:4
FNH:0
FNDA:0,LoginScreen
FNDA:0,(anonymous_1)
FNDA:0,(anonymous_2)
FNDA:0,(anonymous_3)
DA:11,0
DA:12,0
DA:13,0
DA:14,0
DA:15,0
DA:16,0
DA:18,0
DA:19,0
DA:20,0
DA:21,0
DA:24,0
DA:25,0
DA:27,0
DA:28,0
DA:36,0
DA:38,0
DA:39,0
DA:40,0
DA:41,0
DA:45,0
DA:48,0
DA:49,0
DA:50,0
DA:52,0
DA:53,0
DA:54,0
DA:59,0
DA:60,0
DA:61,0
DA:64,0
DA:103,0
DA:110,0
LF:32
LH:0
BRDA:19,0,0,0
BRDA:19,0,1,0
BRDA:19,1,0,0
BRDA:19,1,1,0
BRDA:38,2,0,0
BRDA:38,2,1,0
BRDA:39,3,0,0
BRDA:39,3,1,0
BRDA:87,4,0,0
BRDA:87,4,1,0
BRDA:90,5,0,0
BRDA:90,5,1,0
BRDA:95,6,0,0
BRDA:95,6,1,0
BRF:14
BRH:0
end_of_record
TN:
SF:app\my-products.tsx
FN:31,(anonymous_0)
FN:63,(anonymous_1)
FN:72,(anonymous_2)
FN:73,(anonymous_3)
FN:82,(anonymous_4)
FN:102,(anonymous_5)
FN:121,(anonymous_6)
FN:146,(anonymous_7)
FN:147,(anonymous_8)
FN:152,(anonymous_9)
FN:201,(anonymous_10)
FN:225,(anonymous_11)
FN:233,(anonymous_12)
FN:239,(anonymous_13)
FN:254,(anonymous_14)
FN:382,(anonymous_15)
FN:420,(anonymous_16)
FN:455,(anonymous_17)
FN:472,(anonymous_18)
FN:482,(anonymous_19)
FN:494,(anonymous_20)
FN:512,(anonymous_21)
FN:523,(anonymous_22)
FN:537,(anonymous_23)
FN:544,(anonymous_24)
FN:555,(anonymous_25)
FN:570,(anonymous_26)
FN:578,(anonymous_27)
FN:658,(anonymous_28)
FN:665,(anonymous_29)
FNF:30
FNH:0
FNDA:0,(anonymous_0)
FNDA:0,(anonymous_1)
FNDA:0,(anonymous_2)
FNDA:0,(anonymous_3)
FNDA:0,(anonymous_4)
FNDA:0,(anonymous_5)
FNDA:0,(anonymous_6)
FNDA:0,(anonymous_7)
FNDA:0,(anonymous_8)
FNDA:0,(anonymous_9)
FNDA:0,(anonymous_10)
FNDA:0,(anonymous_11)
FNDA:0,(anonymous_12)
FNDA:0,(anonymous_13)
FNDA:0,(anonymous_14)
FNDA:0,(anonymous_15)
FNDA:0,(anonymous_16)
FNDA:0,(anonymous_17)
FNDA:0,(anonymous_18)
FNDA:0,(anonymous_19)
FNDA:0,(anonymous_20)
FNDA:0,(anonymous_21)
FNDA:0,(anonymous_22)
FNDA:0,(anonymous_23)
FNDA:0,(anonymous_24)
FNDA:0,(anonymous_25)
FNDA:0,(anonymous_26)
FNDA:0,(anonymous_27)
FNDA:0,(anonymous_28)
FNDA:0,(anonymous_29)
DA:22,0
DA:31,0
DA:32,0
DA:33,0
DA:35,0
DA:36,0
DA:37,0
DA:40,0
DA:41,0
DA:42,0
DA:43,0
DA:44,0
DA:45,0
DA:46,0
DA:47,0
DA:50,0
DA:51,0
DA:52,0
DA:53,0
DA:54,0
DA:55,0
DA:56,0
DA:57,0
DA:60,0
DA:63,0
DA:64,0
DA:65,0
DA:67,0
DA:72,0
DA:73,0
DA:74,0
DA:75,0
DA:76,0
DA:82,0
DA:83,0
DA:85,0
DA:86,0
DA:87,0
DA:92,0
DA:94,0
DA:95,0
DA:97,0
DA:102,0
DA:103,0
DA:104,0
DA:105,0
DA:108,0
DA:109,0
DA:117,0
DA:118,0
DA:119,0
DA:121,0
DA:123,0
DA:124,0
DA:125,0
DA:127,0
DA:134,0
DA:135,0
DA:136,0
DA:137,0
DA:140,0
DA:141,0
DA:146,0
DA:147,0
DA:148,0
DA:152,0
DA:153,0
DA:154,0
DA:155,0
DA:158,0
DA:159,0
DA:161,0
DA:163,0
DA:166,0
DA:167,0
DA:168,0
DA:170,0
DA:173,0
DA:174,0
DA:176,0
DA:179,0
DA:186,0
DA:190,0
DA:191,0
DA:195,0
DA:203,0
DA:207,0
DA:209,0
DA:210,0
DA:211,0
DA:212,0
DA:213,0
DA:214,0
DA:216,0
DA:218,0
DA:220,0
DA:225,0
DA:226,0
DA:233,0
DA:239,0
DA:240,0
DA:241,0
DA:242,0
DA:244,0
DA:245,0
DA:247,0
DA:254,0
DA:255,0
DA:256,0
DA:257,0
DA:260,0
DA:261,0
DA:262,0
DA:263,0
DA:264,0
DA:267,0
DA:268,0
DA:270,0
DA:280,0
DA:283,0
DA:284,0
DA:291,0
DA:294,0
DA:296,0
DA:297,0
DA:298,0
DA:301,0
DA:302,0
DA:304,0
DA:305,0
DA:306,0
DA:307,0
DA:308,0
DA:309,0
DA:314,0
DA:315,0
DA:316,0
DA:318,0
DA:319,0
DA:324,0
DA:325,0
DA:326,0
DA:327,0
DA:330,0
DA:331,0
DA:332,0
DA:333,0
DA:335,0
DA:336,0
DA:337,0
DA:339,0
DA:343,0
DA:344,0
DA:345,0
DA:348,0
DA:349,0
DA:350,0
DA:359,0
DA:361,0
DA:368,0
DA:370,0
DA:371,0
DA:372,0
DA:374,0
DA:375,0
DA:377,0
DA:382,0
DA:383,0
DA:384,0
DA:385,0
DA:388,0
DA:389,0
DA:391,0
DA:397,0
DA:400,0
DA:401,0
DA:402,0
DA:403,0
DA:404,0
DA:405,0
DA:408,0
DA:410,0
DA:411,0
DA:413,0
DA:414,0
DA:416,0
DA:420,0
DA:421,0
DA:422,0
DA:423,0
DA:426,0
DA:429,0
DA:430,0
DA:432,0
DA:438,0
DA:440,0
DA:442,0
DA:443,0
DA:445,0
DA:448,0
DA:449,0
DA:451,0
DA:455,0
DA:456,0
DA:457,0
DA:458,0
DA:459,0
DA:460,0
DA:461,0
DA:462,0
DA:463,0
DA:464,0
DA:468,0
DA:469,0
DA:472,0
DA:482,0
DA:490,0
DA:494,0
DA:513,0
DA:514,0
DA:515,0
DA:524,0
DA:537,0
DA:544,0
DA:556,0
DA:557,0
DA:558,0
DA:570,0
DA:578,0
DA:659,0
DA:660,0
DA:665,0
DA:693,0
LF:233
LH:0
BRDA:35,0,0,0
BRDA:35,0,1,0
BRDA:60,1,0,0
BRDA:60,1,1,0
BRDA:60,1,2,0
BRDA:64,2,0,0
BRDA:64,2,1,0
BRDA:75,3,0,0
BRDA:75,3,1,0
BRDA:83,4,0,0
BRDA:83,4,1,0
BRDA:83,5,0,0
BRDA:83,5,1,0
BRDA:103,6,0,0
BRDA:103,6,1,0
BRDA:117,7,0,0
BRDA:117,7,1,0
BRDA:153,8,0,0
BRDA:153,8,1,0
BRDA:168,9,0,0
BRDA:168,9,1,0
BRDA:173,10,0,0
BRDA:173,10,1,0
BRDA:173,11,0,0
BRDA:173,11,1,0
BRDA:174,12,0,0
BRDA:174,12,1,0
BRDA:174,13,0,0
BRDA:174,13,1,0
BRDA:210,14,0,0
BRDA:210,14,1,0
BRDA:213,15,0,0
BRDA:213,15,1,0
BRDA:255,16,0,0
BRDA:255,16,1,0
BRDA:260,17,0,0
BRDA:260,17,1,0
BRDA:262,18,0,0
BRDA:262,18,1,0
BRDA:262,19,0,0
BRDA:262,19,1,0
BRDA:262,19,2,0
BRDA:262,19,3,0
BRDA:262,19,4,0
BRDA:262,19,5,0
BRDA:262,19,6,0
BRDA:294,20,0,0
BRDA:294,20,1,0
BRDA:296,21,0,0
BRDA:296,21,1,0
BRDA:304,22,0,0
BRDA:304,22,1,0
BRDA:306,23,0,0
BRDA:306,23,1,0
BRDA:343,24,0,0
BRDA:343,24,1,0
BRDA:343,25,0,0
BRDA:343,25,1,0
BRDA:343,25,2,0
BRDA:343,25,3,0
BRDA:343,25,4,0
BRDA:343,25,5,0
BRDA:383,26,0,0
BRDA:383,26,1,0
BRDA:421,27,0,0
BRDA:421,27,1,0
BRDA:440,28,0,0
BRDA:440,28,1,0
BRDA:440,29,0,0
BRDA:440,29,1,0
BRDA:468,30,0,0
BRDA:468,30,1,0
BRDA:468,31,0,0
BRDA:468,31,1,0
BRDA:500,32,0,0
BRDA:500,32,1,0
BRDA:505,33,0,0
BRDA:505,33,1,0
BRDA:525,34,0,0
BRDA:525,34,1,0
BRDA:525,34,2,0
BRDA:576,35,0,0
BRDA:576,35,1,0
BRDA:583,36,0,0
BRDA:583,36,1,0
BRDA:644,37,0,0
BRDA:644,37,1,0
BRDA:654,38,0,0
BRDA:654,38,1,0
BRDA:659,39,0,0
BRDA:659,39,1,0
BRDA:678,40,0,0
BRDA:678,40,1,0
BRF:93
BRH:0
end_of_record
TN:
SF:app\payment_details.tsx
FN:27,PaymentDetails
FN:72,(anonymous_1)
FN:73,(anonymous_2)
FN:77,(anonymous_3)
FN:93,(anonymous_4)
FN:99,(anonymous_5)
FN:106,(anonymous_6)
FN:161,(anonymous_7)
FN:218,(anonymous_8)
FN:247,(anonymous_9)
FN:255,(anonymous_10)
FN:279,(anonymous_11)
FN:288,(anonymous_12)
FN:297,(anonymous_13)
FN:312,(anonymous_14)
FN:337,(anonymous_15)
FN:367,(anonymous_16)
FN:396,(anonymous_17)
FN:408,(anonymous_18)
FN:421,(anonymous_19)
FN:435,(anonymous_20)
FN:538,(anonymous_21)
FN:543,(anonymous_22)
FNF:23
FNH:0
FNDA:0,PaymentDetails
FNDA:0,(anonymous_1)
FNDA:0,(anonymous_2)
FNDA:0,(anonymous_3)
FNDA:0,(anonymous_4)
FNDA:0,(anonymous_5)
FNDA:0,(anonymous_6)
FNDA:0,(anonymous_7)
FNDA:0,(anonymous_8)
FNDA:0,(anonymous_9)
FNDA:0,(anonymous_10)
FNDA:0,(anonymous_11)
FNDA:0,(anonymous_12)
FNDA:0,(anonymous_13)
FNDA:0,(anonymous_14)
FNDA:0,(anonymous_15)
FNDA:0,(anonymous_16)
FNDA:0,(anonymous_17)
FNDA:0,(anonymous_18)
FNDA:0,(anonymous_19)
FNDA:0,(anonymous_20)
FNDA:0,(anonymous_21)
FNDA:0,(anonymous_22)
DA:28,0
DA:29,0
DA:32,0
DA:33,0
DA:34,0
DA:35,0
DA:36,0
DA:39,0
DA:54,0
DA:57,0
DA:60,0
DA:61,0
DA:62,0
DA:63,0
DA:66,0
DA:69,0
DA:72,0
DA:73,0
DA:77,0
DA:79,0
DA:82,0
DA:85,0
DA:93,0
DA:95,0
DA:100,0
DA:106,0
DA:108,0
DA:110,0
DA:112,0
DA:113,0
DA:115,0
DA:116,0
DA:117,0
DA:118,0
DA:122,0
DA:123,0
DA:124,0
DA:126,0
DA:127,0
DA:128,0
DA:129,0
DA:132,0
DA:133,0
DA:134,0
DA:135,0
DA:139,0
DA:142,0
DA:143,0
DA:144,0
DA:146,0
DA:152,0
DA:154,0
DA:155,0
DA:156,0
DA:157,0
DA:158,0
DA:161,0
DA:162,0
DA:164,0
DA:165,0
DA:166,0
DA:167,0
DA:171,0
DA:172,0
DA:178,0
DA:179,0
DA:180,0
DA:184,0
DA:198,0
DA:201,0
DA:208,0
DA:209,0
DA:212,0
DA:215,0
DA:218,0
DA:219,0
DA:223,0
DA:224,0
DA:225,0
DA:226,0
DA:231,0
DA:233,0
DA:234,0
DA:236,0
DA:240,0
DA:241,0
DA:242,0
DA:247,0
DA:248,0
DA:251,0
DA:255,0
DA:279,0
DA:288,0
DA:297,0
DA:312,0
DA:337,0
DA:367,0
DA:396,0
DA:408,0
DA:421,0
DA:435,0
DA:539,0
DA:544,0
DA:556,0
DA:558,0
LF:105
LH:0
BRDA:32,0,0,0
BRDA:32,0,1,0
BRDA:33,1,0,0
BRDA:33,1,1,0
BRDA:34,2,0,0
BRDA:34,2,1,0
BRDA:35,3,0,0
BRDA:35,3,1,0
BRDA:36,4,0,0
BRDA:36,4,1,0
BRDA:77,5,0,0
BRDA:115,6,0,0
BRDA:115,6,1,0
BRDA:115,7,0,0
BRDA:115,7,1,0
BRDA:132,8,0,0
BRDA:132,8,1,0
BRDA:132,9,0,0
BRDA:132,9,1,0
BRDA:155,10,0,0
BRDA:155,10,1,0
BRDA:155,11,0,0
BRDA:155,11,1,0
BRDA:161,12,0,0
BRDA:161,12,1,0
BRDA:164,13,0,0
BRDA:164,13,1,0
BRDA:164,14,0,0
BRDA:164,14,1,0
BRDA:171,15,0,0
BRDA:171,15,1,0
BRDA:171,16,0,0
BRDA:171,16,1,0
BRDA:171,16,2,0
BRDA:171,16,3,0
BRDA:189,17,0,0
BRDA:189,17,1,0
BRDA:190,18,0,0
BRDA:190,18,1,0
BRDA:194,19,0,0
BRDA:194,19,1,0
BRDA:208,20,0,0
BRDA:208,20,1,0
BRDA:224,21,0,0
BRDA:224,21,1,0
BRDA:225,22,0,0
BRDA:225,22,1,0
BRDA:231,23,0,0
BRDA:231,23,1,0
BRDA:311,24,0,0
BRDA:311,24,1,0
BRDA:316,25,0,0
BRDA:316,25,1,0
BRDA:336,26,0,0
BRDA:336,26,1,0
BRDA:341,27,0,0
BRDA:341,27,1,0
BRDA:366,28,0,0
BRDA:366,28,1,0
BRDA:371,29,0,0
BRDA:371,29,1,0
BRDA:383,30,0,0
BRDA:383,30,1,0
BRDA:454,31,0,0
BRDA:454,31,1,0
BRDA:498,32,0,0
BRDA:498,32,1,0
BRDA:502,33,0,0
BRDA:502,33,1,0
BRDA:521,34,0,0
BRDA:521,34,1,0
BRDA:525,35,0,0
BRDA:525,35,1,0
BRDA:531,36,0,0
BRDA:531,36,1,0
BRF:75
BRH:0
end_of_record
TN:
SF:app\settings.tsx
FN:46,(anonymous_0)
FN:69,(anonymous_1)
FN:76,(anonymous_2)
FN:77,(anonymous_3)
FN:85,(anonymous_4)
FN:106,(anonymous_5)
FN:119,(anonymous_6)
FN:214,(anonymous_7)
FN:223,(anonymous_8)
FN:247,(anonymous_9)
FN:266,(anonymous_10)
FN:407,(anonymous_11)
FN:430,(anonymous_12)
FN:441,(anonymous_13)
FNF:14
FNH:0
FNDA:0,(anonymous_0)
FNDA:0,(anonymous_1)
FNDA:0,(anonymous_2)
FNDA:0,(anonymous_3)
FNDA:0,(anonymous_4)
FNDA:0,(anonymous_5)
FNDA:0,(anonymous_6)
FNDA:0,(anonymous_7)
FNDA:0,(anonymous_8)
FNDA:0,(anonymous_9)
FNDA:0,(anonymous_10)
FNDA:0,(anonymous_11)
FNDA:0,(anonymous_12)
FNDA:0,(anonymous_13)
DA:23,0
DA:46,0
DA:47,0
DA:48,0
DA:49,0
DA:50,0
DA:51,0
DA:52,0
DA:53,0
DA:56,0
DA:57,0
DA:58,0
DA:59,0
DA:60,0
DA:61,0
DA:62,0
DA:63,0
DA:66,0
DA:69,0
DA:70,0
DA:71,0
DA:76,0
DA:77,0
DA:78,0
DA:79,0
DA:80,0
DA:85,0
DA:86,0
DA:88,0
DA:89,0
DA:90,0
DA:92,0
DA:93,0
DA:94,0
DA:95,0
DA:96,0
DA:97,0
DA:99,0
DA:100,0
DA:102,0
DA:106,0
DA:107,0
DA:114,0
DA:115,0
DA:119,0
DA:120,0
DA:121,0
DA:122,0
DA:126,0
DA:127,0
DA:128,0
DA:129,0
DA:131,0
DA:132,0
DA:133,0
DA:137,0
DA:138,0
DA:139,0
DA:141,0
DA:143,0
DA:144,0
DA:145,0
DA:151,0
DA:157,0
DA:160,0
DA:161,0
DA:162,0
DA:166,0
DA:167,0
DA:170,0
DA:171,0
DA:173,0
DA:174,0
DA:177,0
DA:178,0
DA:179,0
DA:180,0
DA:182,0
DA:183,0
DA:185,0
DA:193,0
DA:199,0
DA:202,0
DA:203,0
DA:206,0
DA:207,0
DA:208,0
DA:210,0
DA:214,0
DA:215,0
DA:224,0
DA:226,0
DA:227,0
DA:228,0
DA:230,0
DA:233,0
DA:234,0
DA:236,0
DA:237,0
DA:238,0
DA:239,0
DA:247,0
DA:248,0
DA:249,0
DA:252,0
DA:253,0
DA:266,0
DA:274,0
DA:407,0
DA:430,0
DA:441,0
DA:460,0
LF:112
LH:0
BRDA:66,0,0,0
BRDA:66,0,1,0
BRDA:66,0,2,0
BRDA:70,1,0,0
BRDA:70,1,1,0
BRDA:79,2,0,0
BRDA:79,2,1,0
BRDA:86,3,0,0
BRDA:86,3,1,0
BRDA:86,4,0,0
BRDA:86,4,1,0
BRDA:93,5,0,0
BRDA:93,5,1,0
BRDA:94,6,0,0
BRDA:94,6,1,0
BRDA:95,7,0,0
BRDA:95,7,1,0
BRDA:114,8,0,0
BRDA:114,8,1,0
BRDA:114,9,0,0
BRDA:114,9,1,0
BRDA:120,10,0,0
BRDA:120,10,1,0
BRDA:126,11,0,0
BRDA:126,11,1,0
BRDA:127,12,0,0
BRDA:127,12,1,0
BRDA:131,13,0,0
BRDA:131,13,1,0
BRDA:143,14,0,0
BRDA:143,14,1,0
BRDA:143,15,0,0
BRDA:143,15,1,0
BRDA:166,16,0,0
BRDA:166,16,1,0
BRDA:166,17,0,0
BRDA:166,17,1,0
BRDA:166,17,2,0
BRDA:170,18,0,0
BRDA:170,18,1,0
BRDA:171,19,0,0
BRDA:171,19,1,0
BRDA:177,20,0,0
BRDA:177,20,1,0
BRDA:207,21,0,0
BRDA:207,21,1,0
BRDA:224,22,0,0
BRDA:224,22,1,0
BRDA:237,23,0,0
BRDA:237,23,1,0
BRDA:252,24,0,0
BRDA:252,24,1,0
BRDA:284,25,0,0
BRDA:284,25,1,0
BRDA:290,26,0,0
BRDA:290,26,1,0
BRDA:296,27,0,0
BRDA:296,27,1,0
BRDA:306,28,0,0
BRDA:306,28,1,0
BRDA:387,29,0,0
BRDA:387,29,1,0
BRDA:397,30,0,0
BRDA:397,30,1,0
BRDA:418,31,0,0
BRDA:418,31,1,0
BRF:66
BRH:0
end_of_record
TN:
SF:app\signUp.tsx
FN:9,SignupScreen
FN:19,(anonymous_1)
FN:129,(anonymous_2)
FNF:3
FNH:0
FNDA:0,SignupScreen
FNDA:0,(anonymous_1)
FNDA:0,(anonymous_2)
DA:10,0
DA:11,0
DA:12,0
DA:13,0
DA:14,0
DA:15,0
DA:16,0
DA:17,0
DA:19,0
DA:20,0
DA:21,0
DA:22,0
DA:26,0
DA:27,0
DA:28,0
DA:29,0
DA:33,0
DA:34,0
DA:35,0
DA:38,0
DA:39,0
DA:40,0
DA:43,0
DA:44,0
DA:46,0
DA:48,0
DA:49,0
DA:57,0
DA:59,0
DA:60,0
DA:61,0
DA:64,0
DA:65,0
DA:67,0
DA:68,0
DA:70,0
DA:74,0
DA:129,0
DA:136,0
LF:39
LH:0
BRDA:20,0,0,0
BRDA:20,0,1,0
BRDA:20,1,0,0
BRDA:20,1,1,0
BRDA:20,1,2,0
BRDA:20,1,3,0
BRDA:20,1,4,0
BRDA:27,2,0,0
BRDA:27,2,1,0
BRDA:33,3,0,0
BRDA:33,3,1,0
BRDA:38,4,0,0
BRDA:38,4,1,0
BRDA:59,5,0,0
BRDA:59,5,1,0
BRDA:60,6,0,0
BRDA:60,6,1,0
BRDA:119,7,0,0
BRDA:119,7,1,0
BRDA:122,8,0,0
BRDA:122,8,1,0
BRF:21
BRH:0
end_of_record
TN:
SF:app\(tabs)\_layout.tsx
FN:7,AppLayout
FN:44,(anonymous_1)
FN:54,(anonymous_2)
FN:64,(anonymous_3)
FNF:4
FNH:0
FNDA:0,AppLayout
FNDA:0,(anonymous_1)
FNDA:0,(anonymous_2)
FNDA:0,(anonymous_3)
DA:8,0
DA:10,0
DA:45,0
DA:55,0
DA:65,0
DA:74,0
LF:6
LH:0
BRF:0
BRH:0
end_of_record
TN:
SF:app\(tabs)\index.tsx
FN:83,(anonymous_0)
FN:87,ExploreScreen
FN:114,(anonymous_2)
FN:123,(anonymous_3)
FN:127,(anonymous_4)
FN:141,(anonymous_5)
FN:148,(anonymous_6)
FN:158,(anonymous_7)
FN:175,(anonymous_8)
FN:183,(anonymous_9)
FN:190,(anonymous_10)
FN:208,(anonymous_11)
FN:215,(anonymous_12)
FN:223,(anonymous_13)
FN:240,(anonymous_14)
FN:271,(anonymous_15)
FN:282,(anonymous_16)
FN:288,(anonymous_17)
FN:295,(anonymous_18)
FN:379,(anonymous_19)
FN:383,(anonymous_20)
FN:431,(anonymous_21)
FN:452,(anonymous_22)
FN:455,(anonymous_23)
FN:483,(anonymous_24)
FN:506,(anonymous_25)
FN:516,(anonymous_26)
FN:574,(anonymous_27)
FN:577,(anonymous_28)
FN:614,(anonymous_29)
FN:618,(anonymous_30)
FN:630,(anonymous_31)
FN:638,(anonymous_32)
FN:663,(anonymous_33)
FNF:34
FNH:0
FNDA:0,(anonymous_0)
FNDA:0,ExploreScreen
FNDA:0,(anonymous_2)
FNDA:0,(anonymous_3)
FNDA:0,(anonymous_4)
FNDA:0,(anonymous_5)
FNDA:0,(anonymous_6)
FNDA:0,(anonymous_7)
FNDA:0,(anonymous_8)
FNDA:0,(anonymous_9)
FNDA:0,(anonymous_10)
FNDA:0,(anonymous_11)
FNDA:0,(anonymous_12)
FNDA:0,(anonymous_13)
FNDA:0,(anonymous_14)
FNDA:0,(anonymous_15)
FNDA:0,(anonymous_16)
FNDA:0,(anonymous_17)
FNDA:0,(anonymous_18)
FNDA:0,(anonymous_19)
FNDA:0,(anonymous_20)
FNDA:0,(anonymous_21)
FNDA:0,(anonymous_22)
FNDA:0,(anonymous_23)
FNDA:0,(anonymous_24)
FNDA:0,(anonymous_25)
FNDA:0,(anonymous_26)
FNDA:0,(anonymous_27)
FNDA:0,(anonymous_28)
FNDA:0,(anonymous_29)
FNDA:0,(anonymous_30)
FNDA:0,(anonymous_31)
FNDA:0,(anonymous_32)
FNDA:0,(anonymous_33)
DA:26,0
DA:58,0
DA:68,0
DA:80,0
DA:83,0
DA:84,0
DA:88,0
DA:89,0
DA:90,0
DA:91,0
DA:92,0
DA:93,0
DA:94,0
DA:95,0
DA:96,0
DA:97,0
DA:98,0
DA:99,0
DA:100,0
DA:101,0
DA:102,0
DA:103,0
DA:106,0
DA:107,0
DA:108,0
DA:109,0
DA:110,0
DA:111,0
DA:114,0
DA:115,0
DA:116,0
DA:117,0
DA:118,0
DA:121,0
DA:122,0
DA:123,0
DA:127,0
DA:129,0
DA:130,0
DA:131,0
DA:133,0
DA:134,0
DA:136,0
DA:141,0
DA:142,0
DA:143,0
DA:148,0
DA:149,0
DA:150,0
DA:151,0
DA:152,0
DA:154,0
DA:158,0
DA:160,0
DA:161,0
DA:163,0
DA:164,0
DA:165,0
DA:167,0
DA:169,0
DA:174,0
DA:176,0
DA:179,0
DA:180,0
DA:183,0
DA:184,0
DA:190,0
DA:191,0
DA:193,0
DA:194,0
DA:195,0
DA:196,0
DA:198,0
DA:200,0
DA:202,0
DA:203,0
DA:208,0
DA:209,0
DA:210,0
DA:211,0
DA:215,0
DA:216,0
DA:223,0
DA:224,0
DA:225,0
DA:227,0
DA:228,0
DA:229,0
DA:230,0
DA:232,0
DA:234,0
DA:235,0
DA:236,0
DA:240,0
DA:241,0
DA:242,0
DA:243,0
DA:244,0
DA:248,0
DA:264,0
DA:265,0
DA:266,0
DA:271,0
DA:272,0
DA:273,0
DA:274,0
DA:275,0
DA:277,0
DA:282,0
DA:283,0
DA:284,0
DA:288,0
DA:289,0
DA:290,0
DA:295,0
DA:296,0
DA:297,0
DA:298,0
DA:300,0
DA:301,0
DA:302,0
DA:303,0
DA:304,0
DA:306,0
DA:310,0
DA:318,0
DA:380,0
DA:383,0
DA:432,0
DA:433,0
DA:453,0
DA:455,0
DA:483,0
DA:506,0
DA:516,0
DA:575,0
DA:577,0
DA:615,0
DA:618,0
DA:631,0
DA:638,0
DA:665,0
DA:667,0
DA:703,0
LF:144
LH:0
BRDA:84,0,0,0
BRDA:84,0,1,0
BRDA:91,1,0,0
BRDA:91,1,1,0
BRDA:122,2,0,0
BRDA:122,2,1,0
BRDA:122,3,0,0
BRDA:122,3,1,0
BRDA:134,4,0,0
BRDA:134,4,1,0
BRDA:142,5,0,0
BRDA:142,5,1,0
BRDA:150,6,0,0
BRDA:150,6,1,0
BRDA:160,7,0,0
BRDA:160,7,1,0
BRDA:160,8,0,0
BRDA:160,8,1,0
BRDA:160,8,2,0
BRDA:161,9,0,0
BRDA:161,9,1,0
BRDA:179,10,0,0
BRDA:179,10,1,0
BRDA:179,11,0,0
BRDA:179,11,1,0
BRDA:179,11,2,0
BRDA:191,12,0,0
BRDA:191,12,1,0
BRDA:195,13,0,0
BRDA:195,13,1,0
BRDA:195,14,0,0
BRDA:195,14,1,0
BRDA:227,15,0,0
BRDA:227,15,1,0
BRDA:229,16,0,0
BRDA:229,16,1,0
BRDA:241,17,0,0
BRDA:241,17,1,0
BRDA:242,18,0,0
BRDA:242,18,1,0
BRDA:258,19,0,0
BRDA:258,19,1,0
BRDA:258,20,0,0
BRDA:258,20,1,0
BRDA:272,21,0,0
BRDA:272,21,1,0
BRDA:273,22,0,0
BRDA:273,22,1,0
BRDA:283,23,0,0
BRDA:283,23,1,0
BRDA:283,24,0,0
BRDA:283,24,1,0
BRDA:289,25,0,0
BRDA:289,25,1,0
BRDA:301,26,0,0
BRDA:301,26,1,0
BRDA:303,27,0,0
BRDA:303,27,1,0
BRDA:303,28,0,0
BRDA:303,28,1,0
BRDA:390,29,0,0
BRDA:390,29,1,0
BRDA:391,30,0,0
BRDA:391,30,1,0
BRDA:392,31,0,0
BRDA:392,31,1,0
BRDA:393,32,0,0
BRDA:393,32,1,0
BRDA:394,33,0,0
BRDA:394,33,1,0
BRDA:418,34,0,0
BRDA:418,34,1,0
BRDA:423,35,0,0
BRDA:423,35,1,0
BRDA:440,36,0,0
BRDA:440,36,1,0
BRDA:460,37,0,0
BRDA:460,37,1,0
BRDA:460,38,0,0
BRDA:460,38,1,0
BRDA:478,39,0,0
BRDA:478,39,1,0
BRDA:488,40,0,0
BRDA:488,40,1,0
BRDA:529,41,0,0
BRDA:529,41,1,0
BRDA:529,42,0,0
BRDA:529,42,1,0
BRDA:538,43,0,0
BRDA:538,43,1,0
BRDA:538,43,2,0
BRDA:538,43,3,0
BRDA:541,44,0,0
BRDA:541,44,1,0
BRDA:546,45,0,0
BRDA:546,45,1,0
BRDA:555,46,0,0
BRDA:555,46,1,0
BRDA:564,47,0,0
BRDA:564,47,1,0
BRDA:572,48,0,0
BRDA:572,48,1,0
BRDA:572,48,2,0
BRDA:572,48,3,0
BRDA:578,49,0,0
BRDA:578,49,1,0
BRDA:591,50,0,0
BRDA:591,50,1,0
BRDA:597,51,0,0
BRDA:597,51,1,0
BRDA:603,52,0,0
BRDA:603,52,1,0
BRDA:607,53,0,0
BRDA:607,53,1,0
BRDA:611,54,0,0
BRDA:611,54,1,0
BRDA:612,55,0,0
BRDA:612,55,1,0
BRDA:617,56,0,0
BRDA:617,56,1,0
BRDA:620,57,0,0
BRDA:620,57,1,0
BRDA:636,58,0,0
BRDA:636,58,1,0
BRDA:640,59,0,0
BRDA:640,59,1,0
BRDA:645,60,0,0
BRDA:645,60,1,0
BRDA:667,61,0,0
BRDA:667,61,1,0
BRDA:674,62,0,0
BRDA:674,62,1,0
BRDA:685,63,0,0
BRDA:685,63,1,0
BRDA:690,64,0,0
BRDA:690,64,1,0
BRDA:690,65,0,0
BRDA:690,65,1,0
BRF:138
BRH:0
end_of_record
TN:
SF:app\(tabs)\orders.tsx
FN:69,(anonymous_0)
FN:94,(anonymous_1)
FN:149,(anonymous_2)
FN:212,(anonymous_3)
FN:235,(anonymous_4)
FN:251,(anonymous_5)
FN:260,(anonymous_6)
FN:270,(anonymous_7)
FN:319,(anonymous_8)
FN:355,(anonymous_9)
FN:388,(anonymous_10)
FN:436,(anonymous_11)
FN:459,(anonymous_12)
FN:468,(anonymous_13)
FN:473,(anonymous_14)
FN:502,(anonymous_15)
FN:517,(anonymous_16)
FN:546,(anonymous_17)
FN:553,(anonymous_18)
FN:1079,OrdersScreen
FN:1105,(anonymous_20)
FN:1115,(anonymous_21)
FN:1116,(anonymous_22)
FN:1121,(anonymous_23)
FN:1164,(anonymous_24)
FN:1171,(anonymous_25)
FN:1178,(anonymous_26)
FN:1194,(anonymous_27)
FN:1201,(anonymous_28)
FN:1208,(anonymous_29)
FN:1225,(anonymous_30)
FN:1229,(anonymous_31)
FN:1238,(anonymous_32)
FN:1251,(anonymous_33)
FN:1256,(anonymous_34)
FN:1261,(anonymous_35)
FN:1264,(anonymous_36)
FN:1269,(anonymous_37)
FN:1272,(anonymous_38)
FN:1277,(anonymous_39)
FN:1310,(anonymous_40)
FN:1311,(anonymous_41)
FN:1324,(anonymous_42)
FN:1330,(anonymous_43)
FN:1332,(anonymous_44)
FN:1337,(anonymous_45)
FN:1339,(anonymous_46)
FN:1344,(anonymous_47)
FN:1375,(anonymous_48)
FN:1375,(anonymous_49)
FN:1385,(anonymous_50)
FN:1391,(anonymous_51)
FN:1393,(anonymous_52)
FN:1398,(anonymous_53)
FN:1400,(anonymous_54)
FN:1405,(anonymous_55)
FN:1430,(anonymous_56)
FN:1430,(anonymous_57)
FN:1442,(anonymous_58)
FN:1576,(anonymous_59)
FN:1594,(anonymous_60)
FN:1601,(anonymous_61)
FN:1653,(anonymous_62)
FN:1660,(anonymous_63)
FN:1670,(anonymous_64)
FNF:65
FNH:0
FNDA:0,(anonymous_0)
FNDA:0,(anonymous_1)
FNDA:0,(anonymous_2)
FNDA:0,(anonymous_3)
FNDA:0,(anonymous_4)
FNDA:0,(anonymous_5)
FNDA:0,(anonymous_6)
FNDA:0,(anonymous_7)
FNDA:0,(anonymous_8)
FNDA:0,(anonymous_9)
FNDA:0,(anonymous_10)
FNDA:0,(anonymous_11)
FNDA:0,(anonymous_12)
FNDA:0,(anonymous_13)
FNDA:0,(anonymous_14)
FNDA:0,(anonymous_15)
FNDA:0,(anonymous_16)
FNDA:0,(anonymous_17)
FNDA:0,(anonymous_18)
FNDA:0,OrdersScreen
FNDA:0,(anonymous_20)
FNDA:0,(anonymous_21)
FNDA:0,(anonymous_22)
FNDA:0,(anonymous_23)
FNDA:0,(anonymous_24)
FNDA:0,(anonymous_25)
FNDA:0,(anonymous_26)
FNDA:0,(anonymous_27)
FNDA:0,(anonymous_28)
FNDA:0,(anonymous_29)
FNDA:0,(anonymous_30)
FNDA:0,(anonymous_31)
FNDA:0,(anonymous_32)
FNDA:0,(anonymous_33)
FNDA:0,(anonymous_34)
FNDA:0,(anonymous_35)
FNDA:0,(anonymous_36)
FNDA:0,(anonymous_37)
FNDA:0,(anonymous_38)
FNDA:0,(anonymous_39)
FNDA:0,(anonymous_40)
FNDA:0,(anonymous_41)
FNDA:0,(anonymous_42)
FNDA:0,(anonymous_43)
FNDA:0,(anonymous_44)
FNDA:0,(anonymous_45)
FNDA:0,(anonymous_46)
FNDA:0,(anonymous_47)
FNDA:0,(anonymous_48)
FNDA:0,(anonymous_49)
FNDA:0,(anonymous_50)
FNDA:0,(anonymous_51)
FNDA:0,(anonymous_52)
FNDA:0,(anonymous_53)
FNDA:0,(anonymous_54)
FNDA:0,(anonymous_55)
FNDA:0,(anonymous_56)
FNDA:0,(anonymous_57)
FNDA:0,(anonymous_58)
FNDA:0,(anonymous_59)
FNDA:0,(anonymous_60)
FNDA:0,(anonymous_61)
FNDA:0,(anonymous_62)
FNDA:0,(anonymous_63)
FNDA:0,(anonymous_64)
DA:50,0
DA:56,0
DA:69,0
DA:70,0
DA:94,0
DA:102,0
DA:104,0
DA:150,0
DA:212,0
DA:222,0
DA:223,0
DA:224,0
DA:225,0
DA:226,0
DA:227,0
DA:235,0
DA:236,0
DA:237,0
DA:238,0
DA:239,0
DA:240,0
DA:241,0
DA:247,0
DA:251,0
DA:253,0
DA:255,0
DA:257,0
DA:260,0
DA:262,0
DA:264,0
DA:265,0
DA:267,0
DA:270,0
DA:271,0
DA:277,0
DA:280,0
DA:281,0
DA:282,0
DA:283,0
DA:287,0
DA:288,0
DA:289,0
DA:293,0
DA:294,0
DA:295,0
DA:296,0
DA:298,0
DA:299,0
DA:300,0
DA:302,0
DA:304,0
DA:305,0
DA:310,0
DA:311,0
DA:312,0
DA:315,0
DA:316,0
DA:319,0
DA:320,0
DA:321,0
DA:322,0
DA:331,0
DA:355,0
DA:388,0
DA:436,0
DA:444,0
DA:445,0
DA:446,0
DA:447,0
DA:449,0
DA:459,0
DA:460,0
DA:461,0
DA:462,0
DA:463,0
DA:464,0
DA:468,0
DA:470,0
DA:473,0
DA:474,0
DA:476,0
DA:478,0
DA:479,0
DA:480,0
DA:483,0
DA:491,0
DA:493,0
DA:494,0
DA:497,0
DA:498,0
DA:502,0
DA:503,0
DA:504,0
DA:505,0
DA:508,0
DA:509,0
DA:510,0
DA:513,0
DA:514,0
DA:517,0
DA:518,0
DA:519,0
DA:520,0
DA:527,0
DA:547,0
DA:553,0
DA:628,0
DA:704,0
DA:859,0
DA:938,0
DA:1080,0
DA:1081,0
DA:1082,0
DA:1083,0
DA:1084,0
DA:1085,0
DA:1086,0
DA:1087,0
DA:1088,0
DA:1089,0
DA:1090,0
DA:1091,0
DA:1092,0
DA:1093,0
DA:1094,0
DA:1095,0
DA:1098,0
DA:1099,0
DA:1100,0
DA:1101,0
DA:1102,0
DA:1105,0
DA:1106,0
DA:1107,0
DA:1108,0
DA:1109,0
DA:1111,0
DA:1115,0
DA:1116,0
DA:1117,0
DA:1121,0
DA:1122,0
DA:1123,0
DA:1124,0
DA:1127,0
DA:1128,0
DA:1129,0
DA:1131,0
DA:1138,0
DA:1139,0
DA:1140,0
DA:1141,0
DA:1144,0
DA:1145,0
DA:1146,0
DA:1149,0
DA:1151,0
DA:1152,0
DA:1155,0
DA:1156,0
DA:1159,0
DA:1164,0
DA:1165,0
DA:1166,0
DA:1171,0
DA:1172,0
DA:1173,0
DA:1178,0
DA:1179,0
DA:1180,0
DA:1182,0
DA:1183,0
DA:1184,0
DA:1186,0
DA:1188,0
DA:1193,0
DA:1195,0
DA:1197,0
DA:1198,0
DA:1201,0
DA:1202,0
DA:1208,0
DA:1209,0
DA:1211,0
DA:1212,0
DA:1213,0
DA:1214,0
DA:1216,0
DA:1218,0
DA:1220,0
DA:1221,0
DA:1225,0
DA:1226,0
DA:1229,0
DA:1230,0
DA:1231,0
DA:1238,0
DA:1239,0
DA:1241,0
DA:1243,0
DA:1245,0
DA:1247,0
DA:1251,0
DA:1252,0
DA:1253,0
DA:1256,0
DA:1257,0
DA:1258,0
DA:1261,0
DA:1263,0
DA:1264,0
DA:1265,0
DA:1269,0
DA:1270,0
DA:1272,0
DA:1273,0
DA:1277,0
DA:1283,0
DA:1284,0
DA:1285,0
DA:1288,0
DA:1291,0
DA:1294,0
DA:1305,0
DA:1306,0
DA:1307,0
DA:1310,0
DA:1311,0
DA:1312,0
DA:1317,0
DA:1319,0
DA:1321,0
DA:1322,0
DA:1324,0
DA:1325,0
DA:1330,0
DA:1331,0
DA:1332,0
DA:1333,0
DA:1337,0
DA:1338,0
DA:1339,0
DA:1340,0
DA:1344,0
DA:1348,0
DA:1349,0
DA:1350,0
DA:1353,0
DA:1355,0
DA:1361,0
DA:1369,0
DA:1370,0
DA:1371,0
DA:1374,0
DA:1375,0
DA:1379,0
DA:1381,0
DA:1383,0
DA:1384,0
DA:1385,0
DA:1386,0
DA:1391,0
DA:1392,0
DA:1393,0
DA:1394,0
DA:1398,0
DA:1399,0
DA:1400,0
DA:1401,0
DA:1405,0
DA:1406,0
DA:1408,0
DA:1410,0
DA:1413,0
DA:1424,0
DA:1425,0
DA:1426,0
DA:1429,0
DA:1430,0
DA:1435,0
DA:1437,0
DA:1442,0
DA:1443,0
DA:1485,0
DA:1563,0
DA:1564,0
DA:1576,0
DA:1585,0
DA:1595,0
DA:1601,0
DA:1653,0
DA:1661,0
DA:1670,0
DA:1708,0
LF:294
LH:0
BRDA:80,0,0,0
BRDA:80,0,1,0
BRDA:80,1,0,0
BRDA:80,1,1,0
BRDA:84,2,0,0
BRDA:84,2,1,0
BRDA:102,3,0,0
BRDA:102,3,1,0
BRDA:129,4,0,0
BRDA:129,4,1,0
BRDA:169,5,0,0
BRDA:169,5,1,0
BRDA:170,6,0,0
BRDA:170,6,1,0
BRDA:177,7,0,0
BRDA:177,7,1,0
BRDA:177,7,2,0
BRDA:188,8,0,0
BRDA:188,8,1,0
BRDA:193,9,0,0
BRDA:193,9,1,0
BRDA:193,9,2,0
BRDA:198,10,0,0
BRDA:198,10,1,0
BRDA:236,11,0,0
BRDA:236,11,1,0
BRDA:264,12,0,0
BRDA:264,12,1,0
BRDA:281,13,0,0
BRDA:281,13,1,0
BRDA:281,14,0,0
BRDA:281,14,1,0
BRDA:287,15,0,0
BRDA:287,15,1,0
BRDA:294,16,0,0
BRDA:294,16,1,0
BRDA:294,17,0,0
BRDA:294,17,1,0
BRDA:302,18,0,0
BRDA:302,18,1,0
BRDA:302,19,0,0
BRDA:302,19,1,0
BRDA:302,19,2,0
BRDA:310,20,0,0
BRDA:310,20,1,0
BRDA:310,21,0,0
BRDA:310,21,1,0
BRDA:310,21,2,0
BRDA:320,22,0,0
BRDA:320,22,1,0
BRDA:360,23,0,0
BRDA:360,23,1,0
BRDA:375,24,0,0
BRDA:375,24,1,0
BRDA:393,25,0,0
BRDA:393,25,1,0
BRDA:411,26,0,0
BRDA:411,26,1,0
BRDA:422,27,0,0
BRDA:422,27,1,0
BRDA:460,28,0,0
BRDA:460,28,1,0
BRDA:478,29,0,0
BRDA:478,29,1,0
BRDA:491,30,0,0
BRDA:491,30,1,0
BRDA:491,31,0,0
BRDA:491,31,1,0
BRDA:491,31,2,0
BRDA:503,32,0,0
BRDA:503,32,1,0
BRDA:508,33,0,0
BRDA:508,33,1,0
BRDA:508,34,0,0
BRDA:508,34,1,0
BRDA:518,35,0,0
BRDA:518,35,1,0
BRDA:522,36,0,0
BRDA:522,36,1,0
BRDA:551,37,0,0
BRDA:551,37,1,0
BRDA:558,38,0,0
BRDA:558,38,1,0
BRDA:562,39,0,0
BRDA:562,39,1,0
BRDA:569,40,0,0
BRDA:569,40,1,0
BRDA:569,40,2,0
BRDA:576,41,0,0
BRDA:576,41,1,0
BRDA:603,42,0,0
BRDA:603,42,1,0
BRDA:610,43,0,0
BRDA:610,43,1,0
BRDA:610,43,2,0
BRDA:610,43,3,0
BRDA:613,44,0,0
BRDA:613,44,1,0
BRDA:613,44,2,0
BRDA:613,44,3,0
BRDA:615,45,0,0
BRDA:615,45,1,0
BRDA:1083,46,0,0
BRDA:1083,46,1,0
BRDA:1107,47,0,0
BRDA:1107,47,1,0
BRDA:1122,48,0,0
BRDA:1122,48,1,0
BRDA:1122,49,0,0
BRDA:1122,49,1,0
BRDA:1138,50,0,0
BRDA:1138,50,1,0
BRDA:1138,51,0,0
BRDA:1138,51,1,0
BRDA:1151,52,0,0
BRDA:1151,52,1,0
BRDA:1151,53,0,0
BRDA:1151,53,1,0
BRDA:1165,54,0,0
BRDA:1165,54,1,0
BRDA:1165,55,0,0
BRDA:1165,55,1,0
BRDA:1165,55,2,0
BRDA:1172,56,0,0
BRDA:1172,56,1,0
BRDA:1179,57,0,0
BRDA:1179,57,1,0
BRDA:1179,58,0,0
BRDA:1179,58,1,0
BRDA:1179,58,2,0
BRDA:1179,58,3,0
BRDA:1180,59,0,0
BRDA:1180,59,1,0
BRDA:1197,60,0,0
BRDA:1197,60,1,0
BRDA:1197,61,0,0
BRDA:1197,61,1,0
BRDA:1197,61,2,0
BRDA:1209,62,0,0
BRDA:1209,62,1,0
BRDA:1213,63,0,0
BRDA:1213,63,1,0
BRDA:1213,64,0,0
BRDA:1213,64,1,0
BRDA:1239,65,0,0
BRDA:1239,65,1,0
BRDA:1239,65,2,0
BRDA:1239,65,3,0
BRDA:1283,66,0,0
BRDA:1283,66,1,0
BRDA:1283,67,0,0
BRDA:1283,67,1,0
BRDA:1305,68,0,0
BRDA:1305,68,1,0
BRDA:1312,69,0,0
BRDA:1312,69,1,0
BRDA:1348,70,0,0
BRDA:1348,70,1,0
BRDA:1348,71,0,0
BRDA:1348,71,1,0
BRDA:1369,72,0,0
BRDA:1369,72,1,0
BRDA:1374,73,0,0
BRDA:1374,73,1,0
BRDA:1406,74,0,0
BRDA:1406,74,1,0
BRDA:1406,75,0,0
BRDA:1406,75,1,0
BRDA:1424,76,0,0
BRDA:1424,76,1,0
BRDA:1429,77,0,0
BRDA:1429,77,1,0
BRDA:1563,78,0,0
BRDA:1563,78,1,0
BRDA:1563,79,0,0
BRDA:1563,79,1,0
BRDA:1599,80,0,0
BRDA:1599,80,1,0
BRDA:1605,81,0,0
BRDA:1605,81,1,0
BRDA:1614,82,0,0
BRDA:1614,82,1,0
BRDA:1632,83,0,0
BRDA:1632,83,1,0
BRDA:1640,84,0,0
BRDA:1640,84,1,0
BRDA:1645,85,0,0
BRDA:1645,85,1,0
BRDA:1647,86,0,0
BRDA:1647,86,1,0
BRF:190
BRH:0
end_of_record
TN:
SF:app\(tabs)\profile.tsx
FN:29,ProfileScreen
FN:41,(anonymous_1)
FN:51,(anonymous_2)
FN:68,(anonymous_3)
FN:84,(anonymous_4)
FN:92,(anonymous_5)
FN:99,(anonymous_6)
FN:145,(anonymous_7)
FN:157,(anonymous_8)
FN:221,MenuItem
FN:225,(anonymous_10)
FNF:11
FNH:0
FNDA:0,ProfileScreen
FNDA:0,(anonymous_1)
FNDA:0,(anonymous_2)
FNDA:0,(anonymous_3)
FNDA:0,(anonymous_4)
FNDA:0,(anonymous_5)
FNDA:0,(anonymous_6)
FNDA:0,(anonymous_7)
FNDA:0,(anonymous_8)
FNDA:0,MenuItem
FNDA:0,(anonymous_10)
DA:30,0
DA:31,0
DA:32,0
DA:33,0
DA:34,0
DA:35,0
DA:36,0
DA:37,0
DA:38,0
DA:41,0
DA:42,0
DA:43,0
DA:44,0
DA:45,0
DA:47,0
DA:51,0
DA:52,0
DA:54,0
DA:55,0
DA:56,0
DA:57,0
DA:59,0
DA:60,0
DA:62,0
DA:63,0
DA:68,0
DA:69,0
DA:70,0
DA:72,0
DA:73,0
DA:74,0
DA:75,0
DA:77,0
DA:79,0
DA:84,0
DA:85,0
DA:86,0
DA:91,0
DA:93,0
DA:95,0
DA:96,0
DA:99,0
DA:100,0
DA:106,0
DA:107,0
DA:115,0
DA:146,0
DA:147,0
DA:148,0
DA:157,0
DA:222,0
DA:224,0
DA:225,0
DA:238,0
LF:54
LH:0
BRDA:33,0,0,0
BRDA:33,0,1,0
BRDA:43,1,0,0
BRDA:43,1,1,0
BRDA:52,2,0,0
BRDA:52,2,1,0
BRDA:52,3,0,0
BRDA:52,3,1,0
BRDA:52,3,2,0
BRDA:69,4,0,0
BRDA:69,4,1,0
BRDA:69,5,0,0
BRDA:69,5,1,0
BRDA:69,5,2,0
BRDA:70,6,0,0
BRDA:70,6,1,0
BRDA:85,7,0,0
BRDA:85,7,1,0
BRDA:85,8,0,0
BRDA:85,8,1,0
BRDA:85,8,2,0
BRDA:85,8,3,0
BRDA:95,9,0,0
BRDA:95,9,1,0
BRDA:95,10,0,0
BRDA:95,10,1,0
BRDA:95,10,2,0
BRDA:95,10,3,0
BRDA:106,11,0,0
BRDA:106,11,1,0
BRDA:140,12,0,0
BRDA:140,12,1,0
BRDA:142,13,0,0
BRDA:142,13,1,0
BRDA:146,14,0,0
BRDA:146,14,1,0
BRF:36
BRH:0
end_of_record
TN:
SF:app\components\Header.tsx
FN:19,(anonymous_0)
FNF:1
FNH:0
FNDA:0,(anonymous_0)
DA:19,0
DA:25,0
DA:70,0
LF:3
LH:0
BRDA:20,0,0,0
BRDA:21,1,0,0
BRDA:33,2,0,0
BRDA:33,2,1,0
BRDA:51,3,0,0
BRDA:51,3,1,0
BRF:6
BRH:0
end_of_record
TN:
SF:app\context\userContext.jsx
FN:10,(anonymous_0)
FN:11,(anonymous_1)
FN:12,(anonymous_2)
FN:16,(anonymous_3)
FN:28,(anonymous_4)
FN:30,(anonymous_5)
FN:37,(anonymous_6)
FN:44,(anonymous_7)
FN:78,(anonymous_8)
FN:145,(anonymous_9)
FN:152,(anonymous_10)
FN:165,(anonymous_11)
FN:170,(anonymous_12)
FN:178,(anonymous_13)
FNF:14
FNH:0
FNDA:0,(anonymous_0)
FNDA:0,(anonymous_1)
FNDA:0,(anonymous_2)
FNDA:0,(anonymous_3)
FNDA:0,(anonymous_4)
FNDA:0,(anonymous_5)
FNDA:0,(anonymous_6)
FNDA:0,(anonymous_7)
FNDA:0,(anonymous_8)
FNDA:0,(anonymous_9)
FNDA:0,(anonymous_10)
FNDA:0,(anonymous_11)
FNDA:0,(anonymous_12)
FNDA:0,(anonymous_13)
DA:6,0
DA:16,0
DA:17,0
DA:18,0
DA:19,0
DA:20,0
DA:23,0
DA:24,0
DA:25,0
DA:28,0
DA:30,0
DA:31,0
DA:34,0
DA:37,0
DA:38,0
DA:39,0
DA:44,0
DA:45,0
DA:47,0
DA:48,0
DA:50,0
DA:52,0
DA:53,0
DA:55,0
DA:56,0
DA:57,0
DA:58,0
DA:59,0
DA:61,0
DA:63,0
DA:67,0
DA:68,0
DA:71,0
DA:72,0
DA:74,0
DA:78,0
DA:80,0
DA:81,0
DA:82,0
DA:86,0
DA:87,0
DA:88,0
DA:91,0
DA:92,0
DA:93,0
DA:95,0
DA:97,0
DA:99,0
DA:103,0
DA:106,0
DA:109,0
DA:110,0
DA:111,0
DA:112,0
DA:115,0
DA:124,0
DA:125,0
DA:126,0
DA:127,0
DA:129,0
DA:130,0
DA:134,0
DA:136,0
DA:141,0
DA:142,0
DA:145,0
DA:146,0
DA:147,0
DA:152,0
DA:153,0
DA:154,0
DA:155,0
DA:158,0
DA:159,0
DA:162,0
DA:166,0
DA:170,0
DA:171,0
DA:172,0
DA:175,0
DA:179,0
DA:183,0
DA:193,0
LF:83
LH:0
BRDA:38,0,0,0
BRDA:38,0,1,0
BRDA:47,1,0,0
BRDA:47,1,1,0
BRDA:55,2,0,0
BRDA:55,2,1,0
BRDA:55,3,0,0
BRDA:55,3,1,0
BRDA:80,4,0,0
BRDA:80,4,1,0
BRDA:86,5,0,0
BRDA:86,5,1,0
BRDA:97,6,0,0
BRDA:97,6,1,0
BRDA:110,7,0,0
BRDA:110,7,1,0
BRDA:124,8,0,0
BRDA:124,8,1,0
BRDA:125,9,0,0
BRDA:125,9,1,0
BRDA:127,10,0,0
BRDA:127,10,1,0
BRDA:127,11,0,0
BRDA:127,11,1,0
BRDA:134,12,0,0
BRDA:134,12,1,0
BRDA:153,13,0,0
BRDA:153,13,1,0
BRDA:153,14,0,0
BRDA:153,14,1,0
BRF:30
BRH:0
end_of_record
TN:
SF:components\Collapsible.tsx
FN:10,Collapsible
FN:18,(anonymous_1)
FN:18,(anonymous_2)
FNF:3
FNH:0
FNDA:0,Collapsible
FNDA:0,(anonymous_1)
FNDA:0,(anonymous_2)
DA:11,0
DA:12,0
DA:14,0
DA:18,0
DA:35,0
LF:5
LH:0
BRDA:12,0,0,0
BRDA:12,0,1,0
BRDA:24,1,0,0
BRDA:24,1,1,0
BRDA:25,2,0,0
BRDA:25,2,1,0
BRDA:30,3,0,0
BRDA:30,3,1,0
BRF:8
BRH:0
end_of_record
TN:
SF:components\ExternalLink.tsx
FN:8,ExternalLink
FN:14,(anonymous_1)
FNF:2
FNH:0
FNDA:0,ExternalLink
FNDA:0,(anonymous_1)
DA:9,0
DA:15,0
DA:17,0
DA:19,0
LF:4
LH:0
BRDA:15,0,0,0
BRDA:15,0,1,0
BRF:2
BRH:0
end_of_record
TN:
SF:components\HapticTab.tsx
FN:5,HapticTab
FN:9,(anonymous_1)
FNF:2
FNH:0
FNDA:0,HapticTab
FNDA:0,(anonymous_1)
DA:6,0
DA:10,0
DA:12,0
DA:14,0
LF:4
LH:0
BRDA:10,0,0,0
BRDA:10,0,1,0
BRF:2
BRH:0
end_of_record
TN:
SF:components\HelloWave.tsx
FN:13,HelloWave
FN:16,(anonymous_1)
FN:23,(anonymous_2)
FNF:3
FNH:0
FNDA:0,HelloWave
FNDA:0,(anonymous_1)
FNDA:0,(anonymous_2)
DA:14,0
DA:16,0
DA:17,0
DA:23,0
DA:27,0
DA:34,0
LF:6
LH:0
BRF:0
BRH:0
end_of_record
TN:
SF:components\ParallaxScrollView.tsx
FN:21,ParallaxScrollView
FN:30,(anonymous_1)
FNF:2
FNH:0
FNDA:0,ParallaxScrollView
FNDA:0,(anonymous_1)
DA:14,0
DA:26,0
DA:27,0
DA:28,0
DA:29,0
DA:30,0
DA:31,0
DA:47,0
DA:68,0
LF:9
LH:0
BRDA:26,0,0,0
BRDA:26,0,1,0
BRF:2
BRH:0
end_of_record
TN:
SF:components\ThemedText.tsx
FN:11,ThemedText
FNF:1
FNH:0
FNDA:0,ThemedText
DA:18,0
DA:20,0
DA:36,0
LF:3
LH:0
BRDA:15,0,0,0
BRDA:24,1,0,0
BRDA:24,1,1,0
BRDA:25,2,0,0
BRDA:25,2,1,0
BRDA:26,3,0,0
BRDA:26,3,1,0
BRDA:27,4,0,0
BRDA:27,4,1,0
BRDA:28,5,0,0
BRDA:28,5,1,0
BRF:11
BRH:0
end_of_record
TN:
SF:components\ThemedView.tsx
FN:10,ThemedView
FNF:1
FNH:0
FNDA:0,ThemedView
DA:11,0
DA:13,0
LF:2
LH:0
BRF:0
BRH:0
end_of_record
TN:
SF:components\ui\IconSymbol.ios.tsx
FN:4,IconSymbol
FNF:1
FNH:0
FNDA:0,IconSymbol
DA:17,0
LF:1
LH:0
BRDA:6,0,0,0
BRDA:9,1,0,0
BRF:2
BRH:0
end_of_record
TN:
SF:components\ui\IconSymbol.tsx
FN:30,IconSymbol
FNF:1
FNH:0
FNDA:0,IconSymbol
DA:9,0
DA:42,0
LF:2
LH:0
BRDA:32,0,0,0
BRF:1
BRH:0
end_of_record
TN:
SF:components\ui\TabBarBackground.ios.tsx
FN:6,BlurTabBarBackground
FN:18,useBottomTabOverflow
FNF:2
FNH:0
FNDA:0,BlurTabBarBackground
FNDA:0,useBottomTabOverflow
DA:7,0
DA:19,0
DA:20,0
DA:21,0
LF:4
LH:0
BRF:0
BRH:0
end_of_record
TN:
SF:components\ui\TabBarBackground.tsx
FN:4,useBottomTabOverflow
FNF:1
FNH:0
FNDA:0,useBottomTabOverflow
DA:5,0
LF:1
LH:0
BRF:0
BRH:0
end_of_record
